<?xml version="1.0" encoding="UTF-8"?>
<testsuite name="kr.gracelove.jojoldu.springboot.domain.posts.PostsRepositoryTest" tests="2" skipped="0" failures="0" errors="0" timestamp="2019-12-07T04:56:32" hostname="govlmo91ui-MacBookPro.local" time="0.045">
  <properties/>
  <testcase name="게시글_저장_불러오기" classname="kr.gracelove.jojoldu.springboot.domain.posts.PostsRepositoryTest" time="0.028"/>
  <testcase name="BaseTimeEntity_등록" classname="kr.gracelove.jojoldu.springboot.domain.posts.PostsRepositoryTest" time="0.016"/>
  <system-out><![CDATA[2019-12-07 13:56:32.498 DEBUG 15190 --- [    Test worker] o.s.t.c.junit4.SpringJUnit4ClassRunner   : SpringJUnit4ClassRunner constructor called with [class kr.gracelove.jojoldu.springboot.domain.posts.PostsRepositoryTest]
2019-12-07 13:56:32.498 DEBUG 15190 --- [    Test worker] o.s.test.context.BootstrapUtils          : Instantiating CacheAwareContextLoaderDelegate from class [org.springframework.test.context.cache.DefaultCacheAwareContextLoaderDelegate]
2019-12-07 13:56:32.498 DEBUG 15190 --- [    Test worker] o.s.test.context.BootstrapUtils          : Instantiating BootstrapContext using constructor [public org.springframework.test.context.support.DefaultBootstrapContext(java.lang.Class,org.springframework.test.context.CacheAwareContextLoaderDelegate)]
2019-12-07 13:56:32.500 DEBUG 15190 --- [    Test worker] o.s.test.context.BootstrapUtils          : Instantiating TestContextBootstrapper for test class [kr.gracelove.jojoldu.springboot.domain.posts.PostsRepositoryTest] from class [org.springframework.boot.test.autoconfigure.orm.jpa.DataJpaTestContextBootstrapper]
2019-12-07 13:56:32.500  INFO 15190 --- [    Test worker] b.t.a.o.j.DataJpaTestContextBootstrapper : Neither @ContextConfiguration nor @ContextHierarchy found for test class [kr.gracelove.jojoldu.springboot.domain.posts.PostsRepositoryTest], using SpringBootContextLoader
2019-12-07 13:56:32.501 DEBUG 15190 --- [    Test worker] o.s.t.c.support.AbstractContextLoader    : Did not detect default resource location for test class [kr.gracelove.jojoldu.springboot.domain.posts.PostsRepositoryTest]: class path resource [kr/gracelove/jojoldu/springboot/domain/posts/PostsRepositoryTest-context.xml] does not exist
2019-12-07 13:56:32.501 DEBUG 15190 --- [    Test worker] o.s.t.c.support.AbstractContextLoader    : Did not detect default resource location for test class [kr.gracelove.jojoldu.springboot.domain.posts.PostsRepositoryTest]: class path resource [kr/gracelove/jojoldu/springboot/domain/posts/PostsRepositoryTestContext.groovy] does not exist
2019-12-07 13:56:32.501  INFO 15190 --- [    Test worker] o.s.t.c.support.AbstractContextLoader    : Could not detect default resource locations for test class [kr.gracelove.jojoldu.springboot.domain.posts.PostsRepositoryTest]: no resource found for suffixes {-context.xml, Context.groovy}.
2019-12-07 13:56:32.501  INFO 15190 --- [    Test worker] t.c.s.AnnotationConfigContextLoaderUtils : Could not detect default configuration classes for test class [kr.gracelove.jojoldu.springboot.domain.posts.PostsRepositoryTest]: PostsRepositoryTest does not declare any static, non-private, non-final, nested classes annotated with @Configuration.
2019-12-07 13:56:32.521 DEBUG 15190 --- [    Test worker] o.s.t.c.support.ActiveProfilesUtils      : Could not find an 'annotation declaring class' for annotation type [org.springframework.test.context.ActiveProfiles] and class [kr.gracelove.jojoldu.springboot.domain.posts.PostsRepositoryTest]
2019-12-07 13:56:32.526 DEBUG 15190 --- [    Test worker] ssPathScanningCandidateComponentProvider : Identified candidate component class: file [/Users/govlmo91/IdeaProjects/jojoldubook/build/classes/java/main/kr/gracelove/jojoldu/springboot/Application.class]
2019-12-07 13:56:32.526  INFO 15190 --- [    Test worker] .b.t.c.SpringBootTestContextBootstrapper : Found @SpringBootConfiguration kr.gracelove.jojoldu.springboot.Application for test class kr.gracelove.jojoldu.springboot.domain.posts.PostsRepositoryTest
2019-12-07 13:56:32.526 DEBUG 15190 --- [    Test worker] b.t.a.o.j.DataJpaTestContextBootstrapper : @TestExecutionListeners is not present for class [kr.gracelove.jojoldu.springboot.domain.posts.PostsRepositoryTest]: using defaults.
2019-12-07 13:56:32.526  INFO 15190 --- [    Test worker] b.t.a.o.j.DataJpaTestContextBootstrapper : Loaded default TestExecutionListener class names from location [META-INF/spring.factories]: [org.springframework.boot.test.autoconfigure.restdocs.RestDocsTestExecutionListener, org.springframework.boot.test.autoconfigure.web.client.MockRestServiceServerResetTestExecutionListener, org.springframework.boot.test.autoconfigure.web.servlet.MockMvcPrintOnlyOnFailureTestExecutionListener, org.springframework.boot.test.autoconfigure.web.servlet.WebDriverTestExecutionListener, org.springframework.boot.test.mock.mockito.MockitoTestExecutionListener, org.springframework.boot.test.mock.mockito.ResetMocksTestExecutionListener, org.springframework.test.context.web.ServletTestExecutionListener, org.springframework.test.context.support.DirtiesContextBeforeModesTestExecutionListener, org.springframework.test.context.support.DependencyInjectionTestExecutionListener, org.springframework.test.context.support.DirtiesContextTestExecutionListener, org.springframework.test.context.transaction.TransactionalTestExecutionListener, org.springframework.test.context.jdbc.SqlScriptsTestExecutionListener]
2019-12-07 13:56:32.527  INFO 15190 --- [    Test worker] b.t.a.o.j.DataJpaTestContextBootstrapper : Using TestExecutionListeners: [org.springframework.test.context.web.ServletTestExecutionListener@6f16de4d, org.springframework.test.context.support.DirtiesContextBeforeModesTestExecutionListener@a1e09a8, org.springframework.boot.test.mock.mockito.MockitoTestExecutionListener@2b9ef7bd, org.springframework.boot.test.autoconfigure.SpringBootDependencyInjectionTestExecutionListener@69298889, org.springframework.test.context.support.DirtiesContextTestExecutionListener@3014d757, org.springframework.test.context.transaction.TransactionalTestExecutionListener@4a3ddbb4, org.springframework.test.context.jdbc.SqlScriptsTestExecutionListener@16c2fe51, org.springframework.boot.test.autoconfigure.restdocs.RestDocsTestExecutionListener@338a51c0, org.springframework.boot.test.autoconfigure.web.client.MockRestServiceServerResetTestExecutionListener@25329689, org.springframework.boot.test.autoconfigure.web.servlet.MockMvcPrintOnlyOnFailureTestExecutionListener@1f609e0, org.springframework.boot.test.autoconfigure.web.servlet.WebDriverTestExecutionListener@c74ff9, org.springframework.boot.test.mock.mockito.ResetMocksTestExecutionListener@61a21a70]
2019-12-07 13:56:32.527 DEBUG 15190 --- [    Test worker] o.s.test.annotation.ProfileValueUtils    : Retrieved @ProfileValueSourceConfiguration [null] for test class [kr.gracelove.jojoldu.springboot.domain.posts.PostsRepositoryTest]
2019-12-07 13:56:32.527 DEBUG 15190 --- [    Test worker] o.s.test.annotation.ProfileValueUtils    : Retrieved ProfileValueSource type [class org.springframework.test.annotation.SystemProfileValueSource] for class [kr.gracelove.jojoldu.springboot.domain.posts.PostsRepositoryTest]
2019-12-07 13:56:32.527 DEBUG 15190 --- [    Test worker] o.s.test.annotation.ProfileValueUtils    : Retrieved @ProfileValueSourceConfiguration [null] for test class [kr.gracelove.jojoldu.springboot.domain.posts.PostsRepositoryTest]
2019-12-07 13:56:32.527 DEBUG 15190 --- [    Test worker] o.s.test.annotation.ProfileValueUtils    : Retrieved ProfileValueSource type [class org.springframework.test.annotation.SystemProfileValueSource] for class [kr.gracelove.jojoldu.springboot.domain.posts.PostsRepositoryTest]
2019-12-07 13:56:32.527 DEBUG 15190 --- [    Test worker] tractDirtiesContextTestExecutionListener : Before test class: context [DefaultTestContext@50954e13 testClass = PostsRepositoryTest, testInstance = [null], testMethod = [null], testException = [null], mergedContextConfiguration = [MergedContextConfiguration@619de4e8 testClass = PostsRepositoryTest, locations = '{}', classes = '{class kr.gracelove.jojoldu.springboot.Application}', contextInitializerClasses = '[]', activeProfiles = '{}', propertySourceLocations = '{}', propertySourceProperties = '{org.springframework.boot.test.autoconfigure.orm.jpa.DataJpaTestContextBootstrapper=true}', contextCustomizers = set[org.springframework.boot.test.autoconfigure.OverrideAutoConfigurationContextCustomizerFactory$DisableAutoConfigurationContextCustomizer@29891e1c, org.springframework.boot.test.autoconfigure.filter.TypeExcludeFiltersContextCustomizer@351584c0, org.springframework.boot.test.autoconfigure.properties.PropertyMappingContextCustomizer@558d0b83, org.springframework.boot.test.autoconfigure.web.servlet.WebDriverContextCustomizerFactory$Customizer@4e536a8f, [ImportsContextCustomizer@5b1fd7a5 key = [org.springframework.boot.autoconfigure.cache.CacheAutoConfiguration, org.springframework.boot.autoconfigure.data.jpa.JpaRepositoriesAutoConfiguration, org.springframework.boot.autoconfigure.flyway.FlywayAutoConfiguration, org.springframework.boot.autoconfigure.jdbc.DataSourceAutoConfiguration, org.springframework.boot.autoconfigure.jdbc.DataSourceTransactionManagerAutoConfiguration, org.springframework.boot.autoconfigure.jdbc.JdbcTemplateAutoConfiguration, org.springframework.boot.autoconfigure.liquibase.LiquibaseAutoConfiguration, org.springframework.boot.autoconfigure.orm.jpa.HibernateJpaAutoConfiguration, org.springframework.boot.autoconfigure.transaction.TransactionAutoConfiguration, org.springframework.boot.test.autoconfigure.jdbc.TestDatabaseAutoConfiguration, org.springframework.boot.test.autoconfigure.orm.jpa.TestEntityManagerAutoConfiguration]], org.springframework.boot.test.context.filter.ExcludeFilterContextCustomizer@1bdccf26, org.springframework.boot.test.json.DuplicateJsonObjectContextCustomizerFactory$DuplicateJsonObjectContextCustomizer@640f81a4, org.springframework.boot.test.mock.mockito.MockitoContextCustomizer@0], contextLoader = 'org.springframework.boot.test.context.SpringBootContextLoader', parent = [null]], attributes = map[[empty]]], class annotated with @DirtiesContext [false] with mode [null].
2019-12-07 13:56:32.527 DEBUG 15190 --- [    Test worker] o.s.test.annotation.ProfileValueUtils    : Retrieved @ProfileValueSourceConfiguration [null] for test class [kr.gracelove.jojoldu.springboot.domain.posts.PostsRepositoryTest]
2019-12-07 13:56:32.527 DEBUG 15190 --- [    Test worker] o.s.test.annotation.ProfileValueUtils    : Retrieved ProfileValueSource type [class org.springframework.test.annotation.SystemProfileValueSource] for class [kr.gracelove.jojoldu.springboot.domain.posts.PostsRepositoryTest]
2019-12-07 13:56:32.528 DEBUG 15190 --- [    Test worker] DependencyInjectionTestExecutionListener : Performing dependency injection for test context [[DefaultTestContext@50954e13 testClass = PostsRepositoryTest, testInstance = kr.gracelove.jojoldu.springboot.domain.posts.PostsRepositoryTest@2a1f372c, testMethod = [null], testException = [null], mergedContextConfiguration = [MergedContextConfiguration@619de4e8 testClass = PostsRepositoryTest, locations = '{}', classes = '{class kr.gracelove.jojoldu.springboot.Application}', contextInitializerClasses = '[]', activeProfiles = '{}', propertySourceLocations = '{}', propertySourceProperties = '{org.springframework.boot.test.autoconfigure.orm.jpa.DataJpaTestContextBootstrapper=true}', contextCustomizers = set[org.springframework.boot.test.autoconfigure.OverrideAutoConfigurationContextCustomizerFactory$DisableAutoConfigurationContextCustomizer@29891e1c, org.springframework.boot.test.autoconfigure.filter.TypeExcludeFiltersContextCustomizer@351584c0, org.springframework.boot.test.autoconfigure.properties.PropertyMappingContextCustomizer@558d0b83, org.springframework.boot.test.autoconfigure.web.servlet.WebDriverContextCustomizerFactory$Customizer@4e536a8f, [ImportsContextCustomizer@5b1fd7a5 key = [org.springframework.boot.autoconfigure.cache.CacheAutoConfiguration, org.springframework.boot.autoconfigure.data.jpa.JpaRepositoriesAutoConfiguration, org.springframework.boot.autoconfigure.flyway.FlywayAutoConfiguration, org.springframework.boot.autoconfigure.jdbc.DataSourceAutoConfiguration, org.springframework.boot.autoconfigure.jdbc.DataSourceTransactionManagerAutoConfiguration, org.springframework.boot.autoconfigure.jdbc.JdbcTemplateAutoConfiguration, org.springframework.boot.autoconfigure.liquibase.LiquibaseAutoConfiguration, org.springframework.boot.autoconfigure.orm.jpa.HibernateJpaAutoConfiguration, org.springframework.boot.autoconfigure.transaction.TransactionAutoConfiguration, org.springframework.boot.test.autoconfigure.jdbc.TestDatabaseAutoConfiguration, org.springframework.boot.test.autoconfigure.orm.jpa.TestEntityManagerAutoConfiguration]], org.springframework.boot.test.context.filter.ExcludeFilterContextCustomizer@1bdccf26, org.springframework.boot.test.json.DuplicateJsonObjectContextCustomizerFactory$DuplicateJsonObjectContextCustomizer@640f81a4, org.springframework.boot.test.mock.mockito.MockitoContextCustomizer@0], contextLoader = 'org.springframework.boot.test.context.SpringBootContextLoader', parent = [null]], attributes = map[[empty]]]].
2019-12-07 13:56:32.529 DEBUG 15190 --- [    Test worker] o.s.t.c.support.TestPropertySourceUtils  : Adding inlined properties to environment: {spring.jmx.enabled=false, org.springframework.boot.test.autoconfigure.orm.jpa.DataJpaTestContextBootstrapper=true, server.port=-1}
2019-12-07 13:56:32.530 DEBUG 15190 --- [    Test worker] o.s.core.env.StandardEnvironment         : Activating profiles []
2019-12-07 13:56:32.535 DEBUG 15190 --- [    Test worker] o.s.core.env.StandardEnvironment         : Activating profile 'oauth'
2019-12-07 13:56:32.546 DEBUG 15190 --- [    Test worker] o.s.core.env.StandardEnvironment         : Activating profiles [oauth]
2019-12-07 13:56:32.553 DEBUG 15190 --- [    Test worker] .c.l.ClasspathLoggingApplicationListener : Application started with classpath: unknown

  .   ____          _            __ _ _
 /\\ / ___'_ __ _ _(_)_ __  __ _ \ \ \ \
( ( )\___ | '_ | '_| | '_ \/ _` | \ \ \ \
 \\/  ___)| |_)| | | | | || (_| |  ) ) ) )
  '  |____| .__|_| |_|_| |_\__, | / / / /
 =========|_|==============|___/=/_/_/_/
 :: Spring Boot ::        (v2.1.7.RELEASE)

2019-12-07 13:56:32.561  INFO 15190 --- [    Test worker] k.g.j.s.d.posts.PostsRepositoryTest      : Starting PostsRepositoryTest on govlmo91ui-MacBookPro.local with PID 15190 (started by govlmo91 in /Users/govlmo91/IdeaProjects/jojoldubook)
2019-12-07 13:56:32.561 DEBUG 15190 --- [    Test worker] k.g.j.s.d.posts.PostsRepositoryTest      : Running with Spring Boot v2.1.7.RELEASE, Spring v5.1.9.RELEASE
2019-12-07 13:56:32.562  INFO 15190 --- [    Test worker] k.g.j.s.d.posts.PostsRepositoryTest      : The following profiles are active: oauth
2019-12-07 13:56:32.562 DEBUG 15190 --- [    Test worker] o.s.boot.SpringApplication               : Loading source class kr.gracelove.jojoldu.springboot.Application
2019-12-07 13:56:32.563 DEBUG 15190 --- [    Test worker] o.s.b.c.c.ConfigFileApplicationListener  : Loaded config file 'file:/Users/govlmo91/IdeaProjects/jojoldubook/build/resources/main/application.properties' (classpath:/application.properties)
2019-12-07 13:56:32.563 DEBUG 15190 --- [    Test worker] o.s.b.c.c.ConfigFileApplicationListener  : Loaded config file 'file:/Users/govlmo91/IdeaProjects/jojoldubook/build/resources/main/application-oauth.properties' (classpath:/application-oauth.properties) for profile oauth
2019-12-07 13:56:32.563 DEBUG 15190 --- [    Test worker] s.c.a.AnnotationConfigApplicationContext : Refreshing org.springframework.context.annotation.AnnotationConfigApplicationContext@524b7ab
2019-12-07 13:56:32.563 DEBUG 15190 --- [    Test worker] o.s.b.f.s.DefaultListableBeanFactory     : Creating shared instance of singleton bean 'org.springframework.context.annotation.internalConfigurationAnnotationProcessor'
2019-12-07 13:56:32.564 DEBUG 15190 --- [    Test worker] o.s.b.f.s.DefaultListableBeanFactory     : Creating shared instance of singleton bean 'org.springframework.boot.autoconfigure.internalCachingMetadataReaderFactory'
2019-12-07 13:56:32.596 DEBUG 15190 --- [    Test worker] o.s.c.e.PropertySourcesPropertyResolver  : Found key 'spring.boot.enableautoconfiguration' in PropertySource 'configurationProperties' with value of type String
2019-12-07 13:56:32.606 DEBUG 15190 --- [    Test worker] o.s.c.e.PropertySourcesPropertyResolver  : Found key 'spring.jmx.enabled' in PropertySource 'configurationProperties' with value of type String
2019-12-07 13:56:32.632 DEBUG 15190 --- [    Test worker] o.s.b.f.s.DefaultListableBeanFactory     : Creating shared instance of singleton bean 'org.springframework.boot.autoconfigure.condition.BeanTypeRegistry'
2019-12-07 13:56:32.641  INFO 15190 --- [    Test worker] .s.d.r.c.RepositoryConfigurationDelegate : Bootstrapping Spring Data repositories in DEFAULT mode.
2019-12-07 13:56:32.641 DEBUG 15190 --- [    Test worker] o.s.b.f.s.DefaultListableBeanFactory     : Creating shared instance of singleton bean 'org.springframework.boot.autoconfigure.AutoConfigurationPackages'
2019-12-07 13:56:32.641 DEBUG 15190 --- [    Test worker] o.s.b.a.AutoConfigurationPackages        : @EnableAutoConfiguration was declared on a class in the package 'kr.gracelove.jojoldu.springboot'. Automatic @Repository and @Entity scanning is enabled.
2019-12-07 13:56:32.641 DEBUG 15190 --- [    Test worker] .s.d.r.c.RepositoryConfigurationDelegate : Scanning for repositories in packages kr.gracelove.jojoldu.springboot.
2019-12-07 13:56:32.648 DEBUG 15190 --- [    Test worker] o.s.d.r.c.RepositoryComponentProvider    : Identified candidate component class: file [/Users/govlmo91/IdeaProjects/jojoldubook/build/classes/java/main/kr/gracelove/jojoldu/springboot/domain/posts/PostsRepository.class]
2019-12-07 13:56:32.649 DEBUG 15190 --- [    Test worker] o.s.d.r.c.RepositoryComponentProvider    : Identified candidate component class: file [/Users/govlmo91/IdeaProjects/jojoldubook/build/classes/java/main/kr/gracelove/jojoldu/springboot/domain/user/UserRepository.class]
2019-12-07 13:56:32.658  INFO 15190 --- [    Test worker] .s.d.r.c.RepositoryConfigurationDelegate : Finished Spring Data repository scanning in 17ms. Found 2 repository interfaces.
2019-12-07 13:56:32.665 DEBUG 15190 --- [    Test worker] o.s.b.f.s.DefaultListableBeanFactory     : Creating shared instance of singleton bean 'org.springframework.boot.test.context.ImportsContextCustomizer$ImportsCleanupPostProcessor'
2019-12-07 13:56:32.665 DEBUG 15190 --- [    Test worker] o.s.b.f.s.DefaultListableBeanFactory     : Creating shared instance of singleton bean 'embeddedDataSourceBeanFactoryPostProcessor'
2019-12-07 13:56:32.667  INFO 15190 --- [    Test worker] beddedDataSourceBeanFactoryPostProcessor : Replacing 'dataSource' DataSource bean with embedded version
2019-12-07 13:56:32.671 DEBUG 15190 --- [    Test worker] o.s.b.f.s.DefaultListableBeanFactory     : Creating shared instance of singleton bean 'org.springframework.boot.test.mock.mockito.MockitoPostProcessor'
2019-12-07 13:56:32.672 DEBUG 15190 --- [    Test worker] o.s.b.f.s.DefaultListableBeanFactory     : Creating shared instance of singleton bean 'emBeanDefinitionRegistrarPostProcessor'
2019-12-07 13:56:32.675 DEBUG 15190 --- [    Test worker] o.s.b.f.s.DefaultListableBeanFactory     : Creating shared instance of singleton bean 'org.springframework.context.event.internalEventListenerProcessor'
2019-12-07 13:56:32.675 DEBUG 15190 --- [    Test worker] o.s.b.f.s.DefaultListableBeanFactory     : Creating shared instance of singleton bean 'org.springframework.data.jpa.domain.support.AuditingBeanFactoryPostProcessor'
2019-12-07 13:56:32.675 DEBUG 15190 --- [    Test worker] o.s.b.f.s.DefaultListableBeanFactory     : Creating shared instance of singleton bean 'org.springframework.boot.context.properties.ConfigurationBeanFactoryMetadata'
2019-12-07 13:56:32.675 DEBUG 15190 --- [    Test worker] o.s.b.f.s.DefaultListableBeanFactory     : Creating shared instance of singleton bean 'org.springframework.context.event.internalEventListenerFactory'
2019-12-07 13:56:32.675 DEBUG 15190 --- [    Test worker] o.s.b.f.s.DefaultListableBeanFactory     : Creating shared instance of singleton bean 'org.springframework.transaction.config.internalTransactionalEventListenerFactory'
2019-12-07 13:56:32.677 DEBUG 15190 --- [    Test worker] o.s.b.f.s.DefaultListableBeanFactory     : Creating shared instance of singleton bean 'org.springframework.context.annotation.internalAutowiredAnnotationProcessor'
2019-12-07 13:56:32.677 DEBUG 15190 --- [    Test worker] o.s.b.f.s.DefaultListableBeanFactory     : Creating shared instance of singleton bean 'org.springframework.context.annotation.internalCommonAnnotationProcessor'
2019-12-07 13:56:32.677 DEBUG 15190 --- [    Test worker] o.s.b.f.s.DefaultListableBeanFactory     : Creating shared instance of singleton bean 'org.springframework.context.annotation.internalPersistenceAnnotationProcessor'
2019-12-07 13:56:32.677 DEBUG 15190 --- [    Test worker] o.s.b.f.s.DefaultListableBeanFactory     : Creating shared instance of singleton bean 'org.springframework.boot.test.mock.mockito.MockitoPostProcessor$SpyPostProcessor'
2019-12-07 13:56:32.677 DEBUG 15190 --- [    Test worker] o.s.b.f.s.DefaultListableBeanFactory     : Creating shared instance of singleton bean 'org.springframework.boot.context.properties.ConfigurationPropertiesBindingPostProcessor'
2019-12-07 13:56:32.678 DEBUG 15190 --- [    Test worker] o.s.b.f.s.DefaultListableBeanFactory     : Creating shared instance of singleton bean 'dataSourceInitializerPostProcessor'
2019-12-07 13:56:32.681 DEBUG 15190 --- [    Test worker] o.s.b.f.s.DefaultListableBeanFactory     : Creating shared instance of singleton bean 'org.springframework.aop.config.internalAutoProxyCreator'
2019-12-07 13:56:32.688 DEBUG 15190 --- [    Test worker] o.s.b.f.s.DefaultListableBeanFactory     : Creating shared instance of singleton bean 'dataSourceInitializedPublisher'
2019-12-07 13:56:32.690 DEBUG 15190 --- [    Test worker] o.s.b.f.s.DefaultListableBeanFactory     : Creating shared instance of singleton bean 'org.springframework.context.config.internalBeanConfigurerAspect'
2019-12-07 13:56:32.693 DEBUG 15190 --- [    Test worker] o.s.b.f.s.DefaultListableBeanFactory     : Creating shared instance of singleton bean 'org.springframework.transaction.config.internalTransactionAdvisor'
2019-12-07 13:56:32.693 DEBUG 15190 --- [    Test worker] o.s.b.f.s.DefaultListableBeanFactory     : Creating shared instance of singleton bean 'org.springframework.transaction.annotation.ProxyTransactionManagementConfiguration'
2019-12-07 13:56:32.698 DEBUG 15190 --- [    Test worker] o.s.b.f.s.DefaultListableBeanFactory     : Creating shared instance of singleton bean 'transactionAttributeSource'
2019-12-07 13:56:32.700 DEBUG 15190 --- [    Test worker] o.s.b.f.s.DefaultListableBeanFactory     : Creating shared instance of singleton bean 'transactionInterceptor'
2019-12-07 13:56:32.707 DEBUG 15190 --- [    Test worker] o.s.b.f.s.DefaultListableBeanFactory     : Creating shared instance of singleton bean 'entityManagerFactory'
2019-12-07 13:56:32.707 DEBUG 15190 --- [    Test worker] o.s.b.f.s.DefaultListableBeanFactory     : Creating shared instance of singleton bean 'org.springframework.boot.autoconfigure.orm.jpa.HibernateJpaConfiguration'
2019-12-07 13:56:32.708 DEBUG 15190 --- [    Test worker] ocalVariableTableParameterNameDiscoverer : Cannot find '.class' file for class [class org.springframework.boot.autoconfigure.orm.jpa.HibernateJpaConfiguration$$EnhancerBySpringCGLIB$$21866fd4] - unable to determine constructor/method parameter names
2019-12-07 13:56:32.708 DEBUG 15190 --- [    Test worker] o.s.b.f.s.DefaultListableBeanFactory     : Creating shared instance of singleton bean 'dataSource'
2019-12-07 13:56:32.711 DEBUG 15190 --- [    Test worker] o.s.c.e.PropertySourcesPropertyResolver  : Found key 'spring.test.database.connection' in PropertySource 'Annotations' with value of type EmbeddedDatabaseConnection
2019-12-07 13:56:32.717  INFO 15190 --- [    Test worker] o.s.j.d.e.EmbeddedDatabaseFactory        : Starting embedded database: url='jdbc:h2:mem:715a69aa-c0a9-45d6-a328-8d71f3b1764c;DB_CLOSE_DELAY=-1;DB_CLOSE_ON_EXIT=false', username='sa'
2019-12-07 13:56:32.717 DEBUG 15190 --- [    Test worker] o.s.jdbc.datasource.DataSourceUtils      : Fetching JDBC Connection from DataSource
2019-12-07 13:56:32.717 DEBUG 15190 --- [    Test worker] o.s.j.datasource.SimpleDriverDataSource  : Creating new JDBC Driver Connection to [jdbc:h2:mem:715a69aa-c0a9-45d6-a328-8d71f3b1764c;DB_CLOSE_DELAY=-1;DB_CLOSE_ON_EXIT=false]
2019-12-07 13:56:32.721 DEBUG 15190 --- [    Test worker] o.s.b.f.s.DefaultListableBeanFactory     : Creating shared instance of singleton bean 'org.springframework.boot.autoconfigure.jdbc.DataSourceInitializerInvoker'
2019-12-07 13:56:32.721 DEBUG 15190 --- [    Test worker] o.s.b.f.s.DefaultListableBeanFactory     : Creating shared instance of singleton bean 'spring.datasource-org.springframework.boot.autoconfigure.jdbc.DataSourceProperties'
2019-12-07 13:56:32.727 DEBUG 15190 --- [    Test worker] o.s.b.f.s.DefaultListableBeanFactory     : Autowiring by type from bean name 'org.springframework.boot.autoconfigure.jdbc.DataSourceInitializerInvoker' via constructor to bean named 'spring.datasource-org.springframework.boot.autoconfigure.jdbc.DataSourceProperties'
2019-12-07 13:56:32.727 DEBUG 15190 --- [    Test worker] o.s.b.f.s.DefaultListableBeanFactory     : Autowiring by type from bean name 'org.springframework.boot.autoconfigure.jdbc.DataSourceInitializerInvoker' via constructor to bean named 'org.springframework.context.annotation.AnnotationConfigApplicationContext@524b7ab'
2019-12-07 13:56:32.731 DEBUG 15190 --- [    Test worker] o.s.b.f.s.DefaultListableBeanFactory     : Creating shared instance of singleton bean 'spring.jpa-org.springframework.boot.autoconfigure.orm.jpa.JpaProperties'
2019-12-07 13:56:32.736 DEBUG 15190 --- [    Test worker] o.s.b.f.s.DefaultListableBeanFactory     : Creating shared instance of singleton bean 'spring.jpa.hibernate-org.springframework.boot.autoconfigure.orm.jpa.HibernateProperties'
2019-12-07 13:56:32.737 DEBUG 15190 --- [    Test worker] o.s.b.f.s.DefaultListableBeanFactory     : Autowiring by type from bean name 'org.springframework.boot.autoconfigure.orm.jpa.HibernateJpaConfiguration' via constructor to bean named 'dataSource'
2019-12-07 13:56:32.737 DEBUG 15190 --- [    Test worker] o.s.b.f.s.DefaultListableBeanFactory     : Autowiring by type from bean name 'org.springframework.boot.autoconfigure.orm.jpa.HibernateJpaConfiguration' via constructor to bean named 'spring.jpa-org.springframework.boot.autoconfigure.orm.jpa.JpaProperties'
2019-12-07 13:56:32.737 DEBUG 15190 --- [    Test worker] o.s.b.f.s.DefaultListableBeanFactory     : Autowiring by type from bean name 'org.springframework.boot.autoconfigure.orm.jpa.HibernateJpaConfiguration' via constructor to bean named 'org.springframework.beans.factory.support.DefaultListableBeanFactory@77f14ddf'
2019-12-07 13:56:32.737 DEBUG 15190 --- [    Test worker] o.s.b.f.s.DefaultListableBeanFactory     : Autowiring by type from bean name 'org.springframework.boot.autoconfigure.orm.jpa.HibernateJpaConfiguration' via constructor to bean named 'spring.jpa.hibernate-org.springframework.boot.autoconfigure.orm.jpa.HibernateProperties'
2019-12-07 13:56:32.738 DEBUG 15190 --- [    Test worker] o.s.b.f.s.DefaultListableBeanFactory     : Creating shared instance of singleton bean 'platformTransactionManagerCustomizers'
2019-12-07 13:56:32.738 DEBUG 15190 --- [    Test worker] o.s.b.f.s.DefaultListableBeanFactory     : Creating shared instance of singleton bean 'org.springframework.boot.autoconfigure.transaction.TransactionAutoConfiguration'
2019-12-07 13:56:32.742 DEBUG 15190 --- [    Test worker] o.s.b.f.s.DefaultListableBeanFactory     : Creating shared instance of singleton bean 'spring.transaction-org.springframework.boot.autoconfigure.transaction.TransactionProperties'
2019-12-07 13:56:32.745 DEBUG 15190 --- [    Test worker] o.s.b.f.s.DefaultListableBeanFactory     : Creating shared instance of singleton bean 'hikariPoolDataSourceMetadataProvider'
2019-12-07 13:56:32.745 DEBUG 15190 --- [    Test worker] o.s.b.f.s.DefaultListableBeanFactory     : Creating shared instance of singleton bean 'org.springframework.boot.autoconfigure.jdbc.metadata.DataSourcePoolMetadataProvidersConfiguration$HikariPoolDataSourceMetadataProviderConfiguration'
2019-12-07 13:56:32.753 DEBUG 15190 --- [    Test worker] o.s.b.f.s.DefaultListableBeanFactory     : Creating shared instance of singleton bean 'entityManagerFactoryBuilder'
2019-12-07 13:56:32.754 DEBUG 15190 --- [    Test worker] o.s.b.f.s.DefaultListableBeanFactory     : Creating shared instance of singleton bean 'jpaVendorAdapter'
2019-12-07 13:56:32.754 DEBUG 15190 --- [    Test worker] o.s.jdbc.datasource.DataSourceUtils      : Fetching JDBC Connection from DataSource
2019-12-07 13:56:32.754 DEBUG 15190 --- [    Test worker] o.s.j.datasource.SimpleDriverDataSource  : Creating new JDBC Driver Connection to [jdbc:h2:mem:715a69aa-c0a9-45d6-a328-8d71f3b1764c;DB_CLOSE_DELAY=-1;DB_CLOSE_ON_EXIT=false]
2019-12-07 13:56:32.757 DEBUG 15190 --- [    Test worker] o.s.b.f.s.DefaultListableBeanFactory     : Autowiring by type from bean name 'entityManagerFactoryBuilder' via factory method to bean named 'jpaVendorAdapter'
2019-12-07 13:56:32.759 DEBUG 15190 --- [    Test worker] o.s.b.f.s.DefaultListableBeanFactory     : Autowiring by type from bean name 'entityManagerFactory' via factory method to bean named 'entityManagerFactoryBuilder'
2019-12-07 13:56:32.759 DEBUG 15190 --- [    Test worker] o.s.jdbc.datasource.DataSourceUtils      : Fetching JDBC Connection from DataSource
2019-12-07 13:56:32.759 DEBUG 15190 --- [    Test worker] o.s.j.datasource.SimpleDriverDataSource  : Creating new JDBC Driver Connection to [jdbc:h2:mem:715a69aa-c0a9-45d6-a328-8d71f3b1764c;DB_CLOSE_DELAY=-1;DB_CLOSE_ON_EXIT=false]
2019-12-07 13:56:32.772 DEBUG 15190 --- [    Test worker] j.LocalContainerEntityManagerFactoryBean : Building JPA container EntityManagerFactory for persistence unit 'default'
2019-12-07 13:56:32.772 DEBUG 15190 --- [    Test worker] o.hibernate.jpa.internal.util.LogHelper  : PersistenceUnitInfo [
	name: default
	persistence provider classname: null
	classloader: jdk.internal.loader.ClassLoaders$AppClassLoader@4b85612c
	excludeUnlistedClasses: true
	JTA datasource: null
	Non JTA datasource: org.springframework.jdbc.datasource.embedded.EmbeddedDatabaseFactory$EmbeddedDataSourceProxy@23bb7538
	Transaction type: RESOURCE_LOCAL
	PU root URL: file:/Users/govlmo91/IdeaProjects/jojoldubook/build/classes/java/test/
	Shared Cache Mode: UNSPECIFIED
	Validation Mode: AUTO
	Jar files URLs []
	Managed classes names [
		kr.gracelove.jojoldu.springboot.domain.BaseTimeEntity
		kr.gracelove.jojoldu.springboot.domain.posts.Posts
		kr.gracelove.jojoldu.springboot.domain.user.User]
	Mapping files names []
	Properties []
2019-12-07 13:56:32.772 DEBUG 15190 --- [    Test worker] o.h.i.internal.IntegratorServiceImpl     : Adding Integrator [org.hibernate.cfg.beanvalidation.BeanValidationIntegrator].
2019-12-07 13:56:32.772 DEBUG 15190 --- [    Test worker] o.h.i.internal.IntegratorServiceImpl     : Adding Integrator [org.hibernate.secure.spi.JaccIntegrator].
2019-12-07 13:56:32.772 DEBUG 15190 --- [    Test worker] o.h.i.internal.IntegratorServiceImpl     : Adding Integrator [org.hibernate.cache.internal.CollectionCacheInvalidator].
2019-12-07 13:56:32.773 DEBUG 15190 --- [    Test worker] o.hibernate.service.spi.ServiceBinding   : Overriding existing service binding [org.hibernate.secure.spi.JaccService]
2019-12-07 13:56:32.774 DEBUG 15190 --- [    Test worker] o.h.c.internal.RegionFactoryInitiator    : Cannot default RegionFactory based on registered strategies as `[]` RegionFactory strategies were registered
2019-12-07 13:56:32.774 DEBUG 15190 --- [    Test worker] o.h.c.internal.RegionFactoryInitiator    : Cache region factory : org.hibernate.cache.internal.NoCachingRegionFactory
2019-12-07 13:56:32.774 DEBUG 15190 --- [    Test worker] org.hibernate.type.BasicTypeRegistry     : Adding type registration boolean -> org.hibernate.type.BooleanType@72f99a7c
2019-12-07 13:56:32.774 DEBUG 15190 --- [    Test worker] org.hibernate.type.BasicTypeRegistry     : Adding type registration boolean -> org.hibernate.type.BooleanType@72f99a7c
2019-12-07 13:56:32.774 DEBUG 15190 --- [    Test worker] org.hibernate.type.BasicTypeRegistry     : Adding type registration java.lang.Boolean -> org.hibernate.type.BooleanType@72f99a7c
2019-12-07 13:56:32.774 DEBUG 15190 --- [    Test worker] org.hibernate.type.BasicTypeRegistry     : Adding type registration numeric_boolean -> org.hibernate.type.NumericBooleanType@6d336ebd
2019-12-07 13:56:32.774 DEBUG 15190 --- [    Test worker] org.hibernate.type.BasicTypeRegistry     : Adding type registration true_false -> org.hibernate.type.TrueFalseType@3f854e22
2019-12-07 13:56:32.774 DEBUG 15190 --- [    Test worker] org.hibernate.type.BasicTypeRegistry     : Adding type registration yes_no -> org.hibernate.type.YesNoType@1fdd7af9
2019-12-07 13:56:32.774 DEBUG 15190 --- [    Test worker] org.hibernate.type.BasicTypeRegistry     : Adding type registration byte -> org.hibernate.type.ByteType@390731c2
2019-12-07 13:56:32.774 DEBUG 15190 --- [    Test worker] org.hibernate.type.BasicTypeRegistry     : Adding type registration byte -> org.hibernate.type.ByteType@390731c2
2019-12-07 13:56:32.774 DEBUG 15190 --- [    Test worker] org.hibernate.type.BasicTypeRegistry     : Adding type registration java.lang.Byte -> org.hibernate.type.ByteType@390731c2
2019-12-07 13:56:32.774 DEBUG 15190 --- [    Test worker] org.hibernate.type.BasicTypeRegistry     : Adding type registration character -> org.hibernate.type.CharacterType@3fca4369
2019-12-07 13:56:32.774 DEBUG 15190 --- [    Test worker] org.hibernate.type.BasicTypeRegistry     : Adding type registration char -> org.hibernate.type.CharacterType@3fca4369
2019-12-07 13:56:32.774 DEBUG 15190 --- [    Test worker] org.hibernate.type.BasicTypeRegistry     : Adding type registration java.lang.Character -> org.hibernate.type.CharacterType@3fca4369
2019-12-07 13:56:32.774 DEBUG 15190 --- [    Test worker] org.hibernate.type.BasicTypeRegistry     : Adding type registration short -> org.hibernate.type.ShortType@7695b694
2019-12-07 13:56:32.774 DEBUG 15190 --- [    Test worker] org.hibernate.type.BasicTypeRegistry     : Adding type registration short -> org.hibernate.type.ShortType@7695b694
2019-12-07 13:56:32.774 DEBUG 15190 --- [    Test worker] org.hibernate.type.BasicTypeRegistry     : Adding type registration java.lang.Short -> org.hibernate.type.ShortType@7695b694
2019-12-07 13:56:32.774 DEBUG 15190 --- [    Test worker] org.hibernate.type.BasicTypeRegistry     : Adding type registration integer -> org.hibernate.type.IntegerType@2fa2038
2019-12-07 13:56:32.774 DEBUG 15190 --- [    Test worker] org.hibernate.type.BasicTypeRegistry     : Adding type registration int -> org.hibernate.type.IntegerType@2fa2038
2019-12-07 13:56:32.775 DEBUG 15190 --- [    Test worker] org.hibernate.type.BasicTypeRegistry     : Adding type registration java.lang.Integer -> org.hibernate.type.IntegerType@2fa2038
2019-12-07 13:56:32.775 DEBUG 15190 --- [    Test worker] org.hibernate.type.BasicTypeRegistry     : Adding type registration long -> org.hibernate.type.LongType@27b1e4b7
2019-12-07 13:56:32.775 DEBUG 15190 --- [    Test worker] org.hibernate.type.BasicTypeRegistry     : Adding type registration long -> org.hibernate.type.LongType@27b1e4b7
2019-12-07 13:56:32.775 DEBUG 15190 --- [    Test worker] org.hibernate.type.BasicTypeRegistry     : Adding type registration java.lang.Long -> org.hibernate.type.LongType@27b1e4b7
2019-12-07 13:56:32.775 DEBUG 15190 --- [    Test worker] org.hibernate.type.BasicTypeRegistry     : Adding type registration float -> org.hibernate.type.FloatType@54aeb236
2019-12-07 13:56:32.775 DEBUG 15190 --- [    Test worker] org.hibernate.type.BasicTypeRegistry     : Adding type registration float -> org.hibernate.type.FloatType@54aeb236
2019-12-07 13:56:32.775 DEBUG 15190 --- [    Test worker] org.hibernate.type.BasicTypeRegistry     : Adding type registration java.lang.Float -> org.hibernate.type.FloatType@54aeb236
2019-12-07 13:56:32.775 DEBUG 15190 --- [    Test worker] org.hibernate.type.BasicTypeRegistry     : Adding type registration double -> org.hibernate.type.DoubleType@25dd95e6
2019-12-07 13:56:32.775 DEBUG 15190 --- [    Test worker] org.hibernate.type.BasicTypeRegistry     : Adding type registration double -> org.hibernate.type.DoubleType@25dd95e6
2019-12-07 13:56:32.775 DEBUG 15190 --- [    Test worker] org.hibernate.type.BasicTypeRegistry     : Adding type registration java.lang.Double -> org.hibernate.type.DoubleType@25dd95e6
2019-12-07 13:56:32.775 DEBUG 15190 --- [    Test worker] org.hibernate.type.BasicTypeRegistry     : Adding type registration big_decimal -> org.hibernate.type.BigDecimalType@41b25c90
2019-12-07 13:56:32.775 DEBUG 15190 --- [    Test worker] org.hibernate.type.BasicTypeRegistry     : Adding type registration java.math.BigDecimal -> org.hibernate.type.BigDecimalType@41b25c90
2019-12-07 13:56:32.775 DEBUG 15190 --- [    Test worker] org.hibernate.type.BasicTypeRegistry     : Adding type registration big_integer -> org.hibernate.type.BigIntegerType@e38054d
2019-12-07 13:56:32.775 DEBUG 15190 --- [    Test worker] org.hibernate.type.BasicTypeRegistry     : Adding type registration java.math.BigInteger -> org.hibernate.type.BigIntegerType@e38054d
2019-12-07 13:56:32.775 DEBUG 15190 --- [    Test worker] org.hibernate.type.BasicTypeRegistry     : Adding type registration string -> org.hibernate.type.StringType@67e8b0b5
2019-12-07 13:56:32.775 DEBUG 15190 --- [    Test worker] org.hibernate.type.BasicTypeRegistry     : Adding type registration java.lang.String -> org.hibernate.type.StringType@67e8b0b5
2019-12-07 13:56:32.775 DEBUG 15190 --- [    Test worker] org.hibernate.type.BasicTypeRegistry     : Adding type registration nstring -> org.hibernate.type.StringNVarcharType@3e5facf
2019-12-07 13:56:32.775 DEBUG 15190 --- [    Test worker] org.hibernate.type.BasicTypeRegistry     : Adding type registration ncharacter -> org.hibernate.type.CharacterNCharType@25620e0d
2019-12-07 13:56:32.775 DEBUG 15190 --- [    Test worker] org.hibernate.type.BasicTypeRegistry     : Adding type registration url -> org.hibernate.type.UrlType@2b4aaed9
2019-12-07 13:56:32.775 DEBUG 15190 --- [    Test worker] org.hibernate.type.BasicTypeRegistry     : Adding type registration java.net.URL -> org.hibernate.type.UrlType@2b4aaed9
2019-12-07 13:56:32.775 DEBUG 15190 --- [    Test worker] org.hibernate.type.BasicTypeRegistry     : Adding type registration Duration -> org.hibernate.type.DurationType@4488a869
2019-12-07 13:56:32.775 DEBUG 15190 --- [    Test worker] org.hibernate.type.BasicTypeRegistry     : Adding type registration java.time.Duration -> org.hibernate.type.DurationType@4488a869
2019-12-07 13:56:32.775 DEBUG 15190 --- [    Test worker] org.hibernate.type.BasicTypeRegistry     : Adding type registration Instant -> org.hibernate.type.InstantType@7e471c22
2019-12-07 13:56:32.775 DEBUG 15190 --- [    Test worker] org.hibernate.type.BasicTypeRegistry     : Adding type registration java.time.Instant -> org.hibernate.type.InstantType@7e471c22
2019-12-07 13:56:32.775 DEBUG 15190 --- [    Test worker] org.hibernate.type.BasicTypeRegistry     : Adding type registration LocalDateTime -> org.hibernate.type.LocalDateTimeType@42e14ab6
2019-12-07 13:56:32.775 DEBUG 15190 --- [    Test worker] org.hibernate.type.BasicTypeRegistry     : Adding type registration java.time.LocalDateTime -> org.hibernate.type.LocalDateTimeType@42e14ab6
2019-12-07 13:56:32.775 DEBUG 15190 --- [    Test worker] org.hibernate.type.BasicTypeRegistry     : Adding type registration LocalDate -> org.hibernate.type.LocalDateType@5de1fbbd
2019-12-07 13:56:32.776 DEBUG 15190 --- [    Test worker] org.hibernate.type.BasicTypeRegistry     : Adding type registration java.time.LocalDate -> org.hibernate.type.LocalDateType@5de1fbbd
2019-12-07 13:56:32.776 DEBUG 15190 --- [    Test worker] org.hibernate.type.BasicTypeRegistry     : Adding type registration LocalTime -> org.hibernate.type.LocalTimeType@49d02fee
2019-12-07 13:56:32.776 DEBUG 15190 --- [    Test worker] org.hibernate.type.BasicTypeRegistry     : Adding type registration java.time.LocalTime -> org.hibernate.type.LocalTimeType@49d02fee
2019-12-07 13:56:32.776 DEBUG 15190 --- [    Test worker] org.hibernate.type.BasicTypeRegistry     : Adding type registration OffsetDateTime -> org.hibernate.type.OffsetDateTimeType@61cd19e0
2019-12-07 13:56:32.776 DEBUG 15190 --- [    Test worker] org.hibernate.type.BasicTypeRegistry     : Adding type registration java.time.OffsetDateTime -> org.hibernate.type.OffsetDateTimeType@61cd19e0
2019-12-07 13:56:32.776 DEBUG 15190 --- [    Test worker] org.hibernate.type.BasicTypeRegistry     : Adding type registration OffsetTime -> org.hibernate.type.OffsetTimeType@6f3b7249
2019-12-07 13:56:32.776 DEBUG 15190 --- [    Test worker] org.hibernate.type.BasicTypeRegistry     : Adding type registration java.time.OffsetTime -> org.hibernate.type.OffsetTimeType@6f3b7249
2019-12-07 13:56:32.776 DEBUG 15190 --- [    Test worker] org.hibernate.type.BasicTypeRegistry     : Adding type registration ZonedDateTime -> org.hibernate.type.ZonedDateTimeType@6719b26b
2019-12-07 13:56:32.776 DEBUG 15190 --- [    Test worker] org.hibernate.type.BasicTypeRegistry     : Adding type registration java.time.ZonedDateTime -> org.hibernate.type.ZonedDateTimeType@6719b26b
2019-12-07 13:56:32.776 DEBUG 15190 --- [    Test worker] org.hibernate.type.BasicTypeRegistry     : Adding type registration date -> org.hibernate.type.DateType@16e7002f
2019-12-07 13:56:32.776 DEBUG 15190 --- [    Test worker] org.hibernate.type.BasicTypeRegistry     : Adding type registration java.sql.Date -> org.hibernate.type.DateType@16e7002f
2019-12-07 13:56:32.776 DEBUG 15190 --- [    Test worker] org.hibernate.type.BasicTypeRegistry     : Adding type registration time -> org.hibernate.type.TimeType@6c1b1582
2019-12-07 13:56:32.776 DEBUG 15190 --- [    Test worker] org.hibernate.type.BasicTypeRegistry     : Adding type registration java.sql.Time -> org.hibernate.type.TimeType@6c1b1582
2019-12-07 13:56:32.776 DEBUG 15190 --- [    Test worker] org.hibernate.type.BasicTypeRegistry     : Adding type registration timestamp -> org.hibernate.type.TimestampType@c4e36b2
2019-12-07 13:56:32.776 DEBUG 15190 --- [    Test worker] org.hibernate.type.BasicTypeRegistry     : Adding type registration java.sql.Timestamp -> org.hibernate.type.TimestampType@c4e36b2
2019-12-07 13:56:32.776 DEBUG 15190 --- [    Test worker] org.hibernate.type.BasicTypeRegistry     : Adding type registration java.util.Date -> org.hibernate.type.TimestampType@c4e36b2
2019-12-07 13:56:32.776 DEBUG 15190 --- [    Test worker] org.hibernate.type.BasicTypeRegistry     : Adding type registration dbtimestamp -> org.hibernate.type.DbTimestampType@631b06e7
2019-12-07 13:56:32.776 DEBUG 15190 --- [    Test worker] org.hibernate.type.BasicTypeRegistry     : Adding type registration calendar -> org.hibernate.type.CalendarType@676f6858
2019-12-07 13:56:32.776 DEBUG 15190 --- [    Test worker] org.hibernate.type.BasicTypeRegistry     : Adding type registration java.util.Calendar -> org.hibernate.type.CalendarType@676f6858
2019-12-07 13:56:32.776 DEBUG 15190 --- [    Test worker] org.hibernate.type.BasicTypeRegistry     : Adding type registration java.util.GregorianCalendar -> org.hibernate.type.CalendarType@676f6858
2019-12-07 13:56:32.776 DEBUG 15190 --- [    Test worker] org.hibernate.type.BasicTypeRegistry     : Adding type registration calendar_date -> org.hibernate.type.CalendarDateType@106619bf
2019-12-07 13:56:32.776 DEBUG 15190 --- [    Test worker] org.hibernate.type.BasicTypeRegistry     : Adding type registration locale -> org.hibernate.type.LocaleType@3320be3f
2019-12-07 13:56:32.776 DEBUG 15190 --- [    Test worker] org.hibernate.type.BasicTypeRegistry     : Adding type registration java.util.Locale -> org.hibernate.type.LocaleType@3320be3f
2019-12-07 13:56:32.776 DEBUG 15190 --- [    Test worker] org.hibernate.type.BasicTypeRegistry     : Adding type registration currency -> org.hibernate.type.CurrencyType@52f32b76
2019-12-07 13:56:32.776 DEBUG 15190 --- [    Test worker] org.hibernate.type.BasicTypeRegistry     : Adding type registration java.util.Currency -> org.hibernate.type.CurrencyType@52f32b76
2019-12-07 13:56:32.776 DEBUG 15190 --- [    Test worker] org.hibernate.type.BasicTypeRegistry     : Adding type registration timezone -> org.hibernate.type.TimeZoneType@68d9115e
2019-12-07 13:56:32.776 DEBUG 15190 --- [    Test worker] org.hibernate.type.BasicTypeRegistry     : Adding type registration java.util.TimeZone -> org.hibernate.type.TimeZoneType@68d9115e
2019-12-07 13:56:32.776 DEBUG 15190 --- [    Test worker] org.hibernate.type.BasicTypeRegistry     : Adding type registration class -> org.hibernate.type.ClassType@3c5b8336
2019-12-07 13:56:32.776 DEBUG 15190 --- [    Test worker] org.hibernate.type.BasicTypeRegistry     : Adding type registration java.lang.Class -> org.hibernate.type.ClassType@3c5b8336
2019-12-07 13:56:32.776 DEBUG 15190 --- [    Test worker] org.hibernate.type.BasicTypeRegistry     : Adding type registration uuid-binary -> org.hibernate.type.UUIDBinaryType@5f306a75
2019-12-07 13:56:32.776 DEBUG 15190 --- [    Test worker] org.hibernate.type.BasicTypeRegistry     : Adding type registration java.util.UUID -> org.hibernate.type.UUIDBinaryType@5f306a75
2019-12-07 13:56:32.776 DEBUG 15190 --- [    Test worker] org.hibernate.type.BasicTypeRegistry     : Adding type registration uuid-char -> org.hibernate.type.UUIDCharType@137543e
2019-12-07 13:56:32.776 DEBUG 15190 --- [    Test worker] org.hibernate.type.BasicTypeRegistry     : Adding type registration binary -> org.hibernate.type.BinaryType@35ee5e32
2019-12-07 13:56:32.776 DEBUG 15190 --- [    Test worker] org.hibernate.type.BasicTypeRegistry     : Adding type registration byte[] -> org.hibernate.type.BinaryType@35ee5e32
2019-12-07 13:56:32.776 DEBUG 15190 --- [    Test worker] org.hibernate.type.BasicTypeRegistry     : Adding type registration [B -> org.hibernate.type.BinaryType@35ee5e32
2019-12-07 13:56:32.776 DEBUG 15190 --- [    Test worker] org.hibernate.type.BasicTypeRegistry     : Adding type registration wrapper-binary -> org.hibernate.type.WrapperBinaryType@5c6222a7
2019-12-07 13:56:32.776 DEBUG 15190 --- [    Test worker] org.hibernate.type.BasicTypeRegistry     : Adding type registration Byte[] -> org.hibernate.type.WrapperBinaryType@5c6222a7
2019-12-07 13:56:32.776 DEBUG 15190 --- [    Test worker] org.hibernate.type.BasicTypeRegistry     : Adding type registration [Ljava.lang.Byte; -> org.hibernate.type.WrapperBinaryType@5c6222a7
2019-12-07 13:56:32.777 DEBUG 15190 --- [    Test worker] org.hibernate.type.BasicTypeRegistry     : Adding type registration row_version -> org.hibernate.type.RowVersionType@58d24778
2019-12-07 13:56:32.777 DEBUG 15190 --- [    Test worker] org.hibernate.type.BasicTypeRegistry     : Adding type registration image -> org.hibernate.type.ImageType@3618bb15
2019-12-07 13:56:32.777 DEBUG 15190 --- [    Test worker] org.hibernate.type.BasicTypeRegistry     : Adding type registration characters -> org.hibernate.type.CharArrayType@54542066
2019-12-07 13:56:32.777 DEBUG 15190 --- [    Test worker] org.hibernate.type.BasicTypeRegistry     : Adding type registration char[] -> org.hibernate.type.CharArrayType@54542066
2019-12-07 13:56:32.777 DEBUG 15190 --- [    Test worker] org.hibernate.type.BasicTypeRegistry     : Adding type registration [C -> org.hibernate.type.CharArrayType@54542066
2019-12-07 13:56:32.777 DEBUG 15190 --- [    Test worker] org.hibernate.type.BasicTypeRegistry     : Adding type registration wrapper-characters -> org.hibernate.type.CharacterArrayType@a9b9d02
2019-12-07 13:56:32.777 DEBUG 15190 --- [    Test worker] org.hibernate.type.BasicTypeRegistry     : Adding type registration [Ljava.lang.Character; -> org.hibernate.type.CharacterArrayType@a9b9d02
2019-12-07 13:56:32.777 DEBUG 15190 --- [    Test worker] org.hibernate.type.BasicTypeRegistry     : Adding type registration Character[] -> org.hibernate.type.CharacterArrayType@a9b9d02
2019-12-07 13:56:32.777 DEBUG 15190 --- [    Test worker] org.hibernate.type.BasicTypeRegistry     : Adding type registration text -> org.hibernate.type.TextType@70fa7f96
2019-12-07 13:56:32.777 DEBUG 15190 --- [    Test worker] org.hibernate.type.BasicTypeRegistry     : Adding type registration ntext -> org.hibernate.type.NTextType@22bb0166
2019-12-07 13:56:32.777 DEBUG 15190 --- [    Test worker] org.hibernate.type.BasicTypeRegistry     : Adding type registration blob -> org.hibernate.type.BlobType@310bbf49
2019-12-07 13:56:32.777 DEBUG 15190 --- [    Test worker] org.hibernate.type.BasicTypeRegistry     : Adding type registration java.sql.Blob -> org.hibernate.type.BlobType@310bbf49
2019-12-07 13:56:32.777 DEBUG 15190 --- [    Test worker] org.hibernate.type.BasicTypeRegistry     : Adding type registration materialized_blob -> org.hibernate.type.MaterializedBlobType@6fc2ce62
2019-12-07 13:56:32.777 DEBUG 15190 --- [    Test worker] org.hibernate.type.BasicTypeRegistry     : Adding type registration clob -> org.hibernate.type.ClobType@15f4414
2019-12-07 13:56:32.777 DEBUG 15190 --- [    Test worker] org.hibernate.type.BasicTypeRegistry     : Adding type registration java.sql.Clob -> org.hibernate.type.ClobType@15f4414
2019-12-07 13:56:32.777 DEBUG 15190 --- [    Test worker] org.hibernate.type.BasicTypeRegistry     : Adding type registration nclob -> org.hibernate.type.NClobType@559aa670
2019-12-07 13:56:32.777 DEBUG 15190 --- [    Test worker] org.hibernate.type.BasicTypeRegistry     : Adding type registration java.sql.NClob -> org.hibernate.type.NClobType@559aa670
2019-12-07 13:56:32.777 DEBUG 15190 --- [    Test worker] org.hibernate.type.BasicTypeRegistry     : Adding type registration materialized_clob -> org.hibernate.type.MaterializedClobType@79871c26
2019-12-07 13:56:32.777 DEBUG 15190 --- [    Test worker] org.hibernate.type.BasicTypeRegistry     : Adding type registration materialized_nclob -> org.hibernate.type.MaterializedNClobType@44147be9
2019-12-07 13:56:32.777 DEBUG 15190 --- [    Test worker] org.hibernate.type.BasicTypeRegistry     : Adding type registration serializable -> org.hibernate.type.SerializableType@714ad734
2019-12-07 13:56:32.777 DEBUG 15190 --- [    Test worker] org.hibernate.type.BasicTypeRegistry     : Adding type registration object -> org.hibernate.type.ObjectType@441c91f0
2019-12-07 13:56:32.777 DEBUG 15190 --- [    Test worker] org.hibernate.type.BasicTypeRegistry     : Adding type registration java.lang.Object -> org.hibernate.type.ObjectType@441c91f0
2019-12-07 13:56:32.777 DEBUG 15190 --- [    Test worker] org.hibernate.type.BasicTypeRegistry     : Adding type registration imm_date -> org.hibernate.type.AdaptedImmutableType@3e4d63d
2019-12-07 13:56:32.777 DEBUG 15190 --- [    Test worker] org.hibernate.type.BasicTypeRegistry     : Adding type registration imm_time -> org.hibernate.type.AdaptedImmutableType@442b79f6
2019-12-07 13:56:32.777 DEBUG 15190 --- [    Test worker] org.hibernate.type.BasicTypeRegistry     : Adding type registration imm_timestamp -> org.hibernate.type.AdaptedImmutableType@2ed9a978
2019-12-07 13:56:32.777 DEBUG 15190 --- [    Test worker] org.hibernate.type.BasicTypeRegistry     : Adding type registration imm_dbtimestamp -> org.hibernate.type.AdaptedImmutableType@4c4138a2
2019-12-07 13:56:32.777 DEBUG 15190 --- [    Test worker] org.hibernate.type.BasicTypeRegistry     : Adding type registration imm_calendar -> org.hibernate.type.AdaptedImmutableType@69314a29
2019-12-07 13:56:32.777 DEBUG 15190 --- [    Test worker] org.hibernate.type.BasicTypeRegistry     : Adding type registration imm_calendar_date -> org.hibernate.type.AdaptedImmutableType@764a7a30
2019-12-07 13:56:32.777 DEBUG 15190 --- [    Test worker] org.hibernate.type.BasicTypeRegistry     : Adding type registration imm_binary -> org.hibernate.type.AdaptedImmutableType@15bb8fe8
2019-12-07 13:56:32.777 DEBUG 15190 --- [    Test worker] org.hibernate.type.BasicTypeRegistry     : Adding type registration imm_serializable -> org.hibernate.type.AdaptedImmutableType@50fa21d5
2019-12-07 13:56:32.778 DEBUG 15190 --- [    Test worker] o.h.boot.internal.BootstrapContextImpl   : Injecting JPA temp ClassLoader [org.springframework.instrument.classloading.SimpleThrowawayClassLoader@16472e54] into BootstrapContext; was [null]
2019-12-07 13:56:32.778 DEBUG 15190 --- [    Test worker] o.h.boot.internal.ClassLoaderAccessImpl  : ClassLoaderAccessImpl#injectTempClassLoader(org.springframework.instrument.classloading.SimpleThrowawayClassLoader@16472e54) [was null]
2019-12-07 13:56:32.778 DEBUG 15190 --- [    Test worker] o.h.boot.internal.BootstrapContextImpl   : Injecting ScanEnvironment [org.hibernate.jpa.boot.internal.StandardJpaScanEnvironmentImpl@5f4a37bb] into BootstrapContext; was [null]
2019-12-07 13:56:32.778 DEBUG 15190 --- [    Test worker] o.h.boot.internal.BootstrapContextImpl   : Injecting ScanOptions [org.hibernate.boot.archive.scan.internal.StandardScanOptions@5ebf410e] into BootstrapContext; was [org.hibernate.boot.archive.scan.internal.StandardScanOptions@27f02d69]
2019-12-07 13:56:32.782 DEBUG 15190 --- [    Test worker] o.h.boot.internal.BootstrapContextImpl   : Injecting JPA temp ClassLoader [null] into BootstrapContext; was [org.springframework.instrument.classloading.SimpleThrowawayClassLoader@16472e54]
2019-12-07 13:56:32.782 DEBUG 15190 --- [    Test worker] o.h.boot.internal.ClassLoaderAccessImpl  : ClassLoaderAccessImpl#injectTempClassLoader(null) [was org.springframework.instrument.classloading.SimpleThrowawayClassLoader@16472e54]
2019-12-07 13:56:32.782 DEBUG 15190 --- [    Test worker] .i.f.i.DefaultIdentifierGeneratorFactory : Registering IdentifierGenerator strategy [uuid2] -> [org.hibernate.id.UUIDGenerator]
2019-12-07 13:56:32.782 DEBUG 15190 --- [    Test worker] .i.f.i.DefaultIdentifierGeneratorFactory : Registering IdentifierGenerator strategy [guid] -> [org.hibernate.id.GUIDGenerator]
2019-12-07 13:56:32.782 DEBUG 15190 --- [    Test worker] .i.f.i.DefaultIdentifierGeneratorFactory : Registering IdentifierGenerator strategy [uuid] -> [org.hibernate.id.UUIDHexGenerator]
2019-12-07 13:56:32.782 DEBUG 15190 --- [    Test worker] .i.f.i.DefaultIdentifierGeneratorFactory : Registering IdentifierGenerator strategy [uuid.hex] -> [org.hibernate.id.UUIDHexGenerator]
2019-12-07 13:56:32.782 DEBUG 15190 --- [    Test worker] .i.f.i.DefaultIdentifierGeneratorFactory : Registering IdentifierGenerator strategy [assigned] -> [org.hibernate.id.Assigned]
2019-12-07 13:56:32.782 DEBUG 15190 --- [    Test worker] .i.f.i.DefaultIdentifierGeneratorFactory : Registering IdentifierGenerator strategy [identity] -> [org.hibernate.id.IdentityGenerator]
2019-12-07 13:56:32.782 DEBUG 15190 --- [    Test worker] .i.f.i.DefaultIdentifierGeneratorFactory : Registering IdentifierGenerator strategy [select] -> [org.hibernate.id.SelectGenerator]
2019-12-07 13:56:32.782 DEBUG 15190 --- [    Test worker] .i.f.i.DefaultIdentifierGeneratorFactory : Registering IdentifierGenerator strategy [sequence] -> [org.hibernate.id.enhanced.SequenceStyleGenerator]
2019-12-07 13:56:32.782 DEBUG 15190 --- [    Test worker] .i.f.i.DefaultIdentifierGeneratorFactory : Registering IdentifierGenerator strategy [seqhilo] -> [org.hibernate.id.SequenceHiLoGenerator]
2019-12-07 13:56:32.782 DEBUG 15190 --- [    Test worker] .i.f.i.DefaultIdentifierGeneratorFactory : Registering IdentifierGenerator strategy [increment] -> [org.hibernate.id.IncrementGenerator]
2019-12-07 13:56:32.782 DEBUG 15190 --- [    Test worker] .i.f.i.DefaultIdentifierGeneratorFactory : Registering IdentifierGenerator strategy [foreign] -> [org.hibernate.id.ForeignGenerator]
2019-12-07 13:56:32.782 DEBUG 15190 --- [    Test worker] .i.f.i.DefaultIdentifierGeneratorFactory : Registering IdentifierGenerator strategy [sequence-identity] -> [org.hibernate.id.SequenceIdentityGenerator]
2019-12-07 13:56:32.782 DEBUG 15190 --- [    Test worker] .i.f.i.DefaultIdentifierGeneratorFactory : Registering IdentifierGenerator strategy [enhanced-sequence] -> [org.hibernate.id.enhanced.SequenceStyleGenerator]
2019-12-07 13:56:32.782 DEBUG 15190 --- [    Test worker] .i.f.i.DefaultIdentifierGeneratorFactory : Registering IdentifierGenerator strategy [enhanced-table] -> [org.hibernate.id.enhanced.TableGenerator]
2019-12-07 13:56:32.783 DEBUG 15190 --- [    Test worker] o.s.j.datasource.SimpleDriverDataSource  : Creating new JDBC Driver Connection to [jdbc:h2:mem:715a69aa-c0a9-45d6-a328-8d71f3b1764c;DB_CLOSE_DELAY=-1;DB_CLOSE_ON_EXIT=false]
2019-12-07 13:56:32.783 DEBUG 15190 --- [    Test worker] o.h.e.j.e.i.JdbcEnvironmentInitiator     : Database ->
       name : H2
    version : 1.4.199 (2019-03-13)
      major : 1
      minor : 4
2019-12-07 13:56:32.783 DEBUG 15190 --- [    Test worker] o.h.e.j.e.i.JdbcEnvironmentInitiator     : Driver ->
       name : H2 JDBC Driver
    version : 1.4.199 (2019-03-13)
      major : 1
      minor : 4
2019-12-07 13:56:32.783 DEBUG 15190 --- [    Test worker] o.h.e.j.e.i.JdbcEnvironmentInitiator     : JDBC version : 4.1
2019-12-07 13:56:32.783  INFO 15190 --- [    Test worker] org.hibernate.dialect.Dialect            : HHH000400: Using dialect: org.hibernate.dialect.H2Dialect
2019-12-07 13:56:32.787 DEBUG 15190 --- [    Test worker] o.h.e.j.env.spi.IdentifierHelperBuilder  : JDBC driver metadata reported database stores quoted identifiers in neither upper, lower nor mixed case
2019-12-07 13:56:32.788 DEBUG 15190 --- [    Test worker] o.h.boot.model.relational.Namespace      : Created database namespace [logicalName=Name{catalog=null, schema=null}, physicalName=Name{catalog=null, schema=null}]
2019-12-07 13:56:32.788 DEBUG 15190 --- [    Test worker] o.h.type.spi.TypeConfiguration$Scope     : Scoping TypeConfiguration [org.hibernate.type.spi.TypeConfiguration@459cf28d] to MetadataBuildingContext [org.hibernate.boot.internal.MetadataBuildingContextRootImpl@2bd117ec]
2019-12-07 13:56:32.788 DEBUG 15190 --- [    Test worker] org.hibernate.cfg.AnnotationBinder       : Binding entity from annotated class: kr.gracelove.jojoldu.springboot.domain.posts.Posts
2019-12-07 13:56:32.788 DEBUG 15190 --- [    Test worker] org.hibernate.cfg.Ejb3Column             : Binding column: Ejb3DiscriminatorColumn{logicalColumnName'DTYPE', discriminatorTypeName='string'}
2019-12-07 13:56:32.789 DEBUG 15190 --- [    Test worker] o.h.cfg.annotations.EntityBinder         : Import with entity name Posts
2019-12-07 13:56:32.789 DEBUG 15190 --- [    Test worker] o.h.cfg.annotations.EntityBinder         : Bind entity kr.gracelove.jojoldu.springboot.domain.posts.Posts on table posts
2019-12-07 13:56:32.789 DEBUG 15190 --- [    Test worker] org.hibernate.cfg.Ejb3Column             : Binding column: Ejb3Column{table=org.hibernate.mapping.Table(posts), mappingColumn=id, insertable=true, updatable=true, unique=false}
2019-12-07 13:56:32.789 DEBUG 15190 --- [    Test worker] o.h.cfg.annotations.PropertyBinder       : MetadataSourceProcessor property id with lazy=false
2019-12-07 13:56:32.789 DEBUG 15190 --- [    Test worker] o.hibernate.cfg.AbstractPropertyHolder   : Attempting to locate auto-apply AttributeConverter for property [kr.gracelove.jojoldu.springboot.domain.posts.Posts:id]
2019-12-07 13:56:32.789 DEBUG 15190 --- [    Test worker] o.h.cfg.annotations.SimpleValueBinder    : building SimpleValue for id
2019-12-07 13:56:32.789 DEBUG 15190 --- [    Test worker] o.h.cfg.annotations.PropertyBinder       : Building property id
2019-12-07 13:56:32.789 DEBUG 15190 --- [    Test worker] org.hibernate.cfg.BinderHelper           : #makeIdGenerator(org.hibernate.mapping.SimpleValue([org.hibernate.mapping.Column(id)]), id, identity, , ...)
2019-12-07 13:56:32.790 DEBUG 15190 --- [    Test worker] org.hibernate.cfg.Ejb3Column             : Binding column: Ejb3Column{table=org.hibernate.mapping.Table(posts), mappingColumn=created_date, insertable=true, updatable=true, unique=false}
2019-12-07 13:56:32.790 DEBUG 15190 --- [    Test worker] o.h.cfg.annotations.PropertyBinder       : MetadataSourceProcessor property createdDate with lazy=false
2019-12-07 13:56:32.790 DEBUG 15190 --- [    Test worker] o.hibernate.cfg.AbstractPropertyHolder   : Attempting to locate auto-apply AttributeConverter for property [kr.gracelove.jojoldu.springboot.domain.posts.Posts:createdDate]
2019-12-07 13:56:32.790 DEBUG 15190 --- [    Test worker] o.h.cfg.annotations.SimpleValueBinder    : building SimpleValue for createdDate
2019-12-07 13:56:32.790 DEBUG 15190 --- [    Test worker] o.h.cfg.annotations.PropertyBinder       : Building property createdDate
2019-12-07 13:56:32.790 DEBUG 15190 --- [    Test worker] org.hibernate.cfg.Ejb3Column             : Binding column: Ejb3Column{table=org.hibernate.mapping.Table(posts), mappingColumn=modified_date, insertable=true, updatable=true, unique=false}
2019-12-07 13:56:32.790 DEBUG 15190 --- [    Test worker] o.h.cfg.annotations.PropertyBinder       : MetadataSourceProcessor property modifiedDate with lazy=false
2019-12-07 13:56:32.790 DEBUG 15190 --- [    Test worker] o.hibernate.cfg.AbstractPropertyHolder   : Attempting to locate auto-apply AttributeConverter for property [kr.gracelove.jojoldu.springboot.domain.posts.Posts:modifiedDate]
2019-12-07 13:56:32.790 DEBUG 15190 --- [    Test worker] o.h.cfg.annotations.SimpleValueBinder    : building SimpleValue for modifiedDate
2019-12-07 13:56:32.790 DEBUG 15190 --- [    Test worker] o.h.cfg.annotations.PropertyBinder       : Building property modifiedDate
2019-12-07 13:56:32.790 DEBUG 15190 --- [    Test worker] org.hibernate.cfg.Ejb3Column             : Binding column: Ejb3Column{table=org.hibernate.mapping.Table(posts), mappingColumn=author, insertable=true, updatable=true, unique=false}
2019-12-07 13:56:32.790 DEBUG 15190 --- [    Test worker] o.h.cfg.annotations.PropertyBinder       : MetadataSourceProcessor property author with lazy=false
2019-12-07 13:56:32.790 DEBUG 15190 --- [    Test worker] o.hibernate.cfg.AbstractPropertyHolder   : Attempting to locate auto-apply AttributeConverter for property [kr.gracelove.jojoldu.springboot.domain.posts.Posts:author]
2019-12-07 13:56:32.790 DEBUG 15190 --- [    Test worker] o.h.cfg.annotations.SimpleValueBinder    : building SimpleValue for author
2019-12-07 13:56:32.790 DEBUG 15190 --- [    Test worker] o.h.cfg.annotations.PropertyBinder       : Building property author
2019-12-07 13:56:32.790 DEBUG 15190 --- [    Test worker] org.hibernate.cfg.Ejb3Column             : Binding column: Ejb3Column{table=org.hibernate.mapping.Table(posts), mappingColumn=content, insertable=true, updatable=true, unique=false}
2019-12-07 13:56:32.790 DEBUG 15190 --- [    Test worker] o.h.cfg.annotations.PropertyBinder       : MetadataSourceProcessor property content with lazy=false
2019-12-07 13:56:32.790 DEBUG 15190 --- [    Test worker] o.hibernate.cfg.AbstractPropertyHolder   : Attempting to locate auto-apply AttributeConverter for property [kr.gracelove.jojoldu.springboot.domain.posts.Posts:content]
2019-12-07 13:56:32.790 DEBUG 15190 --- [    Test worker] o.h.cfg.annotations.SimpleValueBinder    : building SimpleValue for content
2019-12-07 13:56:32.790 DEBUG 15190 --- [    Test worker] o.h.cfg.annotations.PropertyBinder       : Building property content
2019-12-07 13:56:32.791 DEBUG 15190 --- [    Test worker] org.hibernate.cfg.Ejb3Column             : Binding column: Ejb3Column{table=org.hibernate.mapping.Table(posts), mappingColumn=title, insertable=true, updatable=true, unique=false}
2019-12-07 13:56:32.791 DEBUG 15190 --- [    Test worker] o.h.cfg.annotations.PropertyBinder       : MetadataSourceProcessor property title with lazy=false
2019-12-07 13:56:32.791 DEBUG 15190 --- [    Test worker] o.hibernate.cfg.AbstractPropertyHolder   : Attempting to locate auto-apply AttributeConverter for property [kr.gracelove.jojoldu.springboot.domain.posts.Posts:title]
2019-12-07 13:56:32.791 DEBUG 15190 --- [    Test worker] o.h.cfg.annotations.SimpleValueBinder    : building SimpleValue for title
2019-12-07 13:56:32.791 DEBUG 15190 --- [    Test worker] o.h.cfg.annotations.PropertyBinder       : Building property title
2019-12-07 13:56:32.791 DEBUG 15190 --- [    Test worker] org.hibernate.cfg.AnnotationBinder       : Binding entity from annotated class: kr.gracelove.jojoldu.springboot.domain.user.User
2019-12-07 13:56:32.791 DEBUG 15190 --- [    Test worker] org.hibernate.cfg.Ejb3Column             : Binding column: Ejb3DiscriminatorColumn{logicalColumnName'DTYPE', discriminatorTypeName='string'}
2019-12-07 13:56:32.791 DEBUG 15190 --- [    Test worker] o.h.cfg.annotations.EntityBinder         : Import with entity name User
2019-12-07 13:56:32.791 DEBUG 15190 --- [    Test worker] o.h.cfg.annotations.EntityBinder         : Bind entity kr.gracelove.jojoldu.springboot.domain.user.User on table user
2019-12-07 13:56:32.792 DEBUG 15190 --- [    Test worker] org.hibernate.cfg.Ejb3Column             : Binding column: Ejb3Column{table=org.hibernate.mapping.Table(user), mappingColumn=id, insertable=true, updatable=true, unique=false}
2019-12-07 13:56:32.792 DEBUG 15190 --- [    Test worker] o.h.cfg.annotations.PropertyBinder       : MetadataSourceProcessor property id with lazy=false
2019-12-07 13:56:32.792 DEBUG 15190 --- [    Test worker] o.hibernate.cfg.AbstractPropertyHolder   : Attempting to locate auto-apply AttributeConverter for property [kr.gracelove.jojoldu.springboot.domain.user.User:id]
2019-12-07 13:56:32.792 DEBUG 15190 --- [    Test worker] o.h.cfg.annotations.SimpleValueBinder    : building SimpleValue for id
2019-12-07 13:56:32.792 DEBUG 15190 --- [    Test worker] o.h.cfg.annotations.PropertyBinder       : Building property id
2019-12-07 13:56:32.792 DEBUG 15190 --- [    Test worker] org.hibernate.cfg.BinderHelper           : #makeIdGenerator(org.hibernate.mapping.SimpleValue([org.hibernate.mapping.Column(id)]), id, identity, , ...)
2019-12-07 13:56:32.793 DEBUG 15190 --- [    Test worker] org.hibernate.cfg.Ejb3Column             : Binding column: Ejb3Column{table=org.hibernate.mapping.Table(user), mappingColumn=created_date, insertable=true, updatable=true, unique=false}
2019-12-07 13:56:32.793 DEBUG 15190 --- [    Test worker] o.h.cfg.annotations.PropertyBinder       : MetadataSourceProcessor property createdDate with lazy=false
2019-12-07 13:56:32.793 DEBUG 15190 --- [    Test worker] o.hibernate.cfg.AbstractPropertyHolder   : Attempting to locate auto-apply AttributeConverter for property [kr.gracelove.jojoldu.springboot.domain.user.User:createdDate]
2019-12-07 13:56:32.793 DEBUG 15190 --- [    Test worker] o.h.cfg.annotations.SimpleValueBinder    : building SimpleValue for createdDate
2019-12-07 13:56:32.793 DEBUG 15190 --- [    Test worker] o.h.cfg.annotations.PropertyBinder       : Building property createdDate
2019-12-07 13:56:32.793 DEBUG 15190 --- [    Test worker] org.hibernate.cfg.Ejb3Column             : Binding column: Ejb3Column{table=org.hibernate.mapping.Table(user), mappingColumn=modified_date, insertable=true, updatable=true, unique=false}
2019-12-07 13:56:32.793 DEBUG 15190 --- [    Test worker] o.h.cfg.annotations.PropertyBinder       : MetadataSourceProcessor property modifiedDate with lazy=false
2019-12-07 13:56:32.793 DEBUG 15190 --- [    Test worker] o.hibernate.cfg.AbstractPropertyHolder   : Attempting to locate auto-apply AttributeConverter for property [kr.gracelove.jojoldu.springboot.domain.user.User:modifiedDate]
2019-12-07 13:56:32.793 DEBUG 15190 --- [    Test worker] o.h.cfg.annotations.SimpleValueBinder    : building SimpleValue for modifiedDate
2019-12-07 13:56:32.793 DEBUG 15190 --- [    Test worker] o.h.cfg.annotations.PropertyBinder       : Building property modifiedDate
2019-12-07 13:56:32.793 DEBUG 15190 --- [    Test worker] org.hibernate.cfg.Ejb3Column             : Binding column: Ejb3Column{table=org.hibernate.mapping.Table(user), mappingColumn=email, insertable=true, updatable=true, unique=false}
2019-12-07 13:56:32.793 DEBUG 15190 --- [    Test worker] o.h.cfg.annotations.PropertyBinder       : MetadataSourceProcessor property email with lazy=false
2019-12-07 13:56:32.793 DEBUG 15190 --- [    Test worker] o.hibernate.cfg.AbstractPropertyHolder   : Attempting to locate auto-apply AttributeConverter for property [kr.gracelove.jojoldu.springboot.domain.user.User:email]
2019-12-07 13:56:32.793 DEBUG 15190 --- [    Test worker] o.h.cfg.annotations.SimpleValueBinder    : building SimpleValue for email
2019-12-07 13:56:32.794 DEBUG 15190 --- [    Test worker] o.h.cfg.annotations.PropertyBinder       : Building property email
2019-12-07 13:56:32.794 DEBUG 15190 --- [    Test worker] org.hibernate.cfg.Ejb3Column             : Binding column: Ejb3Column{table=org.hibernate.mapping.Table(user), mappingColumn=name, insertable=true, updatable=true, unique=false}
2019-12-07 13:56:32.794 DEBUG 15190 --- [    Test worker] o.h.cfg.annotations.PropertyBinder       : MetadataSourceProcessor property name with lazy=false
2019-12-07 13:56:32.794 DEBUG 15190 --- [    Test worker] o.hibernate.cfg.AbstractPropertyHolder   : Attempting to locate auto-apply AttributeConverter for property [kr.gracelove.jojoldu.springboot.domain.user.User:name]
2019-12-07 13:56:32.794 DEBUG 15190 --- [    Test worker] o.h.cfg.annotations.SimpleValueBinder    : building SimpleValue for name
2019-12-07 13:56:32.794 DEBUG 15190 --- [    Test worker] o.h.cfg.annotations.PropertyBinder       : Building property name
2019-12-07 13:56:32.794 DEBUG 15190 --- [    Test worker] org.hibernate.cfg.Ejb3Column             : Binding column: Ejb3Column{table=org.hibernate.mapping.Table(user), mappingColumn=picture, insertable=true, updatable=true, unique=false}
2019-12-07 13:56:32.794 DEBUG 15190 --- [    Test worker] o.h.cfg.annotations.PropertyBinder       : MetadataSourceProcessor property picture with lazy=false
2019-12-07 13:56:32.794 DEBUG 15190 --- [    Test worker] o.hibernate.cfg.AbstractPropertyHolder   : Attempting to locate auto-apply AttributeConverter for property [kr.gracelove.jojoldu.springboot.domain.user.User:picture]
2019-12-07 13:56:32.794 DEBUG 15190 --- [    Test worker] o.h.cfg.annotations.SimpleValueBinder    : building SimpleValue for picture
2019-12-07 13:56:32.794 DEBUG 15190 --- [    Test worker] o.h.cfg.annotations.PropertyBinder       : Building property picture
2019-12-07 13:56:32.794 DEBUG 15190 --- [    Test worker] org.hibernate.cfg.Ejb3Column             : Binding column: Ejb3Column{table=org.hibernate.mapping.Table(user), mappingColumn=role, insertable=true, updatable=true, unique=false}
2019-12-07 13:56:32.794 DEBUG 15190 --- [    Test worker] o.h.cfg.annotations.PropertyBinder       : MetadataSourceProcessor property role with lazy=false
2019-12-07 13:56:32.795 DEBUG 15190 --- [    Test worker] o.hibernate.cfg.AbstractPropertyHolder   : Attempting to locate auto-apply AttributeConverter for property [kr.gracelove.jojoldu.springboot.domain.user.User:role]
2019-12-07 13:56:32.795 DEBUG 15190 --- [    Test worker] o.h.cfg.annotations.SimpleValueBinder    : building SimpleValue for role
2019-12-07 13:56:32.795 DEBUG 15190 --- [    Test worker] o.h.cfg.annotations.PropertyBinder       : Building property role
2019-12-07 13:56:32.795 DEBUG 15190 --- [    Test worker] o.h.cfg.annotations.SimpleValueBinder    : Starting fillSimpleValue for id
2019-12-07 13:56:32.795 DEBUG 15190 --- [    Test worker] o.h.cfg.annotations.SimpleValueBinder    : Starting fillSimpleValue for createdDate
2019-12-07 13:56:32.795 DEBUG 15190 --- [    Test worker] o.h.cfg.annotations.SimpleValueBinder    : Starting fillSimpleValue for modifiedDate
2019-12-07 13:56:32.795 DEBUG 15190 --- [    Test worker] o.h.cfg.annotations.SimpleValueBinder    : Starting fillSimpleValue for author
2019-12-07 13:56:32.795 DEBUG 15190 --- [    Test worker] o.h.cfg.annotations.SimpleValueBinder    : Starting fillSimpleValue for content
2019-12-07 13:56:32.795 DEBUG 15190 --- [    Test worker] o.h.cfg.annotations.SimpleValueBinder    : Starting fillSimpleValue for title
2019-12-07 13:56:32.795 DEBUG 15190 --- [    Test worker] o.h.cfg.annotations.SimpleValueBinder    : Starting fillSimpleValue for id
2019-12-07 13:56:32.795 DEBUG 15190 --- [    Test worker] o.h.cfg.annotations.SimpleValueBinder    : Starting fillSimpleValue for createdDate
2019-12-07 13:56:32.795 DEBUG 15190 --- [    Test worker] o.h.cfg.annotations.SimpleValueBinder    : Starting fillSimpleValue for modifiedDate
2019-12-07 13:56:32.795 DEBUG 15190 --- [    Test worker] o.h.cfg.annotations.SimpleValueBinder    : Starting fillSimpleValue for email
2019-12-07 13:56:32.795 DEBUG 15190 --- [    Test worker] o.h.cfg.annotations.SimpleValueBinder    : Starting fillSimpleValue for name
2019-12-07 13:56:32.795 DEBUG 15190 --- [    Test worker] o.h.cfg.annotations.SimpleValueBinder    : Starting fillSimpleValue for picture
2019-12-07 13:56:32.795 DEBUG 15190 --- [    Test worker] o.h.cfg.annotations.SimpleValueBinder    : Starting fillSimpleValue for role
2019-12-07 13:56:32.796 DEBUG 15190 --- [    Test worker] org.hibernate.mapping.PrimaryKey         : Forcing column [id] to be non-null as it is part of the primary key for table [posts]
2019-12-07 13:56:32.796 DEBUG 15190 --- [    Test worker] org.hibernate.mapping.PrimaryKey         : Forcing column [id] to be non-null as it is part of the primary key for table [user]
2019-12-07 13:56:32.797 DEBUG 15190 --- [    Test worker] org.hibernate.type.EnumType              : Using NAMED-based conversion for Enum kr.gracelove.jojoldu.springboot.domain.user.Role
2019-12-07 13:56:32.797 DEBUG 15190 --- [    Test worker] o.hibernate.internal.SessionFactoryImpl  : Building session factory
2019-12-07 13:56:32.797 DEBUG 15190 --- [    Test worker] org.hibernate.cfg.Settings               : SessionFactory name : null
2019-12-07 13:56:32.797 DEBUG 15190 --- [    Test worker] org.hibernate.cfg.Settings               : Automatic flush during beforeCompletion(): enabled
2019-12-07 13:56:32.797 DEBUG 15190 --- [    Test worker] org.hibernate.cfg.Settings               : Automatic session close at end of transaction: disabled
2019-12-07 13:56:32.797 DEBUG 15190 --- [    Test worker] org.hibernate.cfg.Settings               : Statistics: disabled
2019-12-07 13:56:32.797 DEBUG 15190 --- [    Test worker] org.hibernate.cfg.Settings               : Deleted entity synthetic identifier rollback: disabled
2019-12-07 13:56:32.797 DEBUG 15190 --- [    Test worker] org.hibernate.cfg.Settings               : Default entity-mode: pojo
2019-12-07 13:56:32.797 DEBUG 15190 --- [    Test worker] org.hibernate.cfg.Settings               : Check Nullability in Core (should be disabled when Bean Validation is on): enabled
2019-12-07 13:56:32.797 DEBUG 15190 --- [    Test worker] org.hibernate.cfg.Settings               : Allow initialization of lazy state outside session : disabled
2019-12-07 13:56:32.797 DEBUG 15190 --- [    Test worker] org.hibernate.cfg.Settings               : Using BatchFetchStyle : LEGACY
2019-12-07 13:56:32.797 DEBUG 15190 --- [    Test worker] org.hibernate.cfg.Settings               : Default batch fetch size: -1
2019-12-07 13:56:32.798 DEBUG 15190 --- [    Test worker] org.hibernate.cfg.Settings               : Maximum outer join fetch depth: null
2019-12-07 13:56:32.798 DEBUG 15190 --- [    Test worker] org.hibernate.cfg.Settings               : Default null ordering: NONE
2019-12-07 13:56:32.798 DEBUG 15190 --- [    Test worker] org.hibernate.cfg.Settings               : Order SQL updates by primary key: disabled
2019-12-07 13:56:32.798 DEBUG 15190 --- [    Test worker] org.hibernate.cfg.Settings               : Order SQL inserts for batching: disabled
2019-12-07 13:56:32.798 DEBUG 15190 --- [    Test worker] org.hibernate.cfg.Settings               : multi-tenancy strategy : NONE
2019-12-07 13:56:32.798 DEBUG 15190 --- [    Test worker] org.hibernate.cfg.Settings               : JTA Track by Thread: enabled
2019-12-07 13:56:32.798 DEBUG 15190 --- [    Test worker] org.hibernate.cfg.Settings               : Query language substitutions: {}
2019-12-07 13:56:32.798 DEBUG 15190 --- [    Test worker] org.hibernate.cfg.Settings               : Named query checking : enabled
2019-12-07 13:56:32.798 DEBUG 15190 --- [    Test worker] org.hibernate.cfg.Settings               : Second-level cache: disabled
2019-12-07 13:56:32.798 DEBUG 15190 --- [    Test worker] org.hibernate.cfg.Settings               : Second-level query cache: disabled
2019-12-07 13:56:32.798 DEBUG 15190 --- [    Test worker] org.hibernate.cfg.Settings               : Second-level query cache factory: null
2019-12-07 13:56:32.798 DEBUG 15190 --- [    Test worker] org.hibernate.cfg.Settings               : Second-level cache region prefix: null
2019-12-07 13:56:32.798 DEBUG 15190 --- [    Test worker] org.hibernate.cfg.Settings               : Optimize second-level cache for minimal puts: disabled
2019-12-07 13:56:32.798 DEBUG 15190 --- [    Test worker] org.hibernate.cfg.Settings               : Structured second-level cache entries: disabled
2019-12-07 13:56:32.798 DEBUG 15190 --- [    Test worker] org.hibernate.cfg.Settings               : Second-level cache direct-reference entries: disabled
2019-12-07 13:56:32.798 DEBUG 15190 --- [    Test worker] org.hibernate.cfg.Settings               : Automatic eviction of collection cache: disabled
2019-12-07 13:56:32.798 DEBUG 15190 --- [    Test worker] org.hibernate.cfg.Settings               : JDBC batch size: 15
2019-12-07 13:56:32.798 DEBUG 15190 --- [    Test worker] org.hibernate.cfg.Settings               : JDBC batch updates for versioned data: enabled
2019-12-07 13:56:32.798 DEBUG 15190 --- [    Test worker] org.hibernate.cfg.Settings               : Scrollable result sets: enabled
2019-12-07 13:56:32.798 DEBUG 15190 --- [    Test worker] org.hibernate.cfg.Settings               : Wrap result sets: disabled
2019-12-07 13:56:32.798 DEBUG 15190 --- [    Test worker] org.hibernate.cfg.Settings               : JDBC3 getGeneratedKeys(): enabled
2019-12-07 13:56:32.798 DEBUG 15190 --- [    Test worker] org.hibernate.cfg.Settings               : JDBC result set fetch size: null
2019-12-07 13:56:32.798 DEBUG 15190 --- [    Test worker] org.hibernate.cfg.Settings               : Connection release mode: ON_CLOSE
2019-12-07 13:56:32.798 DEBUG 15190 --- [    Test worker] org.hibernate.cfg.Settings               : Generate SQL with comments: disabled
2019-12-07 13:56:32.798 DEBUG 15190 --- [    Test worker] org.hibernate.cfg.Settings               : JPA compliance - query : 
2019-12-07 13:56:32.798 DEBUG 15190 --- [    Test worker] org.hibernate.cfg.Settings               : JPA compliance - closed-handling : 
2019-12-07 13:56:32.798 DEBUG 15190 --- [    Test worker] org.hibernate.cfg.Settings               : JPA compliance - lists : 
2019-12-07 13:56:32.798 DEBUG 15190 --- [    Test worker] org.hibernate.cfg.Settings               : JPA compliance - transactions : 
2019-12-07 13:56:32.805 DEBUG 15190 --- [    Test worker] o.h.j.e.i.CallbackBuilderLegacyImpl      : Adding touchForUpdate as PreUpdate callback for entity kr.gracelove.jojoldu.springboot.domain.user.User
[...]
2019-12-07 13:56:33.015 DEBUG 15190 --- [    Test worker] o.h.e.i.AbstractFlushingEventListener    : Flushed: 0 (re)creations, 0 updates, 0 removals to 0 collections
2019-12-07 13:56:33.016 DEBUG 15190 --- [    Test worker] o.hibernate.internal.util.EntityPrinter  : Listing entities:
2019-12-07 13:56:33.016 DEBUG 15190 --- [    Test worker] o.hibernate.internal.util.EntityPrinter  : kr.gracelove.jojoldu.springboot.domain.posts.Posts{createdDate=2019-12-07T13:56:33.010495, author=author, modifiedDate=2019-12-07T13:56:33.010495, id=2, title=title, content=content}
2019-12-07 13:56:33.016 DEBUG 15190 --- [    Test worker] org.hibernate.SQL                        : select posts0_.id as id1_0_, posts0_.created_date as created_2_0_, posts0_.modified_date as modified3_0_, posts0_.author as author4_0_, posts0_.content as content5_0_, posts0_.title as title6_0_ from posts posts0_
Hibernate: select posts0_.id as id1_0_, posts0_.created_date as created_2_0_, posts0_.modified_date as modified3_0_, posts0_.author as author4_0_, posts0_.content as content5_0_, posts0_.title as title6_0_ from posts posts0_
2019-12-07 13:56:33.016 DEBUG 15190 --- [    Test worker] org.hibernate.loader.Loader              : Result set row: 0
2019-12-07 13:56:33.016 DEBUG 15190 --- [    Test worker] org.hibernate.loader.Loader              : Result row: EntityKey[kr.gracelove.jojoldu.springboot.domain.posts.Posts#2]
2019-12-07 13:56:33.017 DEBUG 15190 --- [    Test worker] c.DefaultCacheAwareContextLoaderDelegate : Retrieved ApplicationContext from cache with key [[MergedContextConfiguration@619de4e8 testClass = PostsRepositoryTest, locations = '{}', classes = '{class kr.gracelove.jojoldu.springboot.Application}', contextInitializerClasses = '[]', activeProfiles = '{}', propertySourceLocations = '{}', propertySourceProperties = '{org.springframework.boot.test.autoconfigure.orm.jpa.DataJpaTestContextBootstrapper=true}', contextCustomizers = set[org.springframework.boot.test.autoconfigure.OverrideAutoConfigurationContextCustomizerFactory$DisableAutoConfigurationContextCustomizer@29891e1c, org.springframework.boot.test.autoconfigure.filter.TypeExcludeFiltersContextCustomizer@351584c0, org.springframework.boot.test.autoconfigure.properties.PropertyMappingContextCustomizer@558d0b83, org.springframework.boot.test.autoconfigure.web.servlet.WebDriverContextCustomizerFactory$Customizer@4e536a8f, [ImportsContextCustomizer@5b1fd7a5 key = [org.springframework.boot.autoconfigure.cache.CacheAutoConfiguration, org.springframework.boot.autoconfigure.data.jpa.JpaRepositoriesAutoConfiguration, org.springframework.boot.autoconfigure.flyway.FlywayAutoConfiguration, org.springframework.boot.autoconfigure.jdbc.DataSourceAutoConfiguration, org.springframework.boot.autoconfigure.jdbc.DataSourceTransactionManagerAutoConfiguration, org.springframework.boot.autoconfigure.jdbc.JdbcTemplateAutoConfiguration, org.springframework.boot.autoconfigure.liquibase.LiquibaseAutoConfiguration, org.springframework.boot.autoconfigure.orm.jpa.HibernateJpaAutoConfiguration, org.springframework.boot.autoconfigure.transaction.TransactionAutoConfiguration, org.springframework.boot.test.autoconfigure.jdbc.TestDatabaseAutoConfiguration, org.springframework.boot.test.autoconfigure.orm.jpa.TestEntityManagerAutoConfiguration]], org.springframework.boot.test.context.filter.ExcludeFilterContextCustomizer@1bdccf26, org.springframework.boot.test.json.DuplicateJsonObjectContextCustomizerFactory$DuplicateJsonObjectContextCustomizer@640f81a4, org.springframework.boot.test.mock.mockito.MockitoContextCustomizer@0], contextLoader = 'org.springframework.boot.test.context.SpringBootContextLoader', parent = [null]]]
2019-12-07 13:56:33.017 DEBUG 15190 --- [    Test worker] org.springframework.test.context.cache   : Spring test ApplicationContext cache statistics: [DefaultContextCache@1e7bd3ac size = 2, maxSize = 32, parentContextCount = 0, hitCount = 27, missCount = 2]
2019-12-07 13:56:33.017 DEBUG 15190 --- [    Test worker] c.DefaultCacheAwareContextLoaderDelegate : Retrieved ApplicationContext from cache with key [[MergedContextConfiguration@619de4e8 testClass = PostsRepositoryTest, locations = '{}', classes = '{class kr.gracelove.jojoldu.springboot.Application}', contextInitializerClasses = '[]', activeProfiles = '{}', propertySourceLocations = '{}', propertySourceProperties = '{org.springframework.boot.test.autoconfigure.orm.jpa.DataJpaTestContextBootstrapper=true}', contextCustomizers = set[org.springframework.boot.test.autoconfigure.OverrideAutoConfigurationContextCustomizerFactory$DisableAutoConfigurationContextCustomizer@29891e1c, org.springframework.boot.test.autoconfigure.filter.TypeExcludeFiltersContextCustomizer@351584c0, org.springframework.boot.test.autoconfigure.properties.PropertyMappingContextCustomizer@558d0b83, org.springframework.boot.test.autoconfigure.web.servlet.WebDriverContextCustomizerFactory$Customizer@4e536a8f, [ImportsContextCustomizer@5b1fd7a5 key = [org.springframework.boot.autoconfigure.cache.CacheAutoConfiguration, org.springframework.boot.autoconfigure.data.jpa.JpaRepositoriesAutoConfiguration, org.springframework.boot.autoconfigure.flyway.FlywayAutoConfiguration, org.springframework.boot.autoconfigure.jdbc.DataSourceAutoConfiguration, org.springframework.boot.autoconfigure.jdbc.DataSourceTransactionManagerAutoConfiguration, org.springframework.boot.autoconfigure.jdbc.JdbcTemplateAutoConfiguration, org.springframework.boot.autoconfigure.liquibase.LiquibaseAutoConfiguration, org.springframework.boot.autoconfigure.orm.jpa.HibernateJpaAutoConfiguration, org.springframework.boot.autoconfigure.transaction.TransactionAutoConfiguration, org.springframework.boot.test.autoconfigure.jdbc.TestDatabaseAutoConfiguration, org.springframework.boot.test.autoconfigure.orm.jpa.TestEntityManagerAutoConfiguration]], org.springframework.boot.test.context.filter.ExcludeFilterContextCustomizer@1bdccf26, org.springframework.boot.test.json.DuplicateJsonObjectContextCustomizerFactory$DuplicateJsonObjectContextCustomizer@640f81a4, org.springframework.boot.test.mock.mockito.MockitoContextCustomizer@0], contextLoader = 'org.springframework.boot.test.context.SpringBootContextLoader', parent = [null]]]
2019-12-07 13:56:33.017 DEBUG 15190 --- [    Test worker] org.springframework.test.context.cache   : Spring test ApplicationContext cache statistics: [DefaultContextCache@1e7bd3ac size = 2, maxSize = 32, parentContextCount = 0, hitCount = 28, missCount = 2]
2019-12-07 13:56:33.017 DEBUG 15190 --- [    Test worker] c.DefaultCacheAwareContextLoaderDelegate : Retrieved ApplicationContext from cache with key [[MergedContextConfiguration@619de4e8 testClass = PostsRepositoryTest, locations = '{}', classes = '{class kr.gracelove.jojoldu.springboot.Application}', contextInitializerClasses = '[]', activeProfiles = '{}', propertySourceLocations = '{}', propertySourceProperties = '{org.springframework.boot.test.autoconfigure.orm.jpa.DataJpaTestContextBootstrapper=true}', contextCustomizers = set[org.springframework.boot.test.autoconfigure.OverrideAutoConfigurationContextCustomizerFactory$DisableAutoConfigurationContextCustomizer@29891e1c, org.springframework.boot.test.autoconfigure.filter.TypeExcludeFiltersContextCustomizer@351584c0, org.springframework.boot.test.autoconfigure.properties.PropertyMappingContextCustomizer@558d0b83, org.springframework.boot.test.autoconfigure.web.servlet.WebDriverContextCustomizerFactory$Customizer@4e536a8f, [ImportsContextCustomizer@5b1fd7a5 key = [org.springframework.boot.autoconfigure.cache.CacheAutoConfiguration, org.springframework.boot.autoconfigure.data.jpa.JpaRepositoriesAutoConfiguration, org.springframework.boot.autoconfigure.flyway.FlywayAutoConfiguration, org.springframework.boot.autoconfigure.jdbc.DataSourceAutoConfiguration, org.springframework.boot.autoconfigure.jdbc.DataSourceTransactionManagerAutoConfiguration, org.springframework.boot.autoconfigure.jdbc.JdbcTemplateAutoConfiguration, org.springframework.boot.autoconfigure.liquibase.LiquibaseAutoConfiguration, org.springframework.boot.autoconfigure.orm.jpa.HibernateJpaAutoConfiguration, org.springframework.boot.autoconfigure.transaction.TransactionAutoConfiguration, org.springframework.boot.test.autoconfigure.jdbc.TestDatabaseAutoConfiguration, org.springframework.boot.test.autoconfigure.orm.jpa.TestEntityManagerAutoConfiguration]], org.springframework.boot.test.context.filter.ExcludeFilterContextCustomizer@1bdccf26, org.springframework.boot.test.json.DuplicateJsonObjectContextCustomizerFactory$DuplicateJsonObjectContextCustomizer@640f81a4, org.springframework.boot.test.mock.mockito.MockitoContextCustomizer@0], contextLoader = 'org.springframework.boot.test.context.SpringBootContextLoader', parent = [null]]]
2019-12-07 13:56:33.017 DEBUG 15190 --- [    Test worker] org.springframework.test.context.cache   : Spring test ApplicationContext cache statistics: [DefaultContextCache@1e7bd3ac size = 2, maxSize = 32, parentContextCount = 0, hitCount = 29, missCount = 2]
2019-12-07 13:56:33.018 DEBUG 15190 --- [    Test worker] c.DefaultCacheAwareContextLoaderDelegate : Retrieved ApplicationContext from cache with key [[MergedContextConfiguration@619de4e8 testClass = PostsRepositoryTest, locations = '{}', classes = '{class kr.gracelove.jojoldu.springboot.Application}', contextInitializerClasses = '[]', activeProfiles = '{}', propertySourceLocations = '{}', propertySourceProperties = '{org.springframework.boot.test.autoconfigure.orm.jpa.DataJpaTestContextBootstrapper=true}', contextCustomizers = set[org.springframework.boot.test.autoconfigure.OverrideAutoConfigurationContextCustomizerFactory$DisableAutoConfigurationContextCustomizer@29891e1c, org.springframework.boot.test.autoconfigure.filter.TypeExcludeFiltersContextCustomizer@351584c0, org.springframework.boot.test.autoconfigure.properties.PropertyMappingContextCustomizer@558d0b83, org.springframework.boot.test.autoconfigure.web.servlet.WebDriverContextCustomizerFactory$Customizer@4e536a8f, [ImportsContextCustomizer@5b1fd7a5 key = [org.springframework.boot.autoconfigure.cache.CacheAutoConfiguration, org.springframework.boot.autoconfigure.data.jpa.JpaRepositoriesAutoConfiguration, org.springframework.boot.autoconfigure.flyway.FlywayAutoConfiguration, org.springframework.boot.autoconfigure.jdbc.DataSourceAutoConfiguration, org.springframework.boot.autoconfigure.jdbc.DataSourceTransactionManagerAutoConfiguration, org.springframework.boot.autoconfigure.jdbc.JdbcTemplateAutoConfiguration, org.springframework.boot.autoconfigure.liquibase.LiquibaseAutoConfiguration, org.springframework.boot.autoconfigure.orm.jpa.HibernateJpaAutoConfiguration, org.springframework.boot.autoconfigure.transaction.TransactionAutoConfiguration, org.springframework.boot.test.autoconfigure.jdbc.TestDatabaseAutoConfiguration, org.springframework.boot.test.autoconfigure.orm.jpa.TestEntityManagerAutoConfiguration]], org.springframework.boot.test.context.filter.ExcludeFilterContextCustomizer@1bdccf26, org.springframework.boot.test.json.DuplicateJsonObjectContextCustomizerFactory$DuplicateJsonObjectContextCustomizer@640f81a4, org.springframework.boot.test.mock.mockito.MockitoContextCustomizer@0], contextLoader = 'org.springframework.boot.test.context.SpringBootContextLoader', parent = [null]]]
2019-12-07 13:56:33.018 DEBUG 15190 --- [    Test worker] org.springframework.test.context.cache   : Spring test ApplicationContext cache statistics: [DefaultContextCache@1e7bd3ac size = 2, maxSize = 32, parentContextCount = 0, hitCount = 30, missCount = 2]
2019-12-07 13:56:33.019 DEBUG 15190 --- [    Test worker] o.s.orm.jpa.JpaTransactionManager        : Initiating transaction rollback
2019-12-07 13:56:33.019 DEBUG 15190 --- [    Test worker] o.s.orm.jpa.JpaTransactionManager        : Rolling back JPA transaction on EntityManager [SessionImpl(1676350023<open>)]
2019-12-07 13:56:33.019 DEBUG 15190 --- [    Test worker] o.h.e.t.internal.TransactionImpl         : rolling back
2019-12-07 13:56:33.019 DEBUG 15190 --- [    Test worker] o.s.orm.jpa.JpaTransactionManager        : Closing JPA EntityManager [SessionImpl(1676350023<open>)] after transaction
2019-12-07 13:56:33.019  INFO 15190 --- [    Test worker] o.s.t.c.transaction.TransactionContext   : Rolled back transaction for test: [DefaultTestContext@50954e13 testClass = PostsRepositoryTest, testInstance = kr.gracelove.jojoldu.springboot.domain.posts.PostsRepositoryTest@46ac5f9b, testMethod = BaseTimeEntity_등록@PostsRepositoryTest, testException = [null], mergedContextConfiguration = [MergedContextConfiguration@619de4e8 testClass = PostsRepositoryTest, locations = '{}', classes = '{class kr.gracelove.jojoldu.springboot.Application}', contextInitializerClasses = '[]', activeProfiles = '{}', propertySourceLocations = '{}', propertySourceProperties = '{org.springframework.boot.test.autoconfigure.orm.jpa.DataJpaTestContextBootstrapper=true}', contextCustomizers = set[org.springframework.boot.test.autoconfigure.OverrideAutoConfigurationContextCustomizerFactory$DisableAutoConfigurationContextCustomizer@29891e1c, org.springframework.boot.test.autoconfigure.filter.TypeExcludeFiltersContextCustomizer@351584c0, org.springframework.boot.test.autoconfigure.properties.PropertyMappingContextCustomizer@558d0b83, org.springframework.boot.test.autoconfigure.web.servlet.WebDriverContextCustomizerFactory$Customizer@4e536a8f, [ImportsContextCustomizer@5b1fd7a5 key = [org.springframework.boot.autoconfigure.cache.CacheAutoConfiguration, org.springframework.boot.autoconfigure.data.jpa.JpaRepositoriesAutoConfiguration, org.springframework.boot.autoconfigure.flyway.FlywayAutoConfiguration, org.springframework.boot.autoconfigure.jdbc.DataSourceAutoConfiguration, org.springframework.boot.autoconfigure.jdbc.DataSourceTransactionManagerAutoConfiguration, org.springframework.boot.autoconfigure.jdbc.JdbcTemplateAutoConfiguration, org.springframework.boot.autoconfigure.liquibase.LiquibaseAutoConfiguration, org.springframework.boot.autoconfigure.orm.jpa.HibernateJpaAutoConfiguration, org.springframework.boot.autoconfigure.transaction.TransactionAutoConfiguration, org.springframework.boot.test.autoconfigure.jdbc.TestDatabaseAutoConfiguration, org.springframework.boot.test.autoconfigure.orm.jpa.TestEntityManagerAutoConfiguration]], org.springframework.boot.test.context.filter.ExcludeFilterContextCustomizer@1bdccf26, org.springframework.boot.test.json.DuplicateJsonObjectContextCustomizerFactory$DuplicateJsonObjectContextCustomizer@640f81a4, org.springframework.boot.test.mock.mockito.MockitoContextCustomizer@0], contextLoader = 'org.springframework.boot.test.context.SpringBootContextLoader', parent = [null]], attributes = map[[empty]]]
2019-12-07 13:56:33.020 DEBUG 15190 --- [    Test worker] tractDirtiesContextTestExecutionListener : After test method: context [DefaultTestContext@50954e13 testClass = PostsRepositoryTest, testInstance = kr.gracelove.jojoldu.springboot.domain.posts.PostsRepositoryTest@46ac5f9b, testMethod = BaseTimeEntity_등록@PostsRepositoryTest, testException = [null], mergedContextConfiguration = [MergedContextConfiguration@619de4e8 testClass = PostsRepositoryTest, locations = '{}', classes = '{class kr.gracelove.jojoldu.springboot.Application}', contextInitializerClasses = '[]', activeProfiles = '{}', propertySourceLocations = '{}', propertySourceProperties = '{org.springframework.boot.test.autoconfigure.orm.jpa.DataJpaTestContextBootstrapper=true}', contextCustomizers = set[org.springframework.boot.test.autoconfigure.OverrideAutoConfigurationContextCustomizerFactory$DisableAutoConfigurationContextCustomizer@29891e1c, org.springframework.boot.test.autoconfigure.filter.TypeExcludeFiltersContextCustomizer@351584c0, org.springframework.boot.test.autoconfigure.properties.PropertyMappingContextCustomizer@558d0b83, org.springframework.boot.test.autoconfigure.web.servlet.WebDriverContextCustomizerFactory$Customizer@4e536a8f, [ImportsContextCustomizer@5b1fd7a5 key = [org.springframework.boot.autoconfigure.cache.CacheAutoConfiguration, org.springframework.boot.autoconfigure.data.jpa.JpaRepositoriesAutoConfiguration, org.springframework.boot.autoconfigure.flyway.FlywayAutoConfiguration, org.springframework.boot.autoconfigure.jdbc.DataSourceAutoConfiguration, org.springframework.boot.autoconfigure.jdbc.DataSourceTransactionManagerAutoConfiguration, org.springframework.boot.autoconfigure.jdbc.JdbcTemplateAutoConfiguration, org.springframework.boot.autoconfigure.liquibase.LiquibaseAutoConfiguration, org.springframework.boot.autoconfigure.orm.jpa.HibernateJpaAutoConfiguration, org.springframework.boot.autoconfigure.transaction.TransactionAutoConfiguration, org.springframework.boot.test.autoconfigure.jdbc.TestDatabaseAutoConfiguration, org.springframework.boot.test.autoconfigure.orm.jpa.TestEntityManagerAutoConfiguration]], org.springframework.boot.test.context.filter.ExcludeFilterContextCustomizer@1bdccf26, org.springframework.boot.test.json.DuplicateJsonObjectContextCustomizerFactory$DuplicateJsonObjectContextCustomizer@640f81a4, org.springframework.boot.test.mock.mockito.MockitoContextCustomizer@0], contextLoader = 'org.springframework.boot.test.context.SpringBootContextLoader', parent = [null]], attributes = map[[empty]]], class annotated with @DirtiesContext [false] with mode [null], method annotated with @DirtiesContext [false] with mode [null].
2019-12-07 13:56:33.020 DEBUG 15190 --- [    Test worker] tractDirtiesContextTestExecutionListener : After test class: context [DefaultTestContext@50954e13 testClass = PostsRepositoryTest, testInstance = [null], testMethod = [null], testException = [null], mergedContextConfiguration = [MergedContextConfiguration@619de4e8 testClass = PostsRepositoryTest, locations = '{}', classes = '{class kr.gracelove.jojoldu.springboot.Application}', contextInitializerClasses = '[]', activeProfiles = '{}', propertySourceLocations = '{}', propertySourceProperties = '{org.springframework.boot.test.autoconfigure.orm.jpa.DataJpaTestContextBootstrapper=true}', contextCustomizers = set[org.springframework.boot.test.autoconfigure.OverrideAutoConfigurationContextCustomizerFactory$DisableAutoConfigurationContextCustomizer@29891e1c, org.springframework.boot.test.autoconfigure.filter.TypeExcludeFiltersContextCustomizer@351584c0, org.springframework.boot.test.autoconfigure.properties.PropertyMappingContextCustomizer@558d0b83, org.springframework.boot.test.autoconfigure.web.servlet.WebDriverContextCustomizerFactory$Customizer@4e536a8f, [ImportsContextCustomizer@5b1fd7a5 key = [org.springframework.boot.autoconfigure.cache.CacheAutoConfiguration, org.springframework.boot.autoconfigure.data.jpa.JpaRepositoriesAutoConfiguration, org.springframework.boot.autoconfigure.flyway.FlywayAutoConfiguration, org.springframework.boot.autoconfigure.jdbc.DataSourceAutoConfiguration, org.springframework.boot.autoconfigure.jdbc.DataSourceTransactionManagerAutoConfiguration, org.springframework.boot.autoconfigure.jdbc.JdbcTemplateAutoConfiguration, org.springframework.boot.autoconfigure.liquibase.LiquibaseAutoConfiguration, org.springframework.boot.autoconfigure.orm.jpa.HibernateJpaAutoConfiguration, org.springframework.boot.autoconfigure.transaction.TransactionAutoConfiguration, org.springframework.boot.test.autoconfigure.jdbc.TestDatabaseAutoConfiguration, org.springframework.boot.test.autoconfigure.orm.jpa.TestEntityManagerAutoConfiguration]], org.springframework.boot.test.context.filter.ExcludeFilterContextCustomizer@1bdccf26, org.springframework.boot.test.json.DuplicateJsonObjectContextCustomizerFactory$DuplicateJsonObjectContextCustomizer@640f81a4, org.springframework.boot.test.mock.mockito.MockitoContextCustomizer@0], contextLoader = 'org.springframework.boot.test.context.SpringBootContextLoader', parent = [null]], attributes = map[[empty]]], class annotated with @DirtiesContext [false] with mode [null].
]]></system-out>
  <system-err><![CDATA[]]></system-err>
</testsuite>
