<?xml version="1.0" encoding="UTF-8"?>
<testsuite name="kr.gracelove.jojoldu.springboot.domain.posts.PostsRepositoryTest" tests="2" skipped="0" failures="0" errors="0" timestamp="2019-12-06T02:18:47" hostname="govlmo91ui-MacBookPro.local" time="0.035">
  <properties/>
  <testcase name="게시글_저장_불러오기" classname="kr.gracelove.jojoldu.springboot.domain.posts.PostsRepositoryTest" time="0.024"/>
  <testcase name="BaseTimeEntity_등록" classname="kr.gracelove.jojoldu.springboot.domain.posts.PostsRepositoryTest" time="0.01"/>
  <system-out><![CDATA[2019-12-06 11:18:47.585 DEBUG 7503 --- [    Test worker] o.s.t.c.junit4.SpringJUnit4ClassRunner   : SpringJUnit4ClassRunner constructor called with [class kr.gracelove.jojoldu.springboot.domain.posts.PostsRepositoryTest]
2019-12-06 11:18:47.585 DEBUG 7503 --- [    Test worker] o.s.test.context.BootstrapUtils          : Instantiating CacheAwareContextLoaderDelegate from class [org.springframework.test.context.cache.DefaultCacheAwareContextLoaderDelegate]
2019-12-06 11:18:47.585 DEBUG 7503 --- [    Test worker] o.s.test.context.BootstrapUtils          : Instantiating BootstrapContext using constructor [public org.springframework.test.context.support.DefaultBootstrapContext(java.lang.Class,org.springframework.test.context.CacheAwareContextLoaderDelegate)]
2019-12-06 11:18:47.586 DEBUG 7503 --- [    Test worker] o.s.test.context.BootstrapUtils          : Instantiating TestContextBootstrapper for test class [kr.gracelove.jojoldu.springboot.domain.posts.PostsRepositoryTest] from class [org.springframework.boot.test.autoconfigure.orm.jpa.DataJpaTestContextBootstrapper]
2019-12-06 11:18:47.586  INFO 7503 --- [    Test worker] b.t.a.o.j.DataJpaTestContextBootstrapper : Neither @ContextConfiguration nor @ContextHierarchy found for test class [kr.gracelove.jojoldu.springboot.domain.posts.PostsRepositoryTest], using SpringBootContextLoader
2019-12-06 11:18:47.586 DEBUG 7503 --- [    Test worker] o.s.t.c.support.AbstractContextLoader    : Did not detect default resource location for test class [kr.gracelove.jojoldu.springboot.domain.posts.PostsRepositoryTest]: class path resource [kr/gracelove/jojoldu/springboot/domain/posts/PostsRepositoryTest-context.xml] does not exist
2019-12-06 11:18:47.586 DEBUG 7503 --- [    Test worker] o.s.t.c.support.AbstractContextLoader    : Did not detect default resource location for test class [kr.gracelove.jojoldu.springboot.domain.posts.PostsRepositoryTest]: class path resource [kr/gracelove/jojoldu/springboot/domain/posts/PostsRepositoryTestContext.groovy] does not exist
2019-12-06 11:18:47.587  INFO 7503 --- [    Test worker] o.s.t.c.support.AbstractContextLoader    : Could not detect default resource locations for test class [kr.gracelove.jojoldu.springboot.domain.posts.PostsRepositoryTest]: no resource found for suffixes {-context.xml, Context.groovy}.
2019-12-06 11:18:47.587  INFO 7503 --- [    Test worker] t.c.s.AnnotationConfigContextLoaderUtils : Could not detect default configuration classes for test class [kr.gracelove.jojoldu.springboot.domain.posts.PostsRepositoryTest]: PostsRepositoryTest does not declare any static, non-private, non-final, nested classes annotated with @Configuration.
2019-12-06 11:18:47.592 DEBUG 7503 --- [    Test worker] o.s.t.c.support.ActiveProfilesUtils      : Could not find an 'annotation declaring class' for annotation type [org.springframework.test.context.ActiveProfiles] and class [kr.gracelove.jojoldu.springboot.domain.posts.PostsRepositoryTest]
2019-12-06 11:18:47.596 DEBUG 7503 --- [    Test worker] ssPathScanningCandidateComponentProvider : Identified candidate component class: file [/Users/govlmo91/IdeaProjects/jojoldubook/build/classes/java/main/kr/gracelove/jojoldu/springboot/Application.class]
2019-12-06 11:18:47.597  INFO 7503 --- [    Test worker] .b.t.c.SpringBootTestContextBootstrapper : Found @SpringBootConfiguration kr.gracelove.jojoldu.springboot.Application for test class kr.gracelove.jojoldu.springboot.domain.posts.PostsRepositoryTest
2019-12-06 11:18:47.597 DEBUG 7503 --- [    Test worker] b.t.a.o.j.DataJpaTestContextBootstrapper : @TestExecutionListeners is not present for class [kr.gracelove.jojoldu.springboot.domain.posts.PostsRepositoryTest]: using defaults.
2019-12-06 11:18:47.597  INFO 7503 --- [    Test worker] b.t.a.o.j.DataJpaTestContextBootstrapper : Loaded default TestExecutionListener class names from location [META-INF/spring.factories]: [org.springframework.boot.test.autoconfigure.restdocs.RestDocsTestExecutionListener, org.springframework.boot.test.autoconfigure.web.client.MockRestServiceServerResetTestExecutionListener, org.springframework.boot.test.autoconfigure.web.servlet.MockMvcPrintOnlyOnFailureTestExecutionListener, org.springframework.boot.test.autoconfigure.web.servlet.WebDriverTestExecutionListener, org.springframework.boot.test.mock.mockito.MockitoTestExecutionListener, org.springframework.boot.test.mock.mockito.ResetMocksTestExecutionListener, org.springframework.test.context.web.ServletTestExecutionListener, org.springframework.test.context.support.DirtiesContextBeforeModesTestExecutionListener, org.springframework.test.context.support.DependencyInjectionTestExecutionListener, org.springframework.test.context.support.DirtiesContextTestExecutionListener, org.springframework.test.context.transaction.TransactionalTestExecutionListener, org.springframework.test.context.jdbc.SqlScriptsTestExecutionListener]
2019-12-06 11:18:47.597  INFO 7503 --- [    Test worker] b.t.a.o.j.DataJpaTestContextBootstrapper : Using TestExecutionListeners: [org.springframework.test.context.web.ServletTestExecutionListener@730f4adc, org.springframework.test.context.support.DirtiesContextBeforeModesTestExecutionListener@2c962e85, org.springframework.boot.test.mock.mockito.MockitoTestExecutionListener@6e48cf5d, org.springframework.boot.test.autoconfigure.SpringBootDependencyInjectionTestExecutionListener@77b591ff, org.springframework.test.context.support.DirtiesContextTestExecutionListener@7ee57c7f, org.springframework.test.context.transaction.TransactionalTestExecutionListener@639a8720, org.springframework.test.context.jdbc.SqlScriptsTestExecutionListener@4b009e29, org.springframework.boot.test.autoconfigure.restdocs.RestDocsTestExecutionListener@1061d4df, org.springframework.boot.test.autoconfigure.web.client.MockRestServiceServerResetTestExecutionListener@45b24428, org.springframework.boot.test.autoconfigure.web.servlet.MockMvcPrintOnlyOnFailureTestExecutionListener@72a66839, org.springframework.boot.test.autoconfigure.web.servlet.WebDriverTestExecutionListener@3d985192, org.springframework.boot.test.mock.mockito.ResetMocksTestExecutionListener@23c1bdd2]
2019-12-06 11:18:47.597 DEBUG 7503 --- [    Test worker] o.s.test.annotation.ProfileValueUtils    : Retrieved @ProfileValueSourceConfiguration [null] for test class [kr.gracelove.jojoldu.springboot.domain.posts.PostsRepositoryTest]
2019-12-06 11:18:47.597 DEBUG 7503 --- [    Test worker] o.s.test.annotation.ProfileValueUtils    : Retrieved ProfileValueSource type [class org.springframework.test.annotation.SystemProfileValueSource] for class [kr.gracelove.jojoldu.springboot.domain.posts.PostsRepositoryTest]
2019-12-06 11:18:47.598 DEBUG 7503 --- [    Test worker] o.s.test.annotation.ProfileValueUtils    : Retrieved @ProfileValueSourceConfiguration [null] for test class [kr.gracelove.jojoldu.springboot.domain.posts.PostsRepositoryTest]
2019-12-06 11:18:47.598 DEBUG 7503 --- [    Test worker] o.s.test.annotation.ProfileValueUtils    : Retrieved ProfileValueSource type [class org.springframework.test.annotation.SystemProfileValueSource] for class [kr.gracelove.jojoldu.springboot.domain.posts.PostsRepositoryTest]
2019-12-06 11:18:47.598 DEBUG 7503 --- [    Test worker] tractDirtiesContextTestExecutionListener : Before test class: context [DefaultTestContext@74853e86 testClass = PostsRepositoryTest, testInstance = [null], testMethod = [null], testException = [null], mergedContextConfiguration = [MergedContextConfiguration@35a3778f testClass = PostsRepositoryTest, locations = '{}', classes = '{class kr.gracelove.jojoldu.springboot.Application}', contextInitializerClasses = '[]', activeProfiles = '{}', propertySourceLocations = '{}', propertySourceProperties = '{org.springframework.boot.test.autoconfigure.orm.jpa.DataJpaTestContextBootstrapper=true}', contextCustomizers = set[org.springframework.boot.test.autoconfigure.OverrideAutoConfigurationContextCustomizerFactory$DisableAutoConfigurationContextCustomizer@23ff335c, org.springframework.boot.test.autoconfigure.filter.TypeExcludeFiltersContextCustomizer@351584c0, org.springframework.boot.test.autoconfigure.properties.PropertyMappingContextCustomizer@ccfee13c, org.springframework.boot.test.autoconfigure.web.servlet.WebDriverContextCustomizerFactory$Customizer@18c1dfe6, [ImportsContextCustomizer@4a48b468 key = [org.springframework.boot.autoconfigure.cache.CacheAutoConfiguration, org.springframework.boot.autoconfigure.data.jpa.JpaRepositoriesAutoConfiguration, org.springframework.boot.autoconfigure.flyway.FlywayAutoConfiguration, org.springframework.boot.autoconfigure.jdbc.DataSourceAutoConfiguration, org.springframework.boot.autoconfigure.jdbc.DataSourceTransactionManagerAutoConfiguration, org.springframework.boot.autoconfigure.jdbc.JdbcTemplateAutoConfiguration, org.springframework.boot.autoconfigure.liquibase.LiquibaseAutoConfiguration, org.springframework.boot.autoconfigure.orm.jpa.HibernateJpaAutoConfiguration, org.springframework.boot.autoconfigure.transaction.TransactionAutoConfiguration, org.springframework.boot.test.autoconfigure.jdbc.TestDatabaseAutoConfiguration, org.springframework.boot.test.autoconfigure.orm.jpa.TestEntityManagerAutoConfiguration]], org.springframework.boot.test.context.filter.ExcludeFilterContextCustomizer@4ca9ea9c, org.springframework.boot.test.json.DuplicateJsonObjectContextCustomizerFactory$DuplicateJsonObjectContextCustomizer@939cf91, org.springframework.boot.test.mock.mockito.MockitoContextCustomizer@0], contextLoader = 'org.springframework.boot.test.context.SpringBootContextLoader', parent = [null]], attributes = map[[empty]]], class annotated with @DirtiesContext [false] with mode [null].
2019-12-06 11:18:47.598 DEBUG 7503 --- [    Test worker] o.s.test.annotation.ProfileValueUtils    : Retrieved @ProfileValueSourceConfiguration [null] for test class [kr.gracelove.jojoldu.springboot.domain.posts.PostsRepositoryTest]
2019-12-06 11:18:47.598 DEBUG 7503 --- [    Test worker] o.s.test.annotation.ProfileValueUtils    : Retrieved ProfileValueSource type [class org.springframework.test.annotation.SystemProfileValueSource] for class [kr.gracelove.jojoldu.springboot.domain.posts.PostsRepositoryTest]
2019-12-06 11:18:47.598 DEBUG 7503 --- [    Test worker] DependencyInjectionTestExecutionListener : Performing dependency injection for test context [[DefaultTestContext@74853e86 testClass = PostsRepositoryTest, testInstance = kr.gracelove.jojoldu.springboot.domain.posts.PostsRepositoryTest@64c9bfde, testMethod = [null], testException = [null], mergedContextConfiguration = [MergedContextConfiguration@35a3778f testClass = PostsRepositoryTest, locations = '{}', classes = '{class kr.gracelove.jojoldu.springboot.Application}', contextInitializerClasses = '[]', activeProfiles = '{}', propertySourceLocations = '{}', propertySourceProperties = '{org.springframework.boot.test.autoconfigure.orm.jpa.DataJpaTestContextBootstrapper=true}', contextCustomizers = set[org.springframework.boot.test.autoconfigure.OverrideAutoConfigurationContextCustomizerFactory$DisableAutoConfigurationContextCustomizer@23ff335c, org.springframework.boot.test.autoconfigure.filter.TypeExcludeFiltersContextCustomizer@351584c0, org.springframework.boot.test.autoconfigure.properties.PropertyMappingContextCustomizer@ccfee13c, org.springframework.boot.test.autoconfigure.web.servlet.WebDriverContextCustomizerFactory$Customizer@18c1dfe6, [ImportsContextCustomizer@4a48b468 key = [org.springframework.boot.autoconfigure.cache.CacheAutoConfiguration, org.springframework.boot.autoconfigure.data.jpa.JpaRepositoriesAutoConfiguration, org.springframework.boot.autoconfigure.flyway.FlywayAutoConfiguration, org.springframework.boot.autoconfigure.jdbc.DataSourceAutoConfiguration, org.springframework.boot.autoconfigure.jdbc.DataSourceTransactionManagerAutoConfiguration, org.springframework.boot.autoconfigure.jdbc.JdbcTemplateAutoConfiguration, org.springframework.boot.autoconfigure.liquibase.LiquibaseAutoConfiguration, org.springframework.boot.autoconfigure.orm.jpa.HibernateJpaAutoConfiguration, org.springframework.boot.autoconfigure.transaction.TransactionAutoConfiguration, org.springframework.boot.test.autoconfigure.jdbc.TestDatabaseAutoConfiguration, org.springframework.boot.test.autoconfigure.orm.jpa.TestEntityManagerAutoConfiguration]], org.springframework.boot.test.context.filter.ExcludeFilterContextCustomizer@4ca9ea9c, org.springframework.boot.test.json.DuplicateJsonObjectContextCustomizerFactory$DuplicateJsonObjectContextCustomizer@939cf91, org.springframework.boot.test.mock.mockito.MockitoContextCustomizer@0], contextLoader = 'org.springframework.boot.test.context.SpringBootContextLoader', parent = [null]], attributes = map[[empty]]]].
2019-12-06 11:18:47.600 DEBUG 7503 --- [    Test worker] o.s.t.c.support.TestPropertySourceUtils  : Adding inlined properties to environment: {spring.jmx.enabled=false, org.springframework.boot.test.autoconfigure.orm.jpa.DataJpaTestContextBootstrapper=true, server.port=-1}
2019-12-06 11:18:47.600 DEBUG 7503 --- [    Test worker] o.s.core.env.StandardEnvironment         : Activating profiles []
2019-12-06 11:18:47.607 DEBUG 7503 --- [    Test worker] o.s.core.env.StandardEnvironment         : Activating profiles []
2019-12-06 11:18:47.611 DEBUG 7503 --- [    Test worker] .c.l.ClasspathLoggingApplicationListener : Application started with classpath: [file:/Users/govlmo91/.gradle/caches/5.5.1/workerMain/gradle-worker.jar, file:/Users/govlmo91/IdeaProjects/jojoldubook/build/classes/java/test/, file:/Users/govlmo91/IdeaProjects/jojoldubook/build/resources/test, file:/Users/govlmo91/IdeaProjects/jojoldubook/build/classes/java/main/, file:/Users/govlmo91/IdeaProjects/jojoldubook/build/resources/main/, file:/Users/govlmo91/.gradle/caches/modules-2/files-2.1/org.springframework.boot/spring-boot-starter-mustache/2.1.7.RELEASE/c52b1725d81a61eac91af3196a65c17adef75357/spring-boot-starter-mustache-2.1.7.RELEASE.jar, file:/Users/govlmo91/.gradle/caches/modules-2/files-2.1/org.projectlombok/lombok/1.18.8/448003bc1b234aac04b58e27d7755c12c3ec4236/lombok-1.18.8.jar, file:/Users/govlmo91/.gradle/caches/modules-2/files-2.1/org.springframework.boot/spring-boot-starter-web/2.1.7.RELEASE/fa43baf40bde3ecdb93ac9c545dd39f82ab29c35/spring-boot-starter-web-2.1.7.RELEASE.jar, file:/Users/govlmo91/.gradle/caches/modules-2/files-2.1/org.springframework.boot/spring-boot-starter-data-jpa/2.1.7.RELEASE/5e4a5d5442f32f5e12b36674a620ec57b0b66c6e/spring-boot-starter-data-jpa-2.1.7.RELEASE.jar, file:/Users/govlmo91/.gradle/caches/modules-2/files-2.1/com.h2database/h2/1.4.199/7bf08152984ed8859740ae3f97fae6c72771ae45/h2-1.4.199.jar, file:/Users/govlmo91/.gradle/caches/modules-2/files-2.1/org.springframework.boot/spring-boot-starter-test/2.1.7.RELEASE/39e82379a28c217ab892eb00ef601dc0571f56a4/spring-boot-starter-test-2.1.7.RELEASE.jar, file:/Users/govlmo91/.gradle/caches/modules-2/files-2.1/org.springframework.boot/spring-boot-starter-json/2.1.7.RELEASE/9c12f046a7c4ae110d89163a491ad0d7cf036e79/spring-boot-starter-json-2.1.7.RELEASE.jar, file:/Users/govlmo91/.gradle/caches/modules-2/files-2.1/org.springframework.boot/spring-boot-starter-aop/2.1.7.RELEASE/4577d056af1f823bb7730c99f43c3268dd697310/spring-boot-starter-aop-2.1.7.RELEASE.jar, file:/Users/govlmo91/.gradle/caches/modules-2/files-2.1/org.springframework.boot/spring-boot-starter-jdbc/2.1.7.RELEASE/3ea97a134b44a886ff529215e7bec04bfd93fa5b/spring-boot-starter-jdbc-2.1.7.RELEASE.jar, file:/Users/govlmo91/.gradle/caches/modules-2/files-2.1/org.springframework.boot/spring-boot-starter/2.1.7.RELEASE/e23f4e9460e0e2220b444e40fc7fd6e95f66e0fe/spring-boot-starter-2.1.7.RELEASE.jar, file:/Users/govlmo91/.gradle/caches/modules-2/files-2.1/com.samskivert/jmustache/1.14/495441daa241e5f48d555597fffa2b1dfc8c60d1/jmustache-1.14.jar, file:/Users/govlmo91/.gradle/caches/modules-2/files-2.1/org.springframework.boot/spring-boot-starter-tomcat/2.1.7.RELEASE/11f2a86aefefba72a4efe5ff18f4165a4b4e78b/spring-boot-starter-tomcat-2.1.7.RELEASE.jar, file:/Users/govlmo91/.gradle/caches/modules-2/files-2.1/org.hibernate.validator/hibernate-validator/6.0.17.Final/af73055fc4a103ab347c56e7da5a143d68a0170/hibernate-validator-6.0.17.Final.jar, file:/Users/govlmo91/.gradle/caches/modules-2/files-2.1/org.springframework/spring-webmvc/5.1.9.RELEASE/b9d4a2140488f0e6f9aa231e7938ae18da77b637/spring-webmvc-5.1.9.RELEASE.jar, file:/Users/govlmo91/.gradle/caches/modules-2/files-2.1/org.springframework/spring-web/5.1.9.RELEASE/9fe4390420fdd0b63dc4ed90d9027dafa9f74f80/spring-web-5.1.9.RELEASE.jar, file:/Users/govlmo91/.gradle/caches/modules-2/files-2.1/javax.transaction/javax.transaction-api/1.3/e006adf5cf3cca2181d16bd640ecb80148ec0fce/javax.transaction-api-1.3.jar, file:/Users/govlmo91/.gradle/caches/modules-2/files-2.1/javax.xml.bind/jaxb-api/2.3.1/8531ad5ac454cc2deb9d4d32c40c4d7451939b5d/jaxb-api-2.3.1.jar, file:/Users/govlmo91/.gradle/caches/modules-2/files-2.1/org.hibernate/hibernate-core/5.3.10.Final/e608b854325005edbf43cb2b6041fdafd3f2eb57/hibernate-core-5.3.10.Final.jar, file:/Users/govlmo91/.gradle/caches/modules-2/files-2.1/org.springframework.data/spring-data-jpa/2.1.10.RELEASE/12639406aa28c3a5195a1a4c9077fe562f54bc31/spring-data-jpa-2.1.10.RELEASE.jar, file:/Users/govlmo91/.gradle/caches/modules-2/files-2.1/org.springframework/spring-aspects/5.1.9.RELEASE/a8aec853c345ed54a99627cee9f755ce7dbb734/spring-aspects-5.1.9.RELEASE.jar, file:/Users/govlmo91/.gradle/caches/modules-2/files-2.1/org.springframework.boot/spring-boot-test-autoconfigure/2.1.7.RELEASE/8c9847259e14419d2bcc4eed26bcf48dc56686ef/spring-boot-test-autoconfigure-2.1.7.RELEASE.jar, file:/Users/govlmo91/.gradle/caches/modules-2/files-2.1/org.springframework.boot/spring-boot-test/2.1.7.RELEASE/70ed88830a08e8baa0b562090168fdba0e92810/spring-boot-test-2.1.7.RELEASE.jar, file:/Users/govlmo91/.gradle/caches/modules-2/files-2.1/com.jayway.jsonpath/json-path/2.4.0/765a4401ceb2dc8d40553c2075eb80a8fa35c2ae/json-path-2.4.0.jar, file:/Users/govlmo91/.gradle/caches/modules-2/files-2.1/junit/junit/4.12/2973d150c0dc1fefe998f834810d68f278ea58ec/junit-4.12.jar, file:/Users/govlmo91/.gradle/caches/modules-2/files-2.1/org.assertj/assertj-core/3.11.1/fdac3217b804d6900fa3650f17b5cb48e620b140/assertj-core-3.11.1.jar, file:/Users/govlmo91/.gradle/caches/modules-2/files-2.1/org.mockito/mockito-core/2.23.4/a35b6f8ffcfa786771eac7d7d903429e790fdf3f/mockito-core-2.23.4.jar, file:/Users/govlmo91/.gradle/caches/modules-2/files-2.1/org.hamcrest/hamcrest-library/1.3/4785a3c21320980282f9f33d0d1264a69040538f/hamcrest-library-1.3.jar, file:/Users/govlmo91/.gradle/caches/modules-2/files-2.1/org.hamcrest/hamcrest-core/1.3/42a25dc3219429f0e5d060061f71acb49bf010a0/hamcrest-core-1.3.jar, file:/Users/govlmo91/.gradle/caches/modules-2/files-2.1/org.skyscreamer/jsonassert/1.5.0/6c9d5fe2f59da598d9aefc1cfc6528ff3cf32df3/jsonassert-1.5.0.jar, file:/Users/govlmo91/.gradle/caches/modules-2/files-2.1/org.springframework/spring-test/5.1.9.RELEASE/653fa9de816677b3318e7058af54e7ee56866b09/spring-test-5.1.9.RELEASE.jar, file:/Users/govlmo91/.gradle/caches/modules-2/files-2.1/org.springframework.boot/spring-boot-autoconfigure/2.1.7.RELEASE/2c9d3e2c6ea3cb435e99e2973009636b62a9d816/spring-boot-autoconfigure-2.1.7.RELEASE.jar, file:/Users/govlmo91/.gradle/caches/modules-2/files-2.1/org.springframework.boot/spring-boot/2.1.7.RELEASE/1599a2ad1fc6d36dbfc2a7c0dd5dab3a0bb27c61/spring-boot-2.1.7.RELEASE.jar, file:/Users/govlmo91/.gradle/caches/modules-2/files-2.1/org.springframework/spring-context/5.1.9.RELEASE/c37f8fe15a5ae4ea1f351bd46167fd492a84eefa/spring-context-5.1.9.RELEASE.jar, file:/Users/govlmo91/.gradle/caches/modules-2/files-2.1/org.springframework/spring-aop/5.1.9.RELEASE/bc2312ffad02251b9d472e4a7c0e472a58f50fbf/spring-aop-5.1.9.RELEASE.jar, file:/Users/govlmo91/.gradle/caches/modules-2/files-2.1/org.springframework/spring-orm/5.1.9.RELEASE/220169d217f7114706141fc0afba425a5b368dce/spring-orm-5.1.9.RELEASE.jar, file:/Users/govlmo91/.gradle/caches/modules-2/files-2.1/org.springframework/spring-jdbc/5.1.9.RELEASE/3fd70356ba8d7c00c4081c1a207766352624414e/spring-jdbc-5.1.9.RELEASE.jar, file:/Users/govlmo91/.gradle/caches/modules-2/files-2.1/org.springframework.data/spring-data-commons/2.1.10.RELEASE/c73a76070181b59b19df6893e1ca729263a69b47/spring-data-commons-2.1.10.RELEASE.jar, file:/Users/govlmo91/.gradle/caches/modules-2/files-2.1/org.springframework/spring-tx/5.1.9.RELEASE/a9125e2c8eeb193030f3972c6293616943c55ef2/spring-tx-5.1.9.RELEASE.jar, file:/Users/govlmo91/.gradle/caches/modules-2/files-2.1/org.springframework/spring-beans/5.1.9.RELEASE/5a03b3983108d73978aec2fa3e681aedad6782c/spring-beans-5.1.9.RELEASE.jar, file:/Users/govlmo91/.gradle/caches/modules-2/files-2.1/org.springframework/spring-expression/5.1.9.RELEASE/db3a2468c1b7d697ec3b3ec6e5652dc282994fe3/spring-expression-5.1.9.RELEASE.jar, file:/Users/govlmo91/.gradle/caches/modules-2/files-2.1/org.springframework/spring-core/5.1.9.RELEASE/dc3815439579b4fa0c19970e6b8e5d774af8d988/spring-core-5.1.9.RELEASE.jar, file:/Users/govlmo91/.gradle/caches/modules-2/files-2.1/org.xmlunit/xmlunit-core/2.6.3/cdb208320aed4a7b94fb236cfbf91aeb6d0ede14/xmlunit-core-2.6.3.jar, file:/Users/govlmo91/.gradle/caches/modules-2/files-2.1/org.springframework.boot/spring-boot-starter-logging/2.1.7.RELEASE/6e829f739992a7f368c0af44a08ed89ad2a1972f/spring-boot-starter-logging-2.1.7.RELEASE.jar, file:/Users/govlmo91/.gradle/caches/modules-2/files-2.1/javax.annotation/javax.annotation-api/1.3.2/934c04d3cfef185a8008e7bf34331b79730a9d43/javax.annotation-api-1.3.2.jar, file:/Users/govlmo91/.gradle/caches/modules-2/files-2.1/org.yaml/snakeyaml/1.23/ec62d74fe50689c28c0ff5b35d3aebcaa8b5be68/snakeyaml-1.23.jar, file:/Users/govlmo91/.gradle/caches/modules-2/files-2.1/com.fasterxml.jackson.datatype/jackson-datatype-jdk8/2.9.9/4b04126963103216c9c43b0f34bbc36315654204/jackson-datatype-jdk8-2.9.9.jar, file:/Users/govlmo91/.gradle/caches/modules-2/files-2.1/com.fasterxml.jackson.datatype/jackson-datatype-jsr310/2.9.9/a33df137557793b0404a486888dbe049f7abeeeb/jackson-datatype-jsr310-2.9.9.jar, file:/Users/govlmo91/.gradle/caches/modules-2/files-2.1/com.fasterxml.jackson.module/jackson-module-parameter-names/2.9.9/a92facb55a2538e7b2fe14294570a18b823ad431/jackson-module-parameter-names-2.9.9.jar, file:/Users/govlmo91/.gradle/caches/modules-2/files-2.1/com.fasterxml.jackson.core/jackson-databind/2.9.9/d6eb9817d9c7289a91f043ac5ee02a6b3cc86238/jackson-databind-2.9.9.jar, file:/Users/govlmo91/.gradle/caches/modules-2/files-2.1/org.apache.tomcat.embed/tomcat-embed-websocket/9.0.22/45974d3443cc15ad9d10239d762d5e15759e6364/tomcat-embed-websocket-9.0.22.jar, file:/Users/govlmo91/.gradle/caches/modules-2/files-2.1/org.apache.tomcat.embed/tomcat-embed-core/9.0.22/79f39903498b28adacb18fe2ea046edd306295a6/tomcat-embed-core-9.0.22.jar, file:/Users/govlmo91/.gradle/caches/modules-2/files-2.1/org.apache.tomcat.embed/tomcat-embed-el/9.0.22/4da4b778b635a7e78ca7cd7288253e2e47b88a9f/tomcat-embed-el-9.0.22.jar, file:/Users/govlmo91/.gradle/caches/modules-2/files-2.1/javax.validation/validation-api/2.0.1.Final/cb855558e6271b1b32e716d24cb85c7f583ce09e/validation-api-2.0.1.Final.jar, file:/Users/govlmo91/.gradle/caches/modules-2/files-2.1/org.hibernate.common/hibernate-commons-annotations/5.0.4.Final/965a18fdf939ee75e41f7918532d37b3a8350535/hibernate-commons-annotations-5.0.4.Final.jar, file:/Users/govlmo91/.gradle/caches/modules-2/files-2.1/org.jboss.logging/jboss-logging/3.3.2.Final/3789d00e859632e6c6206adc0c71625559e6e3b0/jboss-logging-3.3.2.Final.jar, file:/Users/govlmo91/.gradle/caches/modules-2/files-2.1/com.fasterxml/classmate/1.4.0/291658ac2ce2476256c7115943652c0accb5c857/classmate-1.4.0.jar, file:/Users/govlmo91/.gradle/caches/modules-2/files-2.1/org.aspectj/aspectjweaver/1.9.4/9205229878f3d62fbd3a32a0fb6be2d6ad8589a9/aspectjweaver-1.9.4.jar, file:/Users/govlmo91/.gradle/caches/modules-2/files-2.1/com.zaxxer/HikariCP/3.2.0/6c66db1c636ee90beb4c65fe34abd8ba9396bca6/HikariCP-3.2.0.jar, file:/Users/govlmo91/.gradle/caches/modules-2/files-2.1/javax.activation/javax.activation-api/1.2.0/85262acf3ca9816f9537ca47d5adeabaead7cb16/javax.activation-api-1.2.0.jar, file:/Users/govlmo91/.gradle/caches/modules-2/files-2.1/javax.persistence/javax.persistence-api/2.2/25665ac8c0b62f50e6488173233239120fc52c96/javax.persistence-api-2.2.jar, file:/Users/govlmo91/.gradle/caches/modules-2/files-2.1/org.javassist/javassist/3.23.2-GA/c5afe660a95e87ceb518e4f5cf02f5c56b547683/javassist-3.23.2-GA.jar, file:/Users/govlmo91/.gradle/caches/modules-2/files-2.1/net.bytebuddy/byte-buddy/1.9.16/e7d63009be7b87ff1f15b72e5b8c59c897a8d8bd/byte-buddy-1.9.16.jar, file:/Users/govlmo91/.gradle/caches/modules-2/files-2.1/antlr/antlr/2.7.7/83cd2cd674a217ade95a4bb83a8a14f351f48bd0/antlr-2.7.7.jar, file:/Users/govlmo91/.gradle/caches/modules-2/files-2.1/org.jboss/jandex/2.0.5.Final/7060f67764565b9ee9d467e3ed0cb8a9c601b23a/jandex-2.0.5.Final.jar, file:/Users/govlmo91/.gradle/caches/modules-2/files-2.1/org.dom4j/dom4j/2.1.1/3dce5dbb3571aa820c677fadd8349bfa8f00c199/dom4j-2.1.1.jar, file:/Users/govlmo91/.gradle/caches/modules-2/files-2.1/ch.qos.logback/logback-classic/1.2.3/7c4f3c474fb2c041d8028740440937705ebb473a/logback-classic-1.2.3.jar, file:/Users/govlmo91/.gradle/caches/modules-2/files-2.1/org.apache.logging.log4j/log4j-to-slf4j/2.11.2/6d37bf7b046c0ce2669f26b99365a2cfa45c4c18/log4j-to-slf4j-2.11.2.jar, file:/Users/govlmo91/.gradle/caches/modules-2/files-2.1/org.slf4j/jul-to-slf4j/1.7.26/8031352b2bb0a49e67818bf04c027aa92e645d5c/jul-to-slf4j-1.7.26.jar, file:/Users/govlmo91/.gradle/caches/modules-2/files-2.1/org.slf4j/slf4j-api/1.7.26/77100a62c2e6f04b53977b9f541044d7d722693d/slf4j-api-1.7.26.jar, file:/Users/govlmo91/.gradle/caches/modules-2/files-2.1/net.minidev/json-smart/2.3/7396407491352ce4fa30de92efb158adb76b5b/json-smart-2.3.jar, file:/Users/govlmo91/.gradle/caches/modules-2/files-2.1/net.bytebuddy/byte-buddy-agent/1.9.16/fd213511a0a845632456f636e576d24c2d6ac3bc/byte-buddy-agent-1.9.16.jar, file:/Users/govlmo91/.gradle/caches/modules-2/files-2.1/org.objenesis/objenesis/2.6/639033469776fd37c08358c6b92a4761feb2af4b/objenesis-2.6.jar, file:/Users/govlmo91/.gradle/caches/modules-2/files-2.1/com.vaadin.external.google/android-json/0.0.20131108.vaadin1/fa26d351fe62a6a17f5cda1287c1c6110dec413f/android-json-0.0.20131108.vaadin1.jar, file:/Users/govlmo91/.gradle/caches/modules-2/files-2.1/org.springframework/spring-jcl/5.1.9.RELEASE/7c372790c999777d20f364960cf557dd74f890cf/spring-jcl-5.1.9.RELEASE.jar, file:/Users/govlmo91/.gradle/caches/modules-2/files-2.1/com.fasterxml.jackson.core/jackson-annotations/2.9.0/7c10d545325e3a6e72e06381afe469fd40eb701/jackson-annotations-2.9.0.jar, file:/Users/govlmo91/.gradle/caches/modules-2/files-2.1/com.fasterxml.jackson.core/jackson-core/2.9.9/bfff5af9fb8347d26bbb7959cb9b4fe9a2b0ca5e/jackson-core-2.9.9.jar, file:/Users/govlmo91/.gradle/caches/modules-2/files-2.1/net.minidev/accessors-smart/1.2/c592b500269bfde36096641b01238a8350f8aa31/accessors-smart-1.2.jar, file:/Users/govlmo91/.gradle/caches/modules-2/files-2.1/ch.qos.logback/logback-core/1.2.3/864344400c3d4d92dfeb0a305dc87d953677c03c/logback-core-1.2.3.jar, file:/Users/govlmo91/.gradle/caches/modules-2/files-2.1/org.apache.logging.log4j/log4j-api/2.11.2/f5e9a2ffca496057d6891a3de65128efc636e26e/log4j-api-2.11.2.jar, file:/Users/govlmo91/.gradle/caches/modules-2/files-2.1/org.ow2.asm/asm/5.0.4/da08b8cce7bbf903602a25a3a163ae252435795/asm-5.0.4.jar]

  .   ____          _            __ _ _
 /\\ / ___'_ __ _ _(_)_ __  __ _ \ \ \ \
( ( )\___ | '_ | '_| | '_ \/ _` | \ \ \ \
 \\/  ___)| |_)| | | | | || (_| |  ) ) ) )
  '  |____| .__|_| |_|_| |_\__, | / / / /
 =========|_|==============|___/=/_/_/_/
 :: Spring Boot ::        (v2.1.7.RELEASE)

2019-12-06 11:18:47.616  INFO 7503 --- [    Test worker] k.g.j.s.d.posts.PostsRepositoryTest      : Starting PostsRepositoryTest on govlmo91ui-MacBookPro.local with PID 7503 (started by govlmo91 in /Users/govlmo91/IdeaProjects/jojoldubook)
2019-12-06 11:18:47.616 DEBUG 7503 --- [    Test worker] k.g.j.s.d.posts.PostsRepositoryTest      : Running with Spring Boot v2.1.7.RELEASE, Spring v5.1.9.RELEASE
2019-12-06 11:18:47.616  INFO 7503 --- [    Test worker] k.g.j.s.d.posts.PostsRepositoryTest      : No active profile set, falling back to default profiles: default
2019-12-06 11:18:47.617 DEBUG 7503 --- [    Test worker] o.s.boot.SpringApplication               : Loading source class kr.gracelove.jojoldu.springboot.Application
2019-12-06 11:18:47.618 DEBUG 7503 --- [    Test worker] o.s.b.c.c.ConfigFileApplicationListener  : Loaded config file 'file:/Users/govlmo91/IdeaProjects/jojoldubook/build/resources/main/application.properties' (classpath:/application.properties)
2019-12-06 11:18:47.618 DEBUG 7503 --- [    Test worker] s.c.a.AnnotationConfigApplicationContext : Refreshing org.springframework.context.annotation.AnnotationConfigApplicationContext@5c4ade69
2019-12-06 11:18:47.618 DEBUG 7503 --- [    Test worker] o.s.b.f.s.DefaultListableBeanFactory     : Creating shared instance of singleton bean 'org.springframework.context.annotation.internalConfigurationAnnotationProcessor'
2019-12-06 11:18:47.619 DEBUG 7503 --- [    Test worker] o.s.b.f.s.DefaultListableBeanFactory     : Creating shared instance of singleton bean 'org.springframework.boot.autoconfigure.internalCachingMetadataReaderFactory'
2019-12-06 11:18:47.639 DEBUG 7503 --- [    Test worker] o.s.c.e.PropertySourcesPropertyResolver  : Found key 'spring.boot.enableautoconfiguration' in PropertySource 'configurationProperties' with value of type String
2019-12-06 11:18:47.646 DEBUG 7503 --- [    Test worker] o.s.c.e.PropertySourcesPropertyResolver  : Found key 'spring.jmx.enabled' in PropertySource 'configurationProperties' with value of type String
2019-12-06 11:18:47.667 DEBUG 7503 --- [    Test worker] o.s.b.f.s.DefaultListableBeanFactory     : Creating shared instance of singleton bean 'org.springframework.boot.autoconfigure.condition.BeanTypeRegistry'
2019-12-06 11:18:47.672  INFO 7503 --- [    Test worker] .s.d.r.c.RepositoryConfigurationDelegate : Bootstrapping Spring Data repositories in DEFAULT mode.
2019-12-06 11:18:47.672 DEBUG 7503 --- [    Test worker] o.s.b.f.s.DefaultListableBeanFactory     : Creating shared instance of singleton bean 'org.springframework.boot.autoconfigure.AutoConfigurationPackages'
2019-12-06 11:18:47.672 DEBUG 7503 --- [    Test worker] o.s.b.a.AutoConfigurationPackages        : @EnableAutoConfiguration was declared on a class in the package 'kr.gracelove.jojoldu.springboot'. Automatic @Repository and @Entity scanning is enabled.
2019-12-06 11:18:47.672 DEBUG 7503 --- [    Test worker] .s.d.r.c.RepositoryConfigurationDelegate : Scanning for repositories in packages kr.gracelove.jojoldu.springboot.
2019-12-06 11:18:47.675 DEBUG 7503 --- [    Test worker] o.s.d.r.c.RepositoryComponentProvider    : Identified candidate component class: file [/Users/govlmo91/IdeaProjects/jojoldubook/build/classes/java/main/kr/gracelove/jojoldu/springboot/domain/posts/PostsRepository.class]
2019-12-06 11:18:47.679  INFO 7503 --- [    Test worker] .s.d.r.c.RepositoryConfigurationDelegate : Finished Spring Data repository scanning in 7ms. Found 1 repository interfaces.
2019-12-06 11:18:47.684 DEBUG 7503 --- [    Test worker] o.s.b.f.s.DefaultListableBeanFactory     : Creating shared instance of singleton bean 'org.springframework.boot.test.context.ImportsContextCustomizer$ImportsCleanupPostProcessor'
2019-12-06 11:18:47.684 DEBUG 7503 --- [    Test worker] o.s.b.f.s.DefaultListableBeanFactory     : Creating shared instance of singleton bean 'embeddedDataSourceBeanFactoryPostProcessor'
2019-12-06 11:18:47.685  INFO 7503 --- [    Test worker] beddedDataSourceBeanFactoryPostProcessor : Replacing 'dataSource' DataSource bean with embedded version
2019-12-06 11:18:47.688 DEBUG 7503 --- [    Test worker] o.s.b.f.s.DefaultListableBeanFactory     : Creating shared instance of singleton bean 'org.springframework.boot.test.mock.mockito.MockitoPostProcessor'
2019-12-06 11:18:47.689 DEBUG 7503 --- [    Test worker] o.s.b.f.s.DefaultListableBeanFactory     : Creating shared instance of singleton bean 'emBeanDefinitionRegistrarPostProcessor'
2019-12-06 11:18:47.690 DEBUG 7503 --- [    Test worker] o.s.b.f.s.DefaultListableBeanFactory     : Creating shared instance of singleton bean 'org.springframework.context.event.internalEventListenerProcessor'
2019-12-06 11:18:47.690 DEBUG 7503 --- [    Test worker] o.s.b.f.s.DefaultListableBeanFactory     : Creating shared instance of singleton bean 'org.springframework.data.jpa.domain.support.AuditingBeanFactoryPostProcessor'
2019-12-06 11:18:47.690 DEBUG 7503 --- [    Test worker] o.s.b.f.s.DefaultListableBeanFactory     : Creating shared instance of singleton bean 'org.springframework.boot.context.properties.ConfigurationBeanFactoryMetadata'
2019-12-06 11:18:47.690 DEBUG 7503 --- [    Test worker] o.s.b.f.s.DefaultListableBeanFactory     : Creating shared instance of singleton bean 'org.springframework.context.event.internalEventListenerFactory'
2019-12-06 11:18:47.690 DEBUG 7503 --- [    Test worker] o.s.b.f.s.DefaultListableBeanFactory     : Creating shared instance of singleton bean 'org.springframework.transaction.config.internalTransactionalEventListenerFactory'
2019-12-06 11:18:47.691 DEBUG 7503 --- [    Test worker] o.s.b.f.s.DefaultListableBeanFactory     : Creating shared instance of singleton bean 'org.springframework.context.annotation.internalAutowiredAnnotationProcessor'
2019-12-06 11:18:47.692 DEBUG 7503 --- [    Test worker] o.s.b.f.s.DefaultListableBeanFactory     : Creating shared instance of singleton bean 'org.springframework.context.annotation.internalCommonAnnotationProcessor'
2019-12-06 11:18:47.692 DEBUG 7503 --- [    Test worker] o.s.b.f.s.DefaultListableBeanFactory     : Creating shared instance of singleton bean 'org.springframework.context.annotation.internalPersistenceAnnotationProcessor'
2019-12-06 11:18:47.692 DEBUG 7503 --- [    Test worker] o.s.b.f.s.DefaultListableBeanFactory     : Creating shared instance of singleton bean 'org.springframework.boot.test.mock.mockito.MockitoPostProcessor$SpyPostProcessor'
2019-12-06 11:18:47.692 DEBUG 7503 --- [    Test worker] o.s.b.f.s.DefaultListableBeanFactory     : Creating shared instance of singleton bean 'org.springframework.boot.context.properties.ConfigurationPropertiesBindingPostProcessor'
2019-12-06 11:18:47.692 DEBUG 7503 --- [    Test worker] o.s.b.f.s.DefaultListableBeanFactory     : Creating shared instance of singleton bean 'dataSourceInitializerPostProcessor'
2019-12-06 11:18:47.694 DEBUG 7503 --- [    Test worker] o.s.b.f.s.DefaultListableBeanFactory     : Creating shared instance of singleton bean 'org.springframework.aop.config.internalAutoProxyCreator'
2019-12-06 11:18:47.700 DEBUG 7503 --- [    Test worker] o.s.b.f.s.DefaultListableBeanFactory     : Creating shared instance of singleton bean 'dataSourceInitializedPublisher'
2019-12-06 11:18:47.702 DEBUG 7503 --- [    Test worker] o.s.b.f.s.DefaultListableBeanFactory     : Creating shared instance of singleton bean 'org.springframework.context.config.internalBeanConfigurerAspect'
2019-12-06 11:18:47.706 DEBUG 7503 --- [    Test worker] o.s.b.f.s.DefaultListableBeanFactory     : Creating shared instance of singleton bean 'org.springframework.transaction.config.internalTransactionAdvisor'
2019-12-06 11:18:47.706 DEBUG 7503 --- [    Test worker] o.s.b.f.s.DefaultListableBeanFactory     : Creating shared instance of singleton bean 'org.springframework.transaction.annotation.ProxyTransactionManagementConfiguration'
2019-12-06 11:18:47.710 DEBUG 7503 --- [    Test worker] o.s.b.f.s.DefaultListableBeanFactory     : Creating shared instance of singleton bean 'transactionAttributeSource'
2019-12-06 11:18:47.712 DEBUG 7503 --- [    Test worker] o.s.b.f.s.DefaultListableBeanFactory     : Creating shared instance of singleton bean 'transactionInterceptor'
2019-12-06 11:18:47.719 DEBUG 7503 --- [    Test worker] o.s.b.f.s.DefaultListableBeanFactory     : Creating shared instance of singleton bean 'entityManagerFactory'
2019-12-06 11:18:47.719 DEBUG 7503 --- [    Test worker] o.s.b.f.s.DefaultListableBeanFactory     : Creating shared instance of singleton bean 'org.springframework.boot.autoconfigure.orm.jpa.HibernateJpaConfiguration'
2019-12-06 11:18:47.719 DEBUG 7503 --- [    Test worker] ocalVariableTableParameterNameDiscoverer : Cannot find '.class' file for class [class org.springframework.boot.autoconfigure.orm.jpa.HibernateJpaConfiguration$$EnhancerBySpringCGLIB$$61fd13f6] - unable to determine constructor/method parameter names
2019-12-06 11:18:47.720 DEBUG 7503 --- [    Test worker] o.s.b.f.s.DefaultListableBeanFactory     : Creating shared instance of singleton bean 'dataSource'
2019-12-06 11:18:47.722 DEBUG 7503 --- [    Test worker] o.s.c.e.PropertySourcesPropertyResolver  : Found key 'spring.test.database.connection' in PropertySource 'Annotations' with value of type EmbeddedDatabaseConnection
2019-12-06 11:18:47.727  INFO 7503 --- [    Test worker] o.s.j.d.e.EmbeddedDatabaseFactory        : Starting embedded database: url='jdbc:h2:mem:c212bdca-f5e1-453a-a288-9e8490d90843;DB_CLOSE_DELAY=-1;DB_CLOSE_ON_EXIT=false', username='sa'
2019-12-06 11:18:47.728 DEBUG 7503 --- [    Test worker] o.s.jdbc.datasource.DataSourceUtils      : Fetching JDBC Connection from DataSource
2019-12-06 11:18:47.728 DEBUG 7503 --- [    Test worker] o.s.j.datasource.SimpleDriverDataSource  : Creating new JDBC Driver Connection to [jdbc:h2:mem:c212bdca-f5e1-453a-a288-9e8490d90843;DB_CLOSE_DELAY=-1;DB_CLOSE_ON_EXIT=false]
2019-12-06 11:18:47.731 DEBUG 7503 --- [    Test worker] o.s.b.f.s.DefaultListableBeanFactory     : Creating shared instance of singleton bean 'org.springframework.boot.autoconfigure.jdbc.DataSourceInitializerInvoker'
2019-12-06 11:18:47.731 DEBUG 7503 --- [    Test worker] o.s.b.f.s.DefaultListableBeanFactory     : Creating shared instance of singleton bean 'spring.datasource-org.springframework.boot.autoconfigure.jdbc.DataSourceProperties'
2019-12-06 11:18:47.735 DEBUG 7503 --- [    Test worker] o.s.b.f.s.DefaultListableBeanFactory     : Autowiring by type from bean name 'org.springframework.boot.autoconfigure.jdbc.DataSourceInitializerInvoker' via constructor to bean named 'spring.datasource-org.springframework.boot.autoconfigure.jdbc.DataSourceProperties'
2019-12-06 11:18:47.736 DEBUG 7503 --- [    Test worker] o.s.b.f.s.DefaultListableBeanFactory     : Autowiring by type from bean name 'org.springframework.boot.autoconfigure.jdbc.DataSourceInitializerInvoker' via constructor to bean named 'org.springframework.context.annotation.AnnotationConfigApplicationContext@5c4ade69'
2019-12-06 11:18:47.738 DEBUG 7503 --- [    Test worker] o.s.b.f.s.DefaultListableBeanFactory     : Creating shared instance of singleton bean 'spring.jpa-org.springframework.boot.autoconfigure.orm.jpa.JpaProperties'
2019-12-06 11:18:47.741 DEBUG 7503 --- [    Test worker] o.s.b.f.s.DefaultListableBeanFactory     : Creating shared instance of singleton bean 'spring.jpa.hibernate-org.springframework.boot.autoconfigure.orm.jpa.HibernateProperties'
2019-12-06 11:18:47.742 DEBUG 7503 --- [    Test worker] o.s.b.f.s.DefaultListableBeanFactory     : Autowiring by type from bean name 'org.springframework.boot.autoconfigure.orm.jpa.HibernateJpaConfiguration' via constructor to bean named 'dataSource'
2019-12-06 11:18:47.742 DEBUG 7503 --- [    Test worker] o.s.b.f.s.DefaultListableBeanFactory     : Autowiring by type from bean name 'org.springframework.boot.autoconfigure.orm.jpa.HibernateJpaConfiguration' via constructor to bean named 'spring.jpa-org.springframework.boot.autoconfigure.orm.jpa.JpaProperties'
2019-12-06 11:18:47.742 DEBUG 7503 --- [    Test worker] o.s.b.f.s.DefaultListableBeanFactory     : Autowiring by type from bean name 'org.springframework.boot.autoconfigure.orm.jpa.HibernateJpaConfiguration' via constructor to bean named 'org.springframework.beans.factory.support.DefaultListableBeanFactory@30f950e6'
2019-12-06 11:18:47.742 DEBUG 7503 --- [    Test worker] o.s.b.f.s.DefaultListableBeanFactory     : Autowiring by type from bean name 'org.springframework.boot.autoconfigure.orm.jpa.HibernateJpaConfiguration' via constructor to bean named 'spring.jpa.hibernate-org.springframework.boot.autoconfigure.orm.jpa.HibernateProperties'
2019-12-06 11:18:47.743 DEBUG 7503 --- [    Test worker] o.s.b.f.s.DefaultListableBeanFactory     : Creating shared instance of singleton bean 'platformTransactionManagerCustomizers'
2019-12-06 11:18:47.743 DEBUG 7503 --- [    Test worker] o.s.b.f.s.DefaultListableBeanFactory     : Creating shared instance of singleton bean 'org.springframework.boot.autoconfigure.transaction.TransactionAutoConfiguration'
2019-12-06 11:18:47.746 DEBUG 7503 --- [    Test worker] o.s.b.f.s.DefaultListableBeanFactory     : Creating shared instance of singleton bean 'spring.transaction-org.springframework.boot.autoconfigure.transaction.TransactionProperties'
2019-12-06 11:18:47.749 DEBUG 7503 --- [    Test worker] o.s.b.f.s.DefaultListableBeanFactory     : Creating shared instance of singleton bean 'hikariPoolDataSourceMetadataProvider'
2019-12-06 11:18:47.749 DEBUG 7503 --- [    Test worker] o.s.b.f.s.DefaultListableBeanFactory     : Creating shared instance of singleton bean 'org.springframework.boot.autoconfigure.jdbc.metadata.DataSourcePoolMetadataProvidersConfiguration$HikariPoolDataSourceMetadataProviderConfiguration'
2019-12-06 11:18:47.757 DEBUG 7503 --- [    Test worker] o.s.b.f.s.DefaultListableBeanFactory     : Creating shared instance of singleton bean 'entityManagerFactoryBuilder'
2019-12-06 11:18:47.757 DEBUG 7503 --- [    Test worker] o.s.b.f.s.DefaultListableBeanFactory     : Creating shared instance of singleton bean 'jpaVendorAdapter'
2019-12-06 11:18:47.757 DEBUG 7503 --- [    Test worker] o.s.jdbc.datasource.DataSourceUtils      : Fetching JDBC Connection from DataSource
2019-12-06 11:18:47.757 DEBUG 7503 --- [    Test worker] o.s.j.datasource.SimpleDriverDataSource  : Creating new JDBC Driver Connection to [jdbc:h2:mem:c212bdca-f5e1-453a-a288-9e8490d90843;DB_CLOSE_DELAY=-1;DB_CLOSE_ON_EXIT=false]
2019-12-06 11:18:47.768 DEBUG 7503 --- [    Test worker] o.s.b.f.s.DefaultListableBeanFactory     : Autowiring by type from bean name 'entityManagerFactoryBuilder' via factory method to bean named 'jpaVendorAdapter'
2019-12-06 11:18:47.770 DEBUG 7503 --- [    Test worker] o.s.b.f.s.DefaultListableBeanFactory     : Autowiring by type from bean name 'entityManagerFactory' via factory method to bean named 'entityManagerFactoryBuilder'
2019-12-06 11:18:47.770 DEBUG 7503 --- [    Test worker] o.s.jdbc.datasource.DataSourceUtils      : Fetching JDBC Connection from DataSource
2019-12-06 11:18:47.770 DEBUG 7503 --- [    Test worker] o.s.j.datasource.SimpleDriverDataSource  : Creating new JDBC Driver Connection to [jdbc:h2:mem:c212bdca-f5e1-453a-a288-9e8490d90843;DB_CLOSE_DELAY=-1;DB_CLOSE_ON_EXIT=false]
2019-12-06 11:18:47.780 DEBUG 7503 --- [    Test worker] j.LocalContainerEntityManagerFactoryBean : Building JPA container EntityManagerFactory for persistence unit 'default'
2019-12-06 11:18:47.780 DEBUG 7503 --- [    Test worker] o.hibernate.jpa.internal.util.LogHelper  : PersistenceUnitInfo [
	name: default
	persistence provider classname: null
	classloader: sun.misc.Launcher$AppClassLoader@6d06d69c
	excludeUnlistedClasses: true
	JTA datasource: null
	Non JTA datasource: org.springframework.jdbc.datasource.embedded.EmbeddedDatabaseFactory$EmbeddedDataSourceProxy@56fb71d6
	Transaction type: RESOURCE_LOCAL
	PU root URL: file:/Users/govlmo91/IdeaProjects/jojoldubook/build/classes/java/test/
	Shared Cache Mode: UNSPECIFIED
	Validation Mode: AUTO
	Jar files URLs []
	Managed classes names [
		kr.gracelove.jojoldu.springboot.domain.BaseTimeEntity
		kr.gracelove.jojoldu.springboot.domain.posts.Posts]
	Mapping files names []
	Properties []
2019-12-06 11:18:47.781 DEBUG 7503 --- [    Test worker] o.h.i.internal.IntegratorServiceImpl     : Adding Integrator [org.hibernate.cfg.beanvalidation.BeanValidationIntegrator].
2019-12-06 11:18:47.781 DEBUG 7503 --- [    Test worker] o.h.i.internal.IntegratorServiceImpl     : Adding Integrator [org.hibernate.secure.spi.JaccIntegrator].
2019-12-06 11:18:47.781 DEBUG 7503 --- [    Test worker] o.h.i.internal.IntegratorServiceImpl     : Adding Integrator [org.hibernate.cache.internal.CollectionCacheInvalidator].
2019-12-06 11:18:47.782 DEBUG 7503 --- [    Test worker] o.hibernate.service.spi.ServiceBinding   : Overriding existing service binding [org.hibernate.secure.spi.JaccService]
2019-12-06 11:18:47.782 DEBUG 7503 --- [    Test worker] o.h.c.internal.RegionFactoryInitiator    : Cannot default RegionFactory based on registered strategies as `[]` RegionFactory strategies were registered
2019-12-06 11:18:47.782 DEBUG 7503 --- [    Test worker] o.h.c.internal.RegionFactoryInitiator    : Cache region factory : org.hibernate.cache.internal.NoCachingRegionFactory
2019-12-06 11:18:47.782 DEBUG 7503 --- [    Test worker] org.hibernate.type.BasicTypeRegistry     : Adding type registration boolean -> org.hibernate.type.BooleanType@6c955e97
2019-12-06 11:18:47.782 DEBUG 7503 --- [    Test worker] org.hibernate.type.BasicTypeRegistry     : Adding type registration boolean -> org.hibernate.type.BooleanType@6c955e97
2019-12-06 11:18:47.782 DEBUG 7503 --- [    Test worker] org.hibernate.type.BasicTypeRegistry     : Adding type registration java.lang.Boolean -> org.hibernate.type.BooleanType@6c955e97
2019-12-06 11:18:47.782 DEBUG 7503 --- [    Test worker] org.hibernate.type.BasicTypeRegistry     : Adding type registration numeric_boolean -> org.hibernate.type.NumericBooleanType@4dda19e3
2019-12-06 11:18:47.782 DEBUG 7503 --- [    Test worker] org.hibernate.type.BasicTypeRegistry     : Adding type registration true_false -> org.hibernate.type.TrueFalseType@6a79e64e
2019-12-06 11:18:47.782 DEBUG 7503 --- [    Test worker] org.hibernate.type.BasicTypeRegistry     : Adding type registration yes_no -> org.hibernate.type.YesNoType@738f84c6
2019-12-06 11:18:47.782 DEBUG 7503 --- [    Test worker] org.hibernate.type.BasicTypeRegistry     : Adding type registration byte -> org.hibernate.type.ByteType@7ab5effa
2019-12-06 11:18:47.782 DEBUG 7503 --- [    Test worker] org.hibernate.type.BasicTypeRegistry     : Adding type registration byte -> org.hibernate.type.ByteType@7ab5effa
2019-12-06 11:18:47.782 DEBUG 7503 --- [    Test worker] org.hibernate.type.BasicTypeRegistry     : Adding type registration java.lang.Byte -> org.hibernate.type.ByteType@7ab5effa
2019-12-06 11:18:47.782 DEBUG 7503 --- [    Test worker] org.hibernate.type.BasicTypeRegistry     : Adding type registration character -> org.hibernate.type.CharacterType@685b4bec
2019-12-06 11:18:47.782 DEBUG 7503 --- [    Test worker] org.hibernate.type.BasicTypeRegistry     : Adding type registration char -> org.hibernate.type.CharacterType@685b4bec
2019-12-06 11:18:47.782 DEBUG 7503 --- [    Test worker] org.hibernate.type.BasicTypeRegistry     : Adding type registration java.lang.Character -> org.hibernate.type.CharacterType@685b4bec
2019-12-06 11:18:47.782 DEBUG 7503 --- [    Test worker] org.hibernate.type.BasicTypeRegistry     : Adding type registration short -> org.hibernate.type.ShortType@10d06661
2019-12-06 11:18:47.782 DEBUG 7503 --- [    Test worker] org.hibernate.type.BasicTypeRegistry     : Adding type registration short -> org.hibernate.type.ShortType@10d06661
2019-12-06 11:18:47.783 DEBUG 7503 --- [    Test worker] org.hibernate.type.BasicTypeRegistry     : Adding type registration java.lang.Short -> org.hibernate.type.ShortType@10d06661
2019-12-06 11:18:47.783 DEBUG 7503 --- [    Test worker] org.hibernate.type.BasicTypeRegistry     : Adding type registration integer -> org.hibernate.type.IntegerType@2d9ef5c2
2019-12-06 11:18:47.783 DEBUG 7503 --- [    Test worker] org.hibernate.type.BasicTypeRegistry     : Adding type registration int -> org.hibernate.type.IntegerType@2d9ef5c2
2019-12-06 11:18:47.783 DEBUG 7503 --- [    Test worker] org.hibernate.type.BasicTypeRegistry     : Adding type registration java.lang.Integer -> org.hibernate.type.IntegerType@2d9ef5c2
2019-12-06 11:18:47.783 DEBUG 7503 --- [    Test worker] org.hibernate.type.BasicTypeRegistry     : Adding type registration long -> org.hibernate.type.LongType@aefc63a
2019-12-06 11:18:47.783 DEBUG 7503 --- [    Test worker] org.hibernate.type.BasicTypeRegistry     : Adding type registration long -> org.hibernate.type.LongType@aefc63a
2019-12-06 11:18:47.783 DEBUG 7503 --- [    Test worker] org.hibernate.type.BasicTypeRegistry     : Adding type registration java.lang.Long -> org.hibernate.type.LongType@aefc63a
2019-12-06 11:18:47.783 DEBUG 7503 --- [    Test worker] org.hibernate.type.BasicTypeRegistry     : Adding type registration float -> org.hibernate.type.FloatType@5e351b0f
2019-12-06 11:18:47.783 DEBUG 7503 --- [    Test worker] org.hibernate.type.BasicTypeRegistry     : Adding type registration float -> org.hibernate.type.FloatType@5e351b0f
2019-12-06 11:18:47.783 DEBUG 7503 --- [    Test worker] org.hibernate.type.BasicTypeRegistry     : Adding type registration java.lang.Float -> org.hibernate.type.FloatType@5e351b0f
2019-12-06 11:18:47.783 DEBUG 7503 --- [    Test worker] org.hibernate.type.BasicTypeRegistry     : Adding type registration double -> org.hibernate.type.DoubleType@aa795a9
2019-12-06 11:18:47.783 DEBUG 7503 --- [    Test worker] org.hibernate.type.BasicTypeRegistry     : Adding type registration double -> org.hibernate.type.DoubleType@aa795a9
2019-12-06 11:18:47.783 DEBUG 7503 --- [    Test worker] org.hibernate.type.BasicTypeRegistry     : Adding type registration java.lang.Double -> org.hibernate.type.DoubleType@aa795a9
2019-12-06 11:18:47.783 DEBUG 7503 --- [    Test worker] org.hibernate.type.BasicTypeRegistry     : Adding type registration big_decimal -> org.hibernate.type.BigDecimalType@644449f7
2019-12-06 11:18:47.783 DEBUG 7503 --- [    Test worker] org.hibernate.type.BasicTypeRegistry     : Adding type registration java.math.BigDecimal -> org.hibernate.type.BigDecimalType@644449f7
2019-12-06 11:18:47.783 DEBUG 7503 --- [    Test worker] org.hibernate.type.BasicTypeRegistry     : Adding type registration big_integer -> org.hibernate.type.BigIntegerType@61ee6e48
2019-12-06 11:18:47.783 DEBUG 7503 --- [    Test worker] org.hibernate.type.BasicTypeRegistry     : Adding type registration java.math.BigInteger -> org.hibernate.type.BigIntegerType@61ee6e48
2019-12-06 11:18:47.783 DEBUG 7503 --- [    Test worker] org.hibernate.type.BasicTypeRegistry     : Adding type registration string -> org.hibernate.type.StringType@53bf7bbd
2019-12-06 11:18:47.783 DEBUG 7503 --- [    Test worker] org.hibernate.type.BasicTypeRegistry     : Adding type registration java.lang.String -> org.hibernate.type.StringType@53bf7bbd
2019-12-06 11:18:47.783 DEBUG 7503 --- [    Test worker] org.hibernate.type.BasicTypeRegistry     : Adding type registration nstring -> org.hibernate.type.StringNVarcharType@2cc2aaa4
2019-12-06 11:18:47.783 DEBUG 7503 --- [    Test worker] org.hibernate.type.BasicTypeRegistry     : Adding type registration ncharacter -> org.hibernate.type.CharacterNCharType@2d846c60
2019-12-06 11:18:47.783 DEBUG 7503 --- [    Test worker] org.hibernate.type.BasicTypeRegistry     : Adding type registration url -> org.hibernate.type.UrlType@6017bfd5
2019-12-06 11:18:47.783 DEBUG 7503 --- [    Test worker] org.hibernate.type.BasicTypeRegistry     : Adding type registration java.net.URL -> org.hibernate.type.UrlType@6017bfd5
2019-12-06 11:18:47.783 DEBUG 7503 --- [    Test worker] org.hibernate.type.BasicTypeRegistry     : Adding type registration Duration -> org.hibernate.type.DurationType@d3cd481
2019-12-06 11:18:47.783 DEBUG 7503 --- [    Test worker] org.hibernate.type.BasicTypeRegistry     : Adding type registration java.time.Duration -> org.hibernate.type.DurationType@d3cd481
2019-12-06 11:18:47.783 DEBUG 7503 --- [    Test worker] org.hibernate.type.BasicTypeRegistry     : Adding type registration Instant -> org.hibernate.type.InstantType@4505c62c
2019-12-06 11:18:47.783 DEBUG 7503 --- [    Test worker] org.hibernate.type.BasicTypeRegistry     : Adding type registration java.time.Instant -> org.hibernate.type.InstantType@4505c62c
2019-12-06 11:18:47.783 DEBUG 7503 --- [    Test worker] org.hibernate.type.BasicTypeRegistry     : Adding type registration LocalDateTime -> org.hibernate.type.LocalDateTimeType@2e3b7b34
2019-12-06 11:18:47.783 DEBUG 7503 --- [    Test worker] org.hibernate.type.BasicTypeRegistry     : Adding type registration java.time.LocalDateTime -> org.hibernate.type.LocalDateTimeType@2e3b7b34
2019-12-06 11:18:47.783 DEBUG 7503 --- [    Test worker] org.hibernate.type.BasicTypeRegistry     : Adding type registration LocalDate -> org.hibernate.type.LocalDateType@426acb8f
2019-12-06 11:18:47.783 DEBUG 7503 --- [    Test worker] org.hibernate.type.BasicTypeRegistry     : Adding type registration java.time.LocalDate -> org.hibernate.type.LocalDateType@426acb8f
2019-12-06 11:18:47.783 DEBUG 7503 --- [    Test worker] org.hibernate.type.BasicTypeRegistry     : Adding type registration LocalTime -> org.hibernate.type.LocalTimeType@303fc6f1
2019-12-06 11:18:47.783 DEBUG 7503 --- [    Test worker] org.hibernate.type.BasicTypeRegistry     : Adding type registration java.time.LocalTime -> org.hibernate.type.LocalTimeType@303fc6f1
2019-12-06 11:18:47.783 DEBUG 7503 --- [    Test worker] org.hibernate.type.BasicTypeRegistry     : Adding type registration OffsetDateTime -> org.hibernate.type.OffsetDateTimeType@7b56cb64
2019-12-06 11:18:47.783 DEBUG 7503 --- [    Test worker] org.hibernate.type.BasicTypeRegistry     : Adding type registration java.time.OffsetDateTime -> org.hibernate.type.OffsetDateTimeType@7b56cb64
2019-12-06 11:18:47.783 DEBUG 7503 --- [    Test worker] org.hibernate.type.BasicTypeRegistry     : Adding type registration OffsetTime -> org.hibernate.type.OffsetTimeType@72270143
2019-12-06 11:18:47.783 DEBUG 7503 --- [    Test worker] org.hibernate.type.BasicTypeRegistry     : Adding type registration java.time.OffsetTime -> org.hibernate.type.OffsetTimeType@72270143
2019-12-06 11:18:47.783 DEBUG 7503 --- [    Test worker] org.hibernate.type.BasicTypeRegistry     : Adding type registration ZonedDateTime -> org.hibernate.type.ZonedDateTimeType@7f6e72ab
2019-12-06 11:18:47.783 DEBUG 7503 --- [    Test worker] org.hibernate.type.BasicTypeRegistry     : Adding type registration java.time.ZonedDateTime -> org.hibernate.type.ZonedDateTimeType@7f6e72ab
2019-12-06 11:18:47.783 DEBUG 7503 --- [    Test worker] org.hibernate.type.BasicTypeRegistry     : Adding type registration date -> org.hibernate.type.DateType@4279c66c
2019-12-06 11:18:47.783 DEBUG 7503 --- [    Test worker] org.hibernate.type.BasicTypeRegistry     : Adding type registration java.sql.Date -> org.hibernate.type.DateType@4279c66c
2019-12-06 11:18:47.783 DEBUG 7503 --- [    Test worker] org.hibernate.type.BasicTypeRegistry     : Adding type registration time -> org.hibernate.type.TimeType@37002543
2019-12-06 11:18:47.783 DEBUG 7503 --- [    Test worker] org.hibernate.type.BasicTypeRegistry     : Adding type registration java.sql.Time -> org.hibernate.type.TimeType@37002543
2019-12-06 11:18:47.783 DEBUG 7503 --- [    Test worker] org.hibernate.type.BasicTypeRegistry     : Adding type registration timestamp -> org.hibernate.type.TimestampType@5cd57f0f
2019-12-06 11:18:47.783 DEBUG 7503 --- [    Test worker] org.hibernate.type.BasicTypeRegistry     : Adding type registration java.sql.Timestamp -> org.hibernate.type.TimestampType@5cd57f0f
2019-12-06 11:18:47.783 DEBUG 7503 --- [    Test worker] org.hibernate.type.BasicTypeRegistry     : Adding type registration java.util.Date -> org.hibernate.type.TimestampType@5cd57f0f
2019-12-06 11:18:47.783 DEBUG 7503 --- [    Test worker] org.hibernate.type.BasicTypeRegistry     : Adding type registration dbtimestamp -> org.hibernate.type.DbTimestampType@6da1f733
2019-12-06 11:18:47.783 DEBUG 7503 --- [    Test worker] org.hibernate.type.BasicTypeRegistry     : Adding type registration calendar -> org.hibernate.type.CalendarType@1e2afdc0
2019-12-06 11:18:47.783 DEBUG 7503 --- [    Test worker] org.hibernate.type.BasicTypeRegistry     : Adding type registration java.util.Calendar -> org.hibernate.type.CalendarType@1e2afdc0
2019-12-06 11:18:47.783 DEBUG 7503 --- [    Test worker] org.hibernate.type.BasicTypeRegistry     : Adding type registration java.util.GregorianCalendar -> org.hibernate.type.CalendarType@1e2afdc0
2019-12-06 11:18:47.783 DEBUG 7503 --- [    Test worker] org.hibernate.type.BasicTypeRegistry     : Adding type registration calendar_date -> org.hibernate.type.CalendarDateType@7c504764
2019-12-06 11:18:47.783 DEBUG 7503 --- [    Test worker] org.hibernate.type.BasicTypeRegistry     : Adding type registration locale -> org.hibernate.type.LocaleType@67d417ca
2019-12-06 11:18:47.783 DEBUG 7503 --- [    Test worker] org.hibernate.type.BasicTypeRegistry     : Adding type registration java.util.Locale -> org.hibernate.type.LocaleType@67d417ca
2019-12-06 11:18:47.783 DEBUG 7503 --- [    Test worker] org.hibernate.type.BasicTypeRegistry     : Adding type registration currency -> org.hibernate.type.CurrencyType@49461e06
2019-12-06 11:18:47.784 DEBUG 7503 --- [    Test worker] org.hibernate.type.BasicTypeRegistry     : Adding type registration java.util.Currency -> org.hibernate.type.CurrencyType@49461e06
2019-12-06 11:18:47.784 DEBUG 7503 --- [    Test worker] org.hibernate.type.BasicTypeRegistry     : Adding type registration timezone -> org.hibernate.type.TimeZoneType@6227c666
2019-12-06 11:18:47.784 DEBUG 7503 --- [    Test worker] org.hibernate.type.BasicTypeRegistry     : Adding type registration java.util.TimeZone -> org.hibernate.type.TimeZoneType@6227c666
2019-12-06 11:18:47.784 DEBUG 7503 --- [    Test worker] org.hibernate.type.BasicTypeRegistry     : Adding type registration class -> org.hibernate.type.ClassType@56232f5a
2019-12-06 11:18:47.784 DEBUG 7503 --- [    Test worker] org.hibernate.type.BasicTypeRegistry     : Adding type registration java.lang.Class -> org.hibernate.type.ClassType@56232f5a
2019-12-06 11:18:47.784 DEBUG 7503 --- [    Test worker] org.hibernate.type.BasicTypeRegistry     : Adding type registration uuid-binary -> org.hibernate.type.UUIDBinaryType@36b87c0d
2019-12-06 11:18:47.784 DEBUG 7503 --- [    Test worker] org.hibernate.type.BasicTypeRegistry     : Adding type registration java.util.UUID -> org.hibernate.type.UUIDBinaryType@36b87c0d
2019-12-06 11:18:47.784 DEBUG 7503 --- [    Test worker] org.hibernate.type.BasicTypeRegistry     : Adding type registration uuid-char -> org.hibernate.type.UUIDCharType@2479f4da
2019-12-06 11:18:47.784 DEBUG 7503 --- [    Test worker] org.hibernate.type.BasicTypeRegistry     : Adding type registration binary -> org.hibernate.type.BinaryType@26ae308d
2019-12-06 11:18:47.784 DEBUG 7503 --- [    Test worker] org.hibernate.type.BasicTypeRegistry     : Adding type registration byte[] -> org.hibernate.type.BinaryType@26ae308d
2019-12-06 11:18:47.784 DEBUG 7503 --- [    Test worker] org.hibernate.type.BasicTypeRegistry     : Adding type registration [B -> org.hibernate.type.BinaryType@26ae308d
2019-12-06 11:18:47.784 DEBUG 7503 --- [    Test worker] org.hibernate.type.BasicTypeRegistry     : Adding type registration wrapper-binary -> org.hibernate.type.WrapperBinaryType@73d92bab
2019-12-06 11:18:47.784 DEBUG 7503 --- [    Test worker] org.hibernate.type.BasicTypeRegistry     : Adding type registration Byte[] -> org.hibernate.type.WrapperBinaryType@73d92bab
2019-12-06 11:18:47.784 DEBUG 7503 --- [    Test worker] org.hibernate.type.BasicTypeRegistry     : Adding type registration [Ljava.lang.Byte; -> org.hibernate.type.WrapperBinaryType@73d92bab
2019-12-06 11:18:47.784 DEBUG 7503 --- [    Test worker] org.hibernate.type.BasicTypeRegistry     : Adding type registration row_version -> org.hibernate.type.RowVersionType@30b0c84a
2019-12-06 11:18:47.784 DEBUG 7503 --- [    Test worker] org.hibernate.type.BasicTypeRegistry     : Adding type registration image -> org.hibernate.type.ImageType@139871f1
2019-12-06 11:18:47.784 DEBUG 7503 --- [    Test worker] org.hibernate.type.BasicTypeRegistry     : Adding type registration characters -> org.hibernate.type.CharArrayType@44aa1c9e
2019-12-06 11:18:47.784 DEBUG 7503 --- [    Test worker] org.hibernate.type.BasicTypeRegistry     : Adding type registration char[] -> org.hibernate.type.CharArrayType@44aa1c9e
2019-12-06 11:18:47.784 DEBUG 7503 --- [    Test worker] org.hibernate.type.BasicTypeRegistry     : Adding type registration [C -> org.hibernate.type.CharArrayType@44aa1c9e
2019-12-06 11:18:47.784 DEBUG 7503 --- [    Test worker] org.hibernate.type.BasicTypeRegistry     : Adding type registration wrapper-characters -> org.hibernate.type.CharacterArrayType@7ccb8b39
2019-12-06 11:18:47.784 DEBUG 7503 --- [    Test worker] org.hibernate.type.BasicTypeRegistry     : Adding type registration [Ljava.lang.Character; -> org.hibernate.type.CharacterArrayType@7ccb8b39
2019-12-06 11:18:47.784 DEBUG 7503 --- [    Test worker] org.hibernate.type.BasicTypeRegistry     : Adding type registration Character[] -> org.hibernate.type.CharacterArrayType@7ccb8b39
2019-12-06 11:18:47.784 DEBUG 7503 --- [    Test worker] org.hibernate.type.BasicTypeRegistry     : Adding type registration text -> org.hibernate.type.TextType@4c2ed23d
2019-12-06 11:18:47.784 DEBUG 7503 --- [    Test worker] org.hibernate.type.BasicTypeRegistry     : Adding type registration ntext -> org.hibernate.type.NTextType@39434df7
2019-12-06 11:18:47.784 DEBUG 7503 --- [    Test worker] org.hibernate.type.BasicTypeRegistry     : Adding type registration blob -> org.hibernate.type.BlobType@74ac3015
2019-12-06 11:18:47.784 DEBUG 7503 --- [    Test worker] org.hibernate.type.BasicTypeRegistry     : Adding type registration java.sql.Blob -> org.hibernate.type.BlobType@74ac3015
2019-12-06 11:18:47.784 DEBUG 7503 --- [    Test worker] org.hibernate.type.BasicTypeRegistry     : Adding type registration materialized_blob -> org.hibernate.type.MaterializedBlobType@3b5cbdac
2019-12-06 11:18:47.784 DEBUG 7503 --- [    Test worker] org.hibernate.type.BasicTypeRegistry     : Adding type registration clob -> org.hibernate.type.ClobType@7799547d
2019-12-06 11:18:47.784 DEBUG 7503 --- [    Test worker] org.hibernate.type.BasicTypeRegistry     : Adding type registration java.sql.Clob -> org.hibernate.type.ClobType@7799547d
2019-12-06 11:18:47.784 DEBUG 7503 --- [    Test worker] org.hibernate.type.BasicTypeRegistry     : Adding type registration nclob -> org.hibernate.type.NClobType@38d9b0b5
2019-12-06 11:18:47.784 DEBUG 7503 --- [    Test worker] org.hibernate.type.BasicTypeRegistry     : Adding type registration java.sql.NClob -> org.hibernate.type.NClobType@38d9b0b5
2019-12-06 11:18:47.784 DEBUG 7503 --- [    Test worker] org.hibernate.type.BasicTypeRegistry     : Adding type registration materialized_clob -> org.hibernate.type.MaterializedClobType@2cf6acb6
2019-12-06 11:18:47.784 DEBUG 7503 --- [    Test worker] org.hibernate.type.BasicTypeRegistry     : Adding type registration materialized_nclob -> org.hibernate.type.MaterializedNClobType@68dc770d
2019-12-06 11:18:47.784 DEBUG 7503 --- [    Test worker] org.hibernate.type.BasicTypeRegistry     : Adding type registration serializable -> org.hibernate.type.SerializableType@574341e4
2019-12-06 11:18:47.784 DEBUG 7503 --- [    Test worker] org.hibernate.type.BasicTypeRegistry     : Adding type registration object -> org.hibernate.type.ObjectType@425b3d0a
2019-12-06 11:18:47.784 DEBUG 7503 --- [    Test worker] org.hibernate.type.BasicTypeRegistry     : Adding type registration java.lang.Object -> org.hibernate.type.ObjectType@425b3d0a
2019-12-06 11:18:47.784 DEBUG 7503 --- [    Test worker] org.hibernate.type.BasicTypeRegistry     : Adding type registration imm_date -> org.hibernate.type.AdaptedImmutableType@4f92032f
2019-12-06 11:18:47.784 DEBUG 7503 --- [    Test worker] org.hibernate.type.BasicTypeRegistry     : Adding type registration imm_time -> org.hibernate.type.AdaptedImmutableType@8fbca4d
2019-12-06 11:18:47.784 DEBUG 7503 --- [    Test worker] org.hibernate.type.BasicTypeRegistry     : Adding type registration imm_timestamp -> org.hibernate.type.AdaptedImmutableType@78d19fb
2019-12-06 11:18:47.784 DEBUG 7503 --- [    Test worker] org.hibernate.type.BasicTypeRegistry     : Adding type registration imm_dbtimestamp -> org.hibernate.type.AdaptedImmutableType@20a72201
2019-12-06 11:18:47.784 DEBUG 7503 --- [    Test worker] org.hibernate.type.BasicTypeRegistry     : Adding type registration imm_calendar -> org.hibernate.type.AdaptedImmutableType@7f73c641
2019-12-06 11:18:47.784 DEBUG 7503 --- [    Test worker] org.hibernate.type.BasicTypeRegistry     : Adding type registration imm_calendar_date -> org.hibernate.type.AdaptedImmutableType@290cd240
2019-12-06 11:18:47.784 DEBUG 7503 --- [    Test worker] org.hibernate.type.BasicTypeRegistry     : Adding type registration imm_binary -> org.hibernate.type.AdaptedImmutableType@4621545b
2019-12-06 11:18:47.784 DEBUG 7503 --- [    Test worker] org.hibernate.type.BasicTypeRegistry     : Adding type registration imm_serializable -> org.hibernate.type.AdaptedImmutableType@5f0fc1b4
2019-12-06 11:18:47.785 DEBUG 7503 --- [    Test worker] o.h.boot.internal.BootstrapContextImpl   : Injecting JPA temp ClassLoader [org.springframework.instrument.classloading.SimpleThrowawayClassLoader@3e2f55da] into BootstrapContext; was [null]
2019-12-06 11:18:47.785 DEBUG 7503 --- [    Test worker] o.h.boot.internal.ClassLoaderAccessImpl  : ClassLoaderAccessImpl#injectTempClassLoader(org.springframework.instrument.classloading.SimpleThrowawayClassLoader@3e2f55da) [was null]
2019-12-06 11:18:47.785 DEBUG 7503 --- [    Test worker] o.h.boot.internal.BootstrapContextImpl   : Injecting ScanEnvironment [org.hibernate.jpa.boot.internal.StandardJpaScanEnvironmentImpl@71fe0e8d] into BootstrapContext; was [null]
2019-12-06 11:18:47.785 DEBUG 7503 --- [    Test worker] o.h.boot.internal.BootstrapContextImpl   : Injecting ScanOptions [org.hibernate.boot.archive.scan.internal.StandardScanOptions@3d311f65] into BootstrapContext; was [org.hibernate.boot.archive.scan.internal.StandardScanOptions@1c926b16]
2019-12-06 11:18:47.787 DEBUG 7503 --- [    Test worker] o.h.boot.internal.BootstrapContextImpl   : Injecting JPA temp ClassLoader [null] into BootstrapContext; was [org.springframework.instrument.classloading.SimpleThrowawayClassLoader@3e2f55da]
2019-12-06 11:18:47.787 DEBUG 7503 --- [    Test worker] o.h.boot.internal.ClassLoaderAccessImpl  : ClassLoaderAccessImpl#injectTempClassLoader(null) [was org.springframework.instrument.classloading.SimpleThrowawayClassLoader@3e2f55da]
2019-12-06 11:18:47.787 DEBUG 7503 --- [    Test worker] .i.f.i.DefaultIdentifierGeneratorFactory : Registering IdentifierGenerator strategy [uuid2] -> [org.hibernate.id.UUIDGenerator]
2019-12-06 11:18:47.787 DEBUG 7503 --- [    Test worker] .i.f.i.DefaultIdentifierGeneratorFactory : Registering IdentifierGenerator strategy [guid] -> [org.hibernate.id.GUIDGenerator]
2019-12-06 11:18:47.787 DEBUG 7503 --- [    Test worker] .i.f.i.DefaultIdentifierGeneratorFactory : Registering IdentifierGenerator strategy [uuid] -> [org.hibernate.id.UUIDHexGenerator]
2019-12-06 11:18:47.787 DEBUG 7503 --- [    Test worker] .i.f.i.DefaultIdentifierGeneratorFactory : Registering IdentifierGenerator strategy [uuid.hex] -> [org.hibernate.id.UUIDHexGenerator]
2019-12-06 11:18:47.787 DEBUG 7503 --- [    Test worker] .i.f.i.DefaultIdentifierGeneratorFactory : Registering IdentifierGenerator strategy [assigned] -> [org.hibernate.id.Assigned]
2019-12-06 11:18:47.787 DEBUG 7503 --- [    Test worker] .i.f.i.DefaultIdentifierGeneratorFactory : Registering IdentifierGenerator strategy [identity] -> [org.hibernate.id.IdentityGenerator]
2019-12-06 11:18:47.787 DEBUG 7503 --- [    Test worker] .i.f.i.DefaultIdentifierGeneratorFactory : Registering IdentifierGenerator strategy [select] -> [org.hibernate.id.SelectGenerator]
2019-12-06 11:18:47.787 DEBUG 7503 --- [    Test worker] .i.f.i.DefaultIdentifierGeneratorFactory : Registering IdentifierGenerator strategy [sequence] -> [org.hibernate.id.enhanced.SequenceStyleGenerator]
2019-12-06 11:18:47.788 DEBUG 7503 --- [    Test worker] .i.f.i.DefaultIdentifierGeneratorFactory : Registering IdentifierGenerator strategy [seqhilo] -> [org.hibernate.id.SequenceHiLoGenerator]
2019-12-06 11:18:47.788 DEBUG 7503 --- [    Test worker] .i.f.i.DefaultIdentifierGeneratorFactory : Registering IdentifierGenerator strategy [increment] -> [org.hibernate.id.IncrementGenerator]
2019-12-06 11:18:47.788 DEBUG 7503 --- [    Test worker] .i.f.i.DefaultIdentifierGeneratorFactory : Registering IdentifierGenerator strategy [foreign] -> [org.hibernate.id.ForeignGenerator]
2019-12-06 11:18:47.788 DEBUG 7503 --- [    Test worker] .i.f.i.DefaultIdentifierGeneratorFactory : Registering IdentifierGenerator strategy [sequence-identity] -> [org.hibernate.id.SequenceIdentityGenerator]
2019-12-06 11:18:47.788 DEBUG 7503 --- [    Test worker] .i.f.i.DefaultIdentifierGeneratorFactory : Registering IdentifierGenerator strategy [enhanced-sequence] -> [org.hibernate.id.enhanced.SequenceStyleGenerator]
2019-12-06 11:18:47.788 DEBUG 7503 --- [    Test worker] .i.f.i.DefaultIdentifierGeneratorFactory : Registering IdentifierGenerator strategy [enhanced-table] -> [org.hibernate.id.enhanced.TableGenerator]
2019-12-06 11:18:47.788 DEBUG 7503 --- [    Test worker] o.s.j.datasource.SimpleDriverDataSource  : Creating new JDBC Driver Connection to [jdbc:h2:mem:c212bdca-f5e1-453a-a288-9e8490d90843;DB_CLOSE_DELAY=-1;DB_CLOSE_ON_EXIT=false]
2019-12-06 11:18:47.788 DEBUG 7503 --- [    Test worker] o.h.e.j.e.i.JdbcEnvironmentInitiator     : Database ->
       name : H2
    version : 1.4.199 (2019-03-13)
      major : 1
      minor : 4
2019-12-06 11:18:47.788 DEBUG 7503 --- [    Test worker] o.h.e.j.e.i.JdbcEnvironmentInitiator     : Driver ->
       name : H2 JDBC Driver
    version : 1.4.199 (2019-03-13)
      major : 1
      minor : 4
2019-12-06 11:18:47.788 DEBUG 7503 --- [    Test worker] o.h.e.j.e.i.JdbcEnvironmentInitiator     : JDBC version : 4.1
2019-12-06 11:18:47.788  INFO 7503 --- [    Test worker] org.hibernate.dialect.Dialect            : HHH000400: Using dialect: org.hibernate.dialect.H2Dialect
2019-12-06 11:18:47.791 DEBUG 7503 --- [    Test worker] o.h.e.j.env.spi.IdentifierHelperBuilder  : JDBC driver metadata reported database stores quoted identifiers in neither upper, lower nor mixed case
2019-12-06 11:18:47.793 DEBUG 7503 --- [    Test worker] o.h.boot.model.relational.Namespace      : Created database namespace [logicalName=Name{catalog=null, schema=null}, physicalName=Name{catalog=null, schema=null}]
2019-12-06 11:18:47.793 DEBUG 7503 --- [    Test worker] o.h.type.spi.TypeConfiguration$Scope     : Scoping TypeConfiguration [org.hibernate.type.spi.TypeConfiguration@3f747928] to MetadataBuildingContext [org.hibernate.boot.internal.MetadataBuildingContextRootImpl@51fde471]
2019-12-06 11:18:47.793 DEBUG 7503 --- [    Test worker] org.hibernate.cfg.AnnotationBinder       : Binding entity from annotated class: kr.gracelove.jojoldu.springboot.domain.posts.Posts
2019-12-06 11:18:47.794 DEBUG 7503 --- [    Test worker] org.hibernate.cfg.Ejb3Column             : Binding column: Ejb3DiscriminatorColumn{logicalColumnName'DTYPE', discriminatorTypeName='string'}
2019-12-06 11:18:47.794 DEBUG 7503 --- [    Test worker] o.h.cfg.annotations.EntityBinder         : Import with entity name Posts
2019-12-06 11:18:47.794 DEBUG 7503 --- [    Test worker] o.h.cfg.annotations.EntityBinder         : Bind entity kr.gracelove.jojoldu.springboot.domain.posts.Posts on table posts
2019-12-06 11:18:47.794 DEBUG 7503 --- [    Test worker] org.hibernate.cfg.Ejb3Column             : Binding column: Ejb3Column{table=org.hibernate.mapping.Table(posts), mappingColumn=id, insertable=true, updatable=true, unique=false}
2019-12-06 11:18:47.794 DEBUG 7503 --- [    Test worker] o.h.cfg.annotations.PropertyBinder       : MetadataSourceProcessor property id with lazy=false
2019-12-06 11:18:47.794 DEBUG 7503 --- [    Test worker] o.hibernate.cfg.AbstractPropertyHolder   : Attempting to locate auto-apply AttributeConverter for property [kr.gracelove.jojoldu.springboot.domain.posts.Posts:id]
2019-12-06 11:18:47.794 DEBUG 7503 --- [    Test worker] o.h.cfg.annotations.SimpleValueBinder    : building SimpleValue for id
2019-12-06 11:18:47.794 DEBUG 7503 --- [    Test worker] o.h.cfg.annotations.PropertyBinder       : Building property id
2019-12-06 11:18:47.794 DEBUG 7503 --- [    Test worker] org.hibernate.cfg.BinderHelper           : #makeIdGenerator(org.hibernate.mapping.SimpleValue([org.hibernate.mapping.Column(id)]), id, identity, , ...)
2019-12-06 11:18:47.795 DEBUG 7503 --- [    Test worker] org.hibernate.cfg.Ejb3Column             : Binding column: Ejb3Column{table=org.hibernate.mapping.Table(posts), mappingColumn=created_date, insertable=true, updatable=true, unique=false}
2019-12-06 11:18:47.795 DEBUG 7503 --- [    Test worker] o.h.cfg.annotations.PropertyBinder       : MetadataSourceProcessor property createdDate with lazy=false
2019-12-06 11:18:47.795 DEBUG 7503 --- [    Test worker] o.hibernate.cfg.AbstractPropertyHolder   : Attempting to locate auto-apply AttributeConverter for property [kr.gracelove.jojoldu.springboot.domain.posts.Posts:createdDate]
2019-12-06 11:18:47.795 DEBUG 7503 --- [    Test worker] o.h.cfg.annotations.SimpleValueBinder    : building SimpleValue for createdDate
2019-12-06 11:18:47.795 DEBUG 7503 --- [    Test worker] o.h.cfg.annotations.PropertyBinder       : Building property createdDate
2019-12-06 11:18:47.795 DEBUG 7503 --- [    Test worker] org.hibernate.cfg.Ejb3Column             : Binding column: Ejb3Column{table=org.hibernate.mapping.Table(posts), mappingColumn=modified_date, insertable=true, updatable=true, unique=false}
2019-12-06 11:18:47.795 DEBUG 7503 --- [    Test worker] o.h.cfg.annotations.PropertyBinder       : MetadataSourceProcessor property modifiedDate with lazy=false
2019-12-06 11:18:47.795 DEBUG 7503 --- [    Test worker] o.hibernate.cfg.AbstractPropertyHolder   : Attempting to locate auto-apply AttributeConverter for property [kr.gracelove.jojoldu.springboot.domain.posts.Posts:modifiedDate]
2019-12-06 11:18:47.795 DEBUG 7503 --- [    Test worker] o.h.cfg.annotations.SimpleValueBinder    : building SimpleValue for modifiedDate
2019-12-06 11:18:47.795 DEBUG 7503 --- [    Test worker] o.h.cfg.annotations.PropertyBinder       : Building property modifiedDate
2019-12-06 11:18:47.795 DEBUG 7503 --- [    Test worker] org.hibernate.cfg.Ejb3Column             : Binding column: Ejb3Column{table=org.hibernate.mapping.Table(posts), mappingColumn=author, insertable=true, updatable=true, unique=false}
2019-12-06 11:18:47.795 DEBUG 7503 --- [    Test worker] o.h.cfg.annotations.PropertyBinder       : MetadataSourceProcessor property author with lazy=false
2019-12-06 11:18:47.795 DEBUG 7503 --- [    Test worker] o.hibernate.cfg.AbstractPropertyHolder   : Attempting to locate auto-apply AttributeConverter for property [kr.gracelove.jojoldu.springboot.domain.posts.Posts:author]
2019-12-06 11:18:47.795 DEBUG 7503 --- [    Test worker] o.h.cfg.annotations.SimpleValueBinder    : building SimpleValue for author
2019-12-06 11:18:47.795 DEBUG 7503 --- [    Test worker] o.h.cfg.annotations.PropertyBinder       : Building property author
2019-12-06 11:18:47.795 DEBUG 7503 --- [    Test worker] org.hibernate.cfg.Ejb3Column             : Binding column: Ejb3Column{table=org.hibernate.mapping.Table(posts), mappingColumn=content, insertable=true, updatable=true, unique=false}
2019-12-06 11:18:47.795 DEBUG 7503 --- [    Test worker] o.h.cfg.annotations.PropertyBinder       : MetadataSourceProcessor property content with lazy=false
2019-12-06 11:18:47.795 DEBUG 7503 --- [    Test worker] o.hibernate.cfg.AbstractPropertyHolder   : Attempting to locate auto-apply AttributeConverter for property [kr.gracelove.jojoldu.springboot.domain.posts.Posts:content]
2019-12-06 11:18:47.795 DEBUG 7503 --- [    Test worker] o.h.cfg.annotations.SimpleValueBinder    : building SimpleValue for content
2019-12-06 11:18:47.796 DEBUG 7503 --- [    Test worker] o.h.cfg.annotations.PropertyBinder       : Building property content
2019-12-06 11:18:47.796 DEBUG 7503 --- [    Test worker] org.hibernate.cfg.Ejb3Column             : Binding column: Ejb3Column{table=org.hibernate.mapping.Table(posts), mappingColumn=title, insertable=true, updatable=true, unique=false}
2019-12-06 11:18:47.796 DEBUG 7503 --- [    Test worker] o.h.cfg.annotations.PropertyBinder       : MetadataSourceProcessor property title with lazy=false
2019-12-06 11:18:47.796 DEBUG 7503 --- [    Test worker] o.hibernate.cfg.AbstractPropertyHolder   : Attempting to locate auto-apply AttributeConverter for property [kr.gracelove.jojoldu.springboot.domain.posts.Posts:title]
2019-12-06 11:18:47.796 DEBUG 7503 --- [    Test worker] o.h.cfg.annotations.SimpleValueBinder    : building SimpleValue for title
2019-12-06 11:18:47.796 DEBUG 7503 --- [    Test worker] o.h.cfg.annotations.PropertyBinder       : Building property title
2019-12-06 11:18:47.796 DEBUG 7503 --- [    Test worker] o.h.cfg.annotations.SimpleValueBinder    : Starting fillSimpleValue for id
2019-12-06 11:18:47.796 DEBUG 7503 --- [    Test worker] o.h.cfg.annotations.SimpleValueBinder    : Starting fillSimpleValue for createdDate
2019-12-06 11:18:47.796 DEBUG 7503 --- [    Test worker] o.h.cfg.annotations.SimpleValueBinder    : Starting fillSimpleValue for modifiedDate
2019-12-06 11:18:47.796 DEBUG 7503 --- [    Test worker] o.h.cfg.annotations.SimpleValueBinder    : Starting fillSimpleValue for author
2019-12-06 11:18:47.796 DEBUG 7503 --- [    Test worker] o.h.cfg.annotations.SimpleValueBinder    : Starting fillSimpleValue for content
2019-12-06 11:18:47.796 DEBUG 7503 --- [    Test worker] o.h.cfg.annotations.SimpleValueBinder    : Starting fillSimpleValue for title
2019-12-06 11:18:47.796 DEBUG 7503 --- [    Test worker] org.hibernate.mapping.PrimaryKey         : Forcing column [id] to be non-null as it is part of the primary key for table [posts]
2019-12-06 11:18:47.797 DEBUG 7503 --- [    Test worker] o.hibernate.internal.SessionFactoryImpl  : Building session factory
2019-12-06 11:18:47.797 DEBUG 7503 --- [    Test worker] org.hibernate.cfg.Settings               : SessionFactory name : null
2019-12-06 11:18:47.797 DEBUG 7503 --- [    Test worker] org.hibernate.cfg.Settings               : Automatic flush during beforeCompletion(): enabled
2019-12-06 11:18:47.797 DEBUG 7503 --- [    Test worker] org.hibernate.cfg.Settings               : Automatic session close at end of transaction: disabled
2019-12-06 11:18:47.797 DEBUG 7503 --- [    Test worker] org.hibernate.cfg.Settings               : Statistics: disabled
2019-12-06 11:18:47.797 DEBUG 7503 --- [    Test worker] org.hibernate.cfg.Settings               : Deleted entity synthetic identifier rollback: disabled
2019-12-06 11:18:47.797 DEBUG 7503 --- [    Test worker] org.hibernate.cfg.Settings               : Default entity-mode: pojo
[...]
2019-12-06 11:18:47.954 DEBUG 7503 --- [    Test worker] o.h.e.i.AbstractFlushingEventListener    : Flushed: 0 (re)creations, 0 updates, 0 removals to 0 collections
2019-12-06 11:18:47.954 DEBUG 7503 --- [    Test worker] o.hibernate.internal.util.EntityPrinter  : Listing entities:
2019-12-06 11:18:47.954 DEBUG 7503 --- [    Test worker] o.hibernate.internal.util.EntityPrinter  : kr.gracelove.jojoldu.springboot.domain.posts.Posts{createdDate=2019-12-06T11:18:47.950, author=author, modifiedDate=2019-12-06T11:18:47.950, id=2, title=title, content=content}
2019-12-06 11:18:47.954 DEBUG 7503 --- [    Test worker] org.hibernate.SQL                        : select posts0_.id as id1_0_, posts0_.created_date as created_2_0_, posts0_.modified_date as modified3_0_, posts0_.author as author4_0_, posts0_.content as content5_0_, posts0_.title as title6_0_ from posts posts0_
Hibernate: select posts0_.id as id1_0_, posts0_.created_date as created_2_0_, posts0_.modified_date as modified3_0_, posts0_.author as author4_0_, posts0_.content as content5_0_, posts0_.title as title6_0_ from posts posts0_
2019-12-06 11:18:47.954 DEBUG 7503 --- [    Test worker] org.hibernate.loader.Loader              : Result set row: 0
2019-12-06 11:18:47.954 DEBUG 7503 --- [    Test worker] org.hibernate.loader.Loader              : Result row: EntityKey[kr.gracelove.jojoldu.springboot.domain.posts.Posts#2]
2019-12-06 11:18:47.955 DEBUG 7503 --- [    Test worker] c.DefaultCacheAwareContextLoaderDelegate : Retrieved ApplicationContext from cache with key [[MergedContextConfiguration@35a3778f testClass = PostsRepositoryTest, locations = '{}', classes = '{class kr.gracelove.jojoldu.springboot.Application}', contextInitializerClasses = '[]', activeProfiles = '{}', propertySourceLocations = '{}', propertySourceProperties = '{org.springframework.boot.test.autoconfigure.orm.jpa.DataJpaTestContextBootstrapper=true}', contextCustomizers = set[org.springframework.boot.test.autoconfigure.OverrideAutoConfigurationContextCustomizerFactory$DisableAutoConfigurationContextCustomizer@23ff335c, org.springframework.boot.test.autoconfigure.filter.TypeExcludeFiltersContextCustomizer@351584c0, org.springframework.boot.test.autoconfigure.properties.PropertyMappingContextCustomizer@ccfee13c, org.springframework.boot.test.autoconfigure.web.servlet.WebDriverContextCustomizerFactory$Customizer@18c1dfe6, [ImportsContextCustomizer@4a48b468 key = [org.springframework.boot.autoconfigure.cache.CacheAutoConfiguration, org.springframework.boot.autoconfigure.data.jpa.JpaRepositoriesAutoConfiguration, org.springframework.boot.autoconfigure.flyway.FlywayAutoConfiguration, org.springframework.boot.autoconfigure.jdbc.DataSourceAutoConfiguration, org.springframework.boot.autoconfigure.jdbc.DataSourceTransactionManagerAutoConfiguration, org.springframework.boot.autoconfigure.jdbc.JdbcTemplateAutoConfiguration, org.springframework.boot.autoconfigure.liquibase.LiquibaseAutoConfiguration, org.springframework.boot.autoconfigure.orm.jpa.HibernateJpaAutoConfiguration, org.springframework.boot.autoconfigure.transaction.TransactionAutoConfiguration, org.springframework.boot.test.autoconfigure.jdbc.TestDatabaseAutoConfiguration, org.springframework.boot.test.autoconfigure.orm.jpa.TestEntityManagerAutoConfiguration]], org.springframework.boot.test.context.filter.ExcludeFilterContextCustomizer@4ca9ea9c, org.springframework.boot.test.json.DuplicateJsonObjectContextCustomizerFactory$DuplicateJsonObjectContextCustomizer@939cf91, org.springframework.boot.test.mock.mockito.MockitoContextCustomizer@0], contextLoader = 'org.springframework.boot.test.context.SpringBootContextLoader', parent = [null]]]
2019-12-06 11:18:47.955 DEBUG 7503 --- [    Test worker] org.springframework.test.context.cache   : Spring test ApplicationContext cache statistics: [DefaultContextCache@1f4f0d88 size = 2, maxSize = 32, parentContextCount = 0, hitCount = 27, missCount = 6]
2019-12-06 11:18:47.955 DEBUG 7503 --- [    Test worker] c.DefaultCacheAwareContextLoaderDelegate : Retrieved ApplicationContext from cache with key [[MergedContextConfiguration@35a3778f testClass = PostsRepositoryTest, locations = '{}', classes = '{class kr.gracelove.jojoldu.springboot.Application}', contextInitializerClasses = '[]', activeProfiles = '{}', propertySourceLocations = '{}', propertySourceProperties = '{org.springframework.boot.test.autoconfigure.orm.jpa.DataJpaTestContextBootstrapper=true}', contextCustomizers = set[org.springframework.boot.test.autoconfigure.OverrideAutoConfigurationContextCustomizerFactory$DisableAutoConfigurationContextCustomizer@23ff335c, org.springframework.boot.test.autoconfigure.filter.TypeExcludeFiltersContextCustomizer@351584c0, org.springframework.boot.test.autoconfigure.properties.PropertyMappingContextCustomizer@ccfee13c, org.springframework.boot.test.autoconfigure.web.servlet.WebDriverContextCustomizerFactory$Customizer@18c1dfe6, [ImportsContextCustomizer@4a48b468 key = [org.springframework.boot.autoconfigure.cache.CacheAutoConfiguration, org.springframework.boot.autoconfigure.data.jpa.JpaRepositoriesAutoConfiguration, org.springframework.boot.autoconfigure.flyway.FlywayAutoConfiguration, org.springframework.boot.autoconfigure.jdbc.DataSourceAutoConfiguration, org.springframework.boot.autoconfigure.jdbc.DataSourceTransactionManagerAutoConfiguration, org.springframework.boot.autoconfigure.jdbc.JdbcTemplateAutoConfiguration, org.springframework.boot.autoconfigure.liquibase.LiquibaseAutoConfiguration, org.springframework.boot.autoconfigure.orm.jpa.HibernateJpaAutoConfiguration, org.springframework.boot.autoconfigure.transaction.TransactionAutoConfiguration, org.springframework.boot.test.autoconfigure.jdbc.TestDatabaseAutoConfiguration, org.springframework.boot.test.autoconfigure.orm.jpa.TestEntityManagerAutoConfiguration]], org.springframework.boot.test.context.filter.ExcludeFilterContextCustomizer@4ca9ea9c, org.springframework.boot.test.json.DuplicateJsonObjectContextCustomizerFactory$DuplicateJsonObjectContextCustomizer@939cf91, org.springframework.boot.test.mock.mockito.MockitoContextCustomizer@0], contextLoader = 'org.springframework.boot.test.context.SpringBootContextLoader', parent = [null]]]
2019-12-06 11:18:47.955 DEBUG 7503 --- [    Test worker] org.springframework.test.context.cache   : Spring test ApplicationContext cache statistics: [DefaultContextCache@1f4f0d88 size = 2, maxSize = 32, parentContextCount = 0, hitCount = 28, missCount = 6]
2019-12-06 11:18:47.955 DEBUG 7503 --- [    Test worker] c.DefaultCacheAwareContextLoaderDelegate : Retrieved ApplicationContext from cache with key [[MergedContextConfiguration@35a3778f testClass = PostsRepositoryTest, locations = '{}', classes = '{class kr.gracelove.jojoldu.springboot.Application}', contextInitializerClasses = '[]', activeProfiles = '{}', propertySourceLocations = '{}', propertySourceProperties = '{org.springframework.boot.test.autoconfigure.orm.jpa.DataJpaTestContextBootstrapper=true}', contextCustomizers = set[org.springframework.boot.test.autoconfigure.OverrideAutoConfigurationContextCustomizerFactory$DisableAutoConfigurationContextCustomizer@23ff335c, org.springframework.boot.test.autoconfigure.filter.TypeExcludeFiltersContextCustomizer@351584c0, org.springframework.boot.test.autoconfigure.properties.PropertyMappingContextCustomizer@ccfee13c, org.springframework.boot.test.autoconfigure.web.servlet.WebDriverContextCustomizerFactory$Customizer@18c1dfe6, [ImportsContextCustomizer@4a48b468 key = [org.springframework.boot.autoconfigure.cache.CacheAutoConfiguration, org.springframework.boot.autoconfigure.data.jpa.JpaRepositoriesAutoConfiguration, org.springframework.boot.autoconfigure.flyway.FlywayAutoConfiguration, org.springframework.boot.autoconfigure.jdbc.DataSourceAutoConfiguration, org.springframework.boot.autoconfigure.jdbc.DataSourceTransactionManagerAutoConfiguration, org.springframework.boot.autoconfigure.jdbc.JdbcTemplateAutoConfiguration, org.springframework.boot.autoconfigure.liquibase.LiquibaseAutoConfiguration, org.springframework.boot.autoconfigure.orm.jpa.HibernateJpaAutoConfiguration, org.springframework.boot.autoconfigure.transaction.TransactionAutoConfiguration, org.springframework.boot.test.autoconfigure.jdbc.TestDatabaseAutoConfiguration, org.springframework.boot.test.autoconfigure.orm.jpa.TestEntityManagerAutoConfiguration]], org.springframework.boot.test.context.filter.ExcludeFilterContextCustomizer@4ca9ea9c, org.springframework.boot.test.json.DuplicateJsonObjectContextCustomizerFactory$DuplicateJsonObjectContextCustomizer@939cf91, org.springframework.boot.test.mock.mockito.MockitoContextCustomizer@0], contextLoader = 'org.springframework.boot.test.context.SpringBootContextLoader', parent = [null]]]
2019-12-06 11:18:47.955 DEBUG 7503 --- [    Test worker] org.springframework.test.context.cache   : Spring test ApplicationContext cache statistics: [DefaultContextCache@1f4f0d88 size = 2, maxSize = 32, parentContextCount = 0, hitCount = 29, missCount = 6]
2019-12-06 11:18:47.955 DEBUG 7503 --- [    Test worker] c.DefaultCacheAwareContextLoaderDelegate : Retrieved ApplicationContext from cache with key [[MergedContextConfiguration@35a3778f testClass = PostsRepositoryTest, locations = '{}', classes = '{class kr.gracelove.jojoldu.springboot.Application}', contextInitializerClasses = '[]', activeProfiles = '{}', propertySourceLocations = '{}', propertySourceProperties = '{org.springframework.boot.test.autoconfigure.orm.jpa.DataJpaTestContextBootstrapper=true}', contextCustomizers = set[org.springframework.boot.test.autoconfigure.OverrideAutoConfigurationContextCustomizerFactory$DisableAutoConfigurationContextCustomizer@23ff335c, org.springframework.boot.test.autoconfigure.filter.TypeExcludeFiltersContextCustomizer@351584c0, org.springframework.boot.test.autoconfigure.properties.PropertyMappingContextCustomizer@ccfee13c, org.springframework.boot.test.autoconfigure.web.servlet.WebDriverContextCustomizerFactory$Customizer@18c1dfe6, [ImportsContextCustomizer@4a48b468 key = [org.springframework.boot.autoconfigure.cache.CacheAutoConfiguration, org.springframework.boot.autoconfigure.data.jpa.JpaRepositoriesAutoConfiguration, org.springframework.boot.autoconfigure.flyway.FlywayAutoConfiguration, org.springframework.boot.autoconfigure.jdbc.DataSourceAutoConfiguration, org.springframework.boot.autoconfigure.jdbc.DataSourceTransactionManagerAutoConfiguration, org.springframework.boot.autoconfigure.jdbc.JdbcTemplateAutoConfiguration, org.springframework.boot.autoconfigure.liquibase.LiquibaseAutoConfiguration, org.springframework.boot.autoconfigure.orm.jpa.HibernateJpaAutoConfiguration, org.springframework.boot.autoconfigure.transaction.TransactionAutoConfiguration, org.springframework.boot.test.autoconfigure.jdbc.TestDatabaseAutoConfiguration, org.springframework.boot.test.autoconfigure.orm.jpa.TestEntityManagerAutoConfiguration]], org.springframework.boot.test.context.filter.ExcludeFilterContextCustomizer@4ca9ea9c, org.springframework.boot.test.json.DuplicateJsonObjectContextCustomizerFactory$DuplicateJsonObjectContextCustomizer@939cf91, org.springframework.boot.test.mock.mockito.MockitoContextCustomizer@0], contextLoader = 'org.springframework.boot.test.context.SpringBootContextLoader', parent = [null]]]
2019-12-06 11:18:47.955 DEBUG 7503 --- [    Test worker] org.springframework.test.context.cache   : Spring test ApplicationContext cache statistics: [DefaultContextCache@1f4f0d88 size = 2, maxSize = 32, parentContextCount = 0, hitCount = 30, missCount = 6]
2019-12-06 11:18:47.956 DEBUG 7503 --- [    Test worker] o.s.orm.jpa.JpaTransactionManager        : Initiating transaction rollback
2019-12-06 11:18:47.956 DEBUG 7503 --- [    Test worker] o.s.orm.jpa.JpaTransactionManager        : Rolling back JPA transaction on EntityManager [SessionImpl(1699981314<open>)]
2019-12-06 11:18:47.956 DEBUG 7503 --- [    Test worker] o.h.e.t.internal.TransactionImpl         : rolling back
2019-12-06 11:18:47.956 DEBUG 7503 --- [    Test worker] o.s.orm.jpa.JpaTransactionManager        : Closing JPA EntityManager [SessionImpl(1699981314<open>)] after transaction
2019-12-06 11:18:47.956  INFO 7503 --- [    Test worker] o.s.t.c.transaction.TransactionContext   : Rolled back transaction for test: [DefaultTestContext@74853e86 testClass = PostsRepositoryTest, testInstance = kr.gracelove.jojoldu.springboot.domain.posts.PostsRepositoryTest@51143a9e, testMethod = BaseTimeEntity_등록@PostsRepositoryTest, testException = [null], mergedContextConfiguration = [MergedContextConfiguration@35a3778f testClass = PostsRepositoryTest, locations = '{}', classes = '{class kr.gracelove.jojoldu.springboot.Application}', contextInitializerClasses = '[]', activeProfiles = '{}', propertySourceLocations = '{}', propertySourceProperties = '{org.springframework.boot.test.autoconfigure.orm.jpa.DataJpaTestContextBootstrapper=true}', contextCustomizers = set[org.springframework.boot.test.autoconfigure.OverrideAutoConfigurationContextCustomizerFactory$DisableAutoConfigurationContextCustomizer@23ff335c, org.springframework.boot.test.autoconfigure.filter.TypeExcludeFiltersContextCustomizer@351584c0, org.springframework.boot.test.autoconfigure.properties.PropertyMappingContextCustomizer@ccfee13c, org.springframework.boot.test.autoconfigure.web.servlet.WebDriverContextCustomizerFactory$Customizer@18c1dfe6, [ImportsContextCustomizer@4a48b468 key = [org.springframework.boot.autoconfigure.cache.CacheAutoConfiguration, org.springframework.boot.autoconfigure.data.jpa.JpaRepositoriesAutoConfiguration, org.springframework.boot.autoconfigure.flyway.FlywayAutoConfiguration, org.springframework.boot.autoconfigure.jdbc.DataSourceAutoConfiguration, org.springframework.boot.autoconfigure.jdbc.DataSourceTransactionManagerAutoConfiguration, org.springframework.boot.autoconfigure.jdbc.JdbcTemplateAutoConfiguration, org.springframework.boot.autoconfigure.liquibase.LiquibaseAutoConfiguration, org.springframework.boot.autoconfigure.orm.jpa.HibernateJpaAutoConfiguration, org.springframework.boot.autoconfigure.transaction.TransactionAutoConfiguration, org.springframework.boot.test.autoconfigure.jdbc.TestDatabaseAutoConfiguration, org.springframework.boot.test.autoconfigure.orm.jpa.TestEntityManagerAutoConfiguration]], org.springframework.boot.test.context.filter.ExcludeFilterContextCustomizer@4ca9ea9c, org.springframework.boot.test.json.DuplicateJsonObjectContextCustomizerFactory$DuplicateJsonObjectContextCustomizer@939cf91, org.springframework.boot.test.mock.mockito.MockitoContextCustomizer@0], contextLoader = 'org.springframework.boot.test.context.SpringBootContextLoader', parent = [null]], attributes = map[[empty]]]
2019-12-06 11:18:47.957 DEBUG 7503 --- [    Test worker] tractDirtiesContextTestExecutionListener : After test method: context [DefaultTestContext@74853e86 testClass = PostsRepositoryTest, testInstance = kr.gracelove.jojoldu.springboot.domain.posts.PostsRepositoryTest@51143a9e, testMethod = BaseTimeEntity_등록@PostsRepositoryTest, testException = [null], mergedContextConfiguration = [MergedContextConfiguration@35a3778f testClass = PostsRepositoryTest, locations = '{}', classes = '{class kr.gracelove.jojoldu.springboot.Application}', contextInitializerClasses = '[]', activeProfiles = '{}', propertySourceLocations = '{}', propertySourceProperties = '{org.springframework.boot.test.autoconfigure.orm.jpa.DataJpaTestContextBootstrapper=true}', contextCustomizers = set[org.springframework.boot.test.autoconfigure.OverrideAutoConfigurationContextCustomizerFactory$DisableAutoConfigurationContextCustomizer@23ff335c, org.springframework.boot.test.autoconfigure.filter.TypeExcludeFiltersContextCustomizer@351584c0, org.springframework.boot.test.autoconfigure.properties.PropertyMappingContextCustomizer@ccfee13c, org.springframework.boot.test.autoconfigure.web.servlet.WebDriverContextCustomizerFactory$Customizer@18c1dfe6, [ImportsContextCustomizer@4a48b468 key = [org.springframework.boot.autoconfigure.cache.CacheAutoConfiguration, org.springframework.boot.autoconfigure.data.jpa.JpaRepositoriesAutoConfiguration, org.springframework.boot.autoconfigure.flyway.FlywayAutoConfiguration, org.springframework.boot.autoconfigure.jdbc.DataSourceAutoConfiguration, org.springframework.boot.autoconfigure.jdbc.DataSourceTransactionManagerAutoConfiguration, org.springframework.boot.autoconfigure.jdbc.JdbcTemplateAutoConfiguration, org.springframework.boot.autoconfigure.liquibase.LiquibaseAutoConfiguration, org.springframework.boot.autoconfigure.orm.jpa.HibernateJpaAutoConfiguration, org.springframework.boot.autoconfigure.transaction.TransactionAutoConfiguration, org.springframework.boot.test.autoconfigure.jdbc.TestDatabaseAutoConfiguration, org.springframework.boot.test.autoconfigure.orm.jpa.TestEntityManagerAutoConfiguration]], org.springframework.boot.test.context.filter.ExcludeFilterContextCustomizer@4ca9ea9c, org.springframework.boot.test.json.DuplicateJsonObjectContextCustomizerFactory$DuplicateJsonObjectContextCustomizer@939cf91, org.springframework.boot.test.mock.mockito.MockitoContextCustomizer@0], contextLoader = 'org.springframework.boot.test.context.SpringBootContextLoader', parent = [null]], attributes = map[[empty]]], class annotated with @DirtiesContext [false] with mode [null], method annotated with @DirtiesContext [false] with mode [null].
2019-12-06 11:18:47.957 DEBUG 7503 --- [    Test worker] tractDirtiesContextTestExecutionListener : After test class: context [DefaultTestContext@74853e86 testClass = PostsRepositoryTest, testInstance = [null], testMethod = [null], testException = [null], mergedContextConfiguration = [MergedContextConfiguration@35a3778f testClass = PostsRepositoryTest, locations = '{}', classes = '{class kr.gracelove.jojoldu.springboot.Application}', contextInitializerClasses = '[]', activeProfiles = '{}', propertySourceLocations = '{}', propertySourceProperties = '{org.springframework.boot.test.autoconfigure.orm.jpa.DataJpaTestContextBootstrapper=true}', contextCustomizers = set[org.springframework.boot.test.autoconfigure.OverrideAutoConfigurationContextCustomizerFactory$DisableAutoConfigurationContextCustomizer@23ff335c, org.springframework.boot.test.autoconfigure.filter.TypeExcludeFiltersContextCustomizer@351584c0, org.springframework.boot.test.autoconfigure.properties.PropertyMappingContextCustomizer@ccfee13c, org.springframework.boot.test.autoconfigure.web.servlet.WebDriverContextCustomizerFactory$Customizer@18c1dfe6, [ImportsContextCustomizer@4a48b468 key = [org.springframework.boot.autoconfigure.cache.CacheAutoConfiguration, org.springframework.boot.autoconfigure.data.jpa.JpaRepositoriesAutoConfiguration, org.springframework.boot.autoconfigure.flyway.FlywayAutoConfiguration, org.springframework.boot.autoconfigure.jdbc.DataSourceAutoConfiguration, org.springframework.boot.autoconfigure.jdbc.DataSourceTransactionManagerAutoConfiguration, org.springframework.boot.autoconfigure.jdbc.JdbcTemplateAutoConfiguration, org.springframework.boot.autoconfigure.liquibase.LiquibaseAutoConfiguration, org.springframework.boot.autoconfigure.orm.jpa.HibernateJpaAutoConfiguration, org.springframework.boot.autoconfigure.transaction.TransactionAutoConfiguration, org.springframework.boot.test.autoconfigure.jdbc.TestDatabaseAutoConfiguration, org.springframework.boot.test.autoconfigure.orm.jpa.TestEntityManagerAutoConfiguration]], org.springframework.boot.test.context.filter.ExcludeFilterContextCustomizer@4ca9ea9c, org.springframework.boot.test.json.DuplicateJsonObjectContextCustomizerFactory$DuplicateJsonObjectContextCustomizer@939cf91, org.springframework.boot.test.mock.mockito.MockitoContextCustomizer@0], contextLoader = 'org.springframework.boot.test.context.SpringBootContextLoader', parent = [null]], attributes = map[[empty]]], class annotated with @DirtiesContext [false] with mode [null].
]]></system-out>
  <system-err><![CDATA[]]></system-err>
</testsuite>
